<?xml version="1.0" encoding="UTF-8"?>
<coverage generated="1787092358340" clover="3.2.0">
  <project timestamp="1787092358340" name="All files">
    <metrics statements="2096" coveredstatements="1987" conditionals="1194" coveredconditionals="1060" methods="524" coveredmethods="507" elements="3814" coveredelements="3554" complexity="0" loc="2096" ncloc="2096" packages="56" files="130" classes="130"/>
    <package name="eslint.testApi">
      <metrics statements="9" coveredstatements="9" conditionals="7" coveredconditionals="7" methods="2" coveredmethods="2"/>
      <file name="no-test-only-api.ts" path="/home/david/repos/ad-web-launcher/web-react/eslint/testApi/no-test-only-api.ts">
        <metrics statements="9" coveredstatements="9" conditionals="7" coveredconditionals="7" methods="2" coveredmethods="2"/>
        <line num="4" count="1" type="stmt"/>
        <line num="17" count="3" type="stmt"/>
        <line num="19" count="3" type="stmt"/>
        <line num="21" count="3" type="cond" truecount="2" falsecount="0"/>
        <line num="22" count="1" type="stmt"/>
        <line num="25" count="2" type="stmt"/>
        <line num="27" count="2" type="stmt"/>
        <line num="28" count="2" type="cond" truecount="2" falsecount="0"/>
        <line num="33" count="1" type="stmt"/>
      </file>
    </package>
    <package name="eslint.tokens">
      <metrics statements="40" coveredstatements="37" conditionals="26" coveredconditionals="23" methods="2" coveredmethods="2"/>
      <file name="no-invalid-prefixes-relations.ts" path="/home/david/repos/ad-web-launcher/web-react/eslint/tokens/no-invalid-prefixes-relations.ts">
        <metrics statements="40" coveredstatements="37" conditionals="26" coveredconditionals="23" methods="2" coveredmethods="2"/>
        <line num="13" count="1" type="stmt"/>
        <line num="45" count="9" type="stmt"/>
        <line num="47" count="9" type="cond" truecount="3" falsecount="1"/>
        <line num="48" count="0" type="stmt"/>
        <line num="51" count="9" type="stmt"/>
        <line num="53" count="9" type="stmt"/>
        <line num="54" count="9" type="stmt"/>
        <line num="56" count="9" type="cond" truecount="1" falsecount="1"/>
        <line num="60" count="0" type="stmt"/>
        <line num="63" count="9" type="stmt"/>
        <line num="65" count="9" type="cond" truecount="3" falsecount="1"/>
        <line num="66" count="0" type="stmt"/>
        <line num="69" count="9" type="stmt"/>
        <line num="70" count="9" type="stmt"/>
        <line num="72" count="9" type="stmt"/>
        <line num="73" count="9" type="stmt"/>
        <line num="74" count="9" type="stmt"/>
        <line num="75" count="9" type="stmt"/>
        <line num="76" count="9" type="stmt"/>
        <line num="79" count="9" type="cond" truecount="2" falsecount="0"/>
        <line num="80" count="1" type="stmt"/>
        <line num="87" count="9" type="stmt"/>
        <line num="88" count="8" type="stmt"/>
        <line num="90" count="8" type="cond" truecount="2" falsecount="0"/>
        <line num="91" count="2" type="stmt"/>
        <line num="99" count="9" type="stmt"/>
        <line num="100" count="4" type="stmt"/>
        <line num="102" count="4" type="cond" truecount="2" falsecount="0"/>
        <line num="103" count="1" type="stmt"/>
        <line num="109" count="4" type="cond" truecount="2" falsecount="0"/>
        <line num="110" count="1" type="stmt"/>
        <line num="118" count="9" type="stmt"/>
        <line num="119" count="6" type="stmt"/>
        <line num="121" count="6" type="cond" truecount="2" falsecount="0"/>
        <line num="122" count="1" type="stmt"/>
        <line num="127" count="1" type="stmt"/>
        <line num="129" count="5" type="cond" truecount="2" falsecount="0"/>
        <line num="130" count="1" type="stmt"/>
        <line num="136" count="5" type="cond" truecount="2" falsecount="0"/>
        <line num="137" count="1" type="stmt"/>
      </file>
    </package>
    <package name="eslint.tokens.helpers">
      <metrics statements="25" coveredstatements="25" conditionals="27" coveredconditionals="23" methods="17" coveredmethods="17"/>
      <file name="tokenAst.ts" path="/home/david/repos/ad-web-launcher/web-react/eslint/tokens/helpers/tokenAst.ts">
        <metrics statements="21" coveredstatements="21" conditionals="21" coveredconditionals="17" methods="13" coveredmethods="13"/>
        <line num="8" count="45" type="stmt"/>
        <line num="10" count="72" type="cond" truecount="3" falsecount="0"/>
        <line num="21" count="27" type="stmt"/>
        <line num="24" count="27" type="cond" truecount="4" falsecount="0"/>
        <line num="28" count="27" type="stmt"/>
        <line num="31" count="21" type="cond" truecount="2" falsecount="0"/>
        <line num="34" count="21" type="stmt"/>
        <line num="39" count="27" type="stmt"/>
        <line num="42" count="21" type="stmt"/>
        <line num="51" count="9" type="stmt"/>
        <line num="54" count="9" type="cond" truecount="3" falsecount="1"/>
        <line num="58" count="9" type="stmt"/>
        <line num="60" count="6" type="stmt"/>
        <line num="69" count="9" type="stmt"/>
        <line num="79" count="9" type="stmt"/>
        <line num="86" count="9" type="stmt"/>
        <line num="89" count="9" type="cond" truecount="3" falsecount="1"/>
        <line num="93" count="9" type="stmt"/>
        <line num="95" count="9" type="stmt"/>
        <line num="110" count="7" type="stmt"/>
        <line num="126" count="1" type="stmt"/>
      </file>
      <file name="typeChecks.ts" path="/home/david/repos/ad-web-launcher/web-react/eslint/tokens/helpers/typeChecks.ts">
        <metrics statements="4" coveredstatements="4" conditionals="6" coveredconditionals="6" methods="4" coveredmethods="4"/>
        <line num="22" count="72" type="stmt"/>
        <line num="29" count="6" type="stmt"/>
        <line num="39" count="27" type="stmt"/>
        <line num="49" count="19" type="stmt"/>
      </file>
    </package>
    <package name="plugins.adapters">
      <metrics statements="12" coveredstatements="12" conditionals="10" coveredconditionals="10" methods="4" coveredmethods="4"/>
      <file name="vite.token-watcher-adapter.ts" path="/home/david/repos/ad-web-launcher/web-react/plugins/adapters/vite.token-watcher-adapter.ts">
        <metrics statements="12" coveredstatements="12" conditionals="10" coveredconditionals="10" methods="4" coveredmethods="4"/>
        <line num="6" count="1" type="stmt"/>
        <line num="9" count="12" type="stmt"/>
        <line num="11" count="12" type="stmt"/>
        <line num="21" count="5" type="stmt"/>
        <line num="25" count="5" type="stmt"/>
        <line num="26" count="4" type="cond" truecount="2" falsecount="0"/>
        <line num="27" count="1" type="stmt"/>
        <line num="30" count="3" type="stmt"/>
        <line num="32" count="3" type="cond" truecount="4" falsecount="0"/>
        <line num="33" count="2" type="stmt"/>
        <line num="36" count="1" type="stmt"/>
        <line num="42" count="1" type="stmt"/>
      </file>
    </package>
    <package name="src.api">
      <metrics statements="5" coveredstatements="5" conditionals="3" coveredconditionals="3" methods="2" coveredmethods="2"/>
      <file name="wallpaper.ts" path="/home/david/repos/ad-web-launcher/web-react/src/api/wallpaper.ts">
        <metrics statements="5" coveredstatements="5" conditionals="3" coveredconditionals="3" methods="2" coveredmethods="2"/>
        <line num="10" count="3" type="stmt"/>
        <line num="11" count="3" type="stmt"/>
        <line num="15" count="3" type="cond" truecount="2" falsecount="0"/>
        <line num="17" count="2" type="stmt"/>
        <line num="18" count="2" type="stmt"/>
      </file>
    </package>
    <package name="src.composites.hooks">
      <metrics statements="11" coveredstatements="11" conditionals="18" coveredconditionals="18" methods="2" coveredmethods="2"/>
      <file name="useBehaviorState.hook.ts" path="/home/david/repos/ad-web-launcher/web-react/src/composites/hooks/useBehaviorState.hook.ts">
        <metrics statements="11" coveredstatements="11" conditionals="18" coveredconditionals="18" methods="2" coveredmethods="2"/>
        <line num="11" count="632" type="stmt"/>
        <line num="13" count="135" type="stmt"/>
        <line num="15" count="135" type="cond" truecount="2" falsecount="0"/>
        <line num="16" count="22" type="cond" truecount="2" falsecount="0"/>
        <line num="17" count="113" type="cond" truecount="2" falsecount="0"/>
        <line num="18" count="13" type="stmt"/>
        <line num="21" count="135" type="cond" truecount="2" falsecount="0"/>
        <line num="23" count="135" type="cond" truecount="3" falsecount="0"/>
        <line num="24" count="135" type="cond" truecount="3" falsecount="0"/>
        <line num="26" count="135" type="cond" truecount="2" falsecount="0"/>
        <line num="28" count="135" type="stmt"/>
      </file>
    </package>
    <package name="src.config">
      <metrics statements="2" coveredstatements="2" conditionals="0" coveredconditionals="0" methods="0" coveredmethods="0"/>
      <file name="app.config.ts" path="/home/david/repos/ad-web-launcher/web-react/src/config/app.config.ts">
        <metrics statements="1" coveredstatements="1" conditionals="0" coveredconditionals="0" methods="0" coveredmethods="0"/>
        <line num="20" count="17" type="stmt"/>
      </file>
      <file name="zIndex.config.ts" path="/home/david/repos/ad-web-launcher/web-react/src/config/zIndex.config.ts">
        <metrics statements="1" coveredstatements="1" conditionals="0" coveredconditionals="0" methods="0" coveredmethods="0"/>
        <line num="1" count="1" type="stmt"/>
      </file>
    </package>
    <package name="src.data.generators">
      <metrics statements="13" coveredstatements="13" conditionals="4" coveredconditionals="4" methods="5" coveredmethods="5"/>
      <file name="dataGenerator.ts" path="/home/david/repos/ad-web-launcher/web-react/src/data/generators/dataGenerator.ts">
        <metrics statements="6" coveredstatements="6" conditionals="0" coveredconditionals="0" methods="2" coveredmethods="2"/>
        <line num="5" count="2" type="stmt"/>
        <line num="12" count="37" type="stmt"/>
        <line num="13" count="37" type="stmt"/>
        <line num="15" count="37" type="stmt"/>
        <line num="26" count="4" type="stmt"/>
        <line num="28" count="4" type="stmt"/>
      </file>
      <file name="idGenerator.ts" path="/home/david/repos/ad-web-launcher/web-react/src/data/generators/idGenerator.ts">
        <metrics statements="7" coveredstatements="7" conditionals="4" coveredconditionals="4" methods="3" coveredmethods="3"/>
        <line num="2" count="84" type="stmt"/>
        <line num="10" count="90" type="stmt"/>
        <line num="11" count="187" type="stmt"/>
        <line num="16" count="90" type="cond" truecount="2" falsecount="0"/>
        <line num="17" count="90" type="stmt"/>
        <line num="18" count="90" type="stmt"/>
        <line num="20" count="90" type="cond" truecount="2" falsecount="0"/>
      </file>
    </package>
    <package name="src.interaction.adapter">
      <metrics statements="53" coveredstatements="51" conditionals="28" coveredconditionals="27" methods="11" coveredmethods="11"/>
      <file name="usePointerBridge.hook.ts" path="/home/david/repos/ad-web-launcher/web-react/src/interaction/adapter/usePointerBridge.hook.ts">
        <metrics statements="53" coveredstatements="51" conditionals="28" coveredconditionals="27" methods="11" coveredmethods="11"/>
        <line num="25" count="26" type="stmt"/>
        <line num="26" count="26" type="stmt"/>
        <line num="27" count="26" type="stmt"/>
        <line num="29" count="26" type="stmt"/>
        <line num="30" count="24" type="stmt"/>
        <line num="33" count="26" type="stmt"/>
        <line num="34" count="25" type="stmt"/>
        <line num="35" count="25" type="cond" truecount="4" falsecount="0"/>
        <line num="38" count="7" type="stmt"/>
        <line num="39" count="7" type="cond" truecount="1" falsecount="1"/>
        <line num="40" count="7" type="stmt"/>
        <line num="43" count="0" type="stmt"/>
        <line num="48" count="7" type="cond" truecount="4" falsecount="0"/>
        <line num="49" count="2" type="stmt"/>
        <line num="52" count="5" type="stmt"/>
        <line num="54" count="5" type="stmt"/>
        <line num="55" count="5" type="stmt"/>
        <line num="57" count="5" type="stmt"/>
        <line num="58" count="5" type="stmt"/>
        <line num="62" count="15" type="stmt"/>
        <line num="64" count="15" type="cond" truecount="2" falsecount="0"/>
        <line num="66" count="14" type="stmt"/>
        <line num="67" count="14" type="stmt"/>
        <line num="69" count="0" type="stmt"/>
        <line num="72" count="14" type="stmt"/>
        <line num="73" count="14" type="stmt"/>
        <line num="75" count="14" type="stmt"/>
        <line num="84" count="5" type="cond" truecount="2" falsecount="0"/>
        <line num="85" count="2" type="cond" truecount="2" falsecount="0"/>
        <line num="87" count="1" type="stmt"/>
        <line num="96" count="4" type="cond" truecount="2" falsecount="0"/>
        <line num="97" count="3" type="cond" truecount="2" falsecount="0"/>
        <line num="99" count="2" type="stmt"/>
        <line num="101" count="2" type="stmt"/>
        <line num="108" count="2" type="stmt"/>
        <line num="109" count="2" type="stmt"/>
        <line num="113" count="4" type="cond" truecount="2" falsecount="0"/>
        <line num="114" count="3" type="cond" truecount="2" falsecount="0"/>
        <line num="116" count="2" type="stmt"/>
        <line num="120" count="3" type="cond" truecount="4" falsecount="0"/>
        <line num="121" count="2" type="stmt"/>
        <line num="125" count="22" type="stmt"/>
        <line num="126" count="22" type="stmt"/>
        <line num="127" count="22" type="stmt"/>
        <line num="128" count="22" type="stmt"/>
        <line num="129" count="22" type="stmt"/>
        <line num="131" count="22" type="stmt"/>
        <line num="132" count="5" type="stmt"/>
        <line num="133" count="5" type="stmt"/>
        <line num="134" count="5" type="stmt"/>
        <line num="135" count="5" type="stmt"/>
        <line num="136" count="5" type="stmt"/>
        <line num="138" count="5" type="stmt"/>
      </file>
    </package>
    <package name="src.interaction.assertions">
      <metrics statements="8" coveredstatements="8" conditionals="16" coveredconditionals="16" methods="5" coveredmethods="5"/>
      <file name="assertions.ts" path="/home/david/repos/ad-web-launcher/web-react/src/interaction/assertions/assertions.ts">
        <metrics statements="8" coveredstatements="8" conditionals="16" coveredconditionals="16" methods="5" coveredmethods="5"/>
        <line num="4" count="18" type="stmt"/>
        <line num="6" count="18" type="stmt"/>
        <line num="7" count="18" type="stmt"/>
        <line num="10" count="167" type="cond" truecount="4" falsecount="0"/>
        <line num="13" count="191" type="cond" truecount="4" falsecount="0"/>
        <line num="17" count="49" type="cond" truecount="4" falsecount="0"/>
        <line num="27" count="9" type="cond" truecount="2" falsecount="0"/>
        <line num="30" count="9" type="cond" truecount="2" falsecount="0"/>
      </file>
    </package>
    <package name="src.interaction.input">
      <metrics statements="203" coveredstatements="184" conditionals="141" coveredconditionals="114" methods="38" coveredmethods="36"/>
      <file name="buildDesc.ts" path="/home/david/repos/ad-web-launcher/web-react/src/interaction/input/buildDesc.ts">
        <metrics statements="63" coveredstatements="56" conditionals="49" coveredconditionals="39" methods="14" coveredmethods="14"/>
        <line num="21" count="5" type="stmt"/>
        <line num="22" count="5" type="stmt"/>
        <line num="23" count="5" type="cond" truecount="5" falsecount="1"/>
        <line num="25" count="1" type="stmt"/>
        <line num="26" count="1" type="cond" truecount="1" falsecount="1"/>
        <line num="27" count="0" type="stmt"/>
        <line num="30" count="1" type="stmt"/>
        <line num="31" count="1" type="cond" truecount="1" falsecount="1"/>
        <line num="32" count="0" type="stmt"/>
        <line num="35" count="1" type="stmt"/>
        <line num="36" count="1" type="cond" truecount="1" falsecount="1"/>
        <line num="37" count="0" type="stmt"/>
        <line num="40" count="1" type="stmt"/>
        <line num="41" count="1" type="cond" truecount="1" falsecount="1"/>
        <line num="42" count="0" type="stmt"/>
        <line num="45" count="1" type="stmt"/>
        <line num="47" count="0" type="stmt"/>
        <line num="54" count="4" type="cond" truecount="4" falsecount="0"/>
        <line num="55" count="3" type="stmt"/>
        <line num="56" count="3" type="stmt"/>
        <line num="64" count="4" type="cond" truecount="4" falsecount="0"/>
        <line num="65" count="3" type="stmt"/>
        <line num="66" count="3" type="stmt"/>
        <line num="74" count="4" type="cond" truecount="4" falsecount="0"/>
        <line num="75" count="2" type="stmt"/>
        <line num="76" count="2" type="stmt"/>
        <line num="84" count="4" type="cond" truecount="4" falsecount="0"/>
        <line num="85" count="3" type="stmt"/>
        <line num="86" count="3" type="cond" truecount="1" falsecount="1"/>
        <line num="92" count="0" type="stmt"/>
        <line num="96" count="1" type="stmt"/>
        <line num="107" count="12" type="stmt"/>
        <line num="116" count="11" type="stmt"/>
        <line num="117" count="11" type="stmt"/>
        <line num="118" count="11" type="stmt"/>
        <line num="125" count="15" type="stmt"/>
        <line num="126" count="15" type="stmt"/>
        <line num="127" count="15" type="stmt"/>
        <line num="128" count="15" type="cond" truecount="4" falsecount="1"/>
        <line num="130" count="4" type="stmt"/>
        <line num="131" count="4" type="stmt"/>
        <line num="134" count="4" type="stmt"/>
        <line num="135" count="4" type="stmt"/>
        <line num="139" count="3" type="stmt"/>
        <line num="140" count="3" type="stmt"/>
        <line num="144" count="4" type="stmt"/>
        <line num="145" count="4" type="stmt"/>
        <line num="147" count="0" type="stmt"/>
        <line num="156" count="4" type="stmt"/>
        <line num="157" count="4" type="stmt"/>
        <line num="158" count="4" type="cond" truecount="1" falsecount="1"/>
        <line num="161" count="4" type="stmt"/>
        <line num="162" count="4" type="stmt"/>
        <line num="165" count="3" type="stmt"/>
        <line num="166" count="3" type="cond" truecount="3" falsecount="1"/>
        <line num="167" count="3" type="stmt"/>
        <line num="170" count="4" type="stmt"/>
        <line num="171" count="4" type="cond" truecount="1" falsecount="1"/>
        <line num="172" count="4" type="stmt"/>
        <line num="178" count="28" type="stmt"/>
        <line num="181" count="28" type="cond" truecount="2" falsecount="0"/>
        <line num="184" count="28" type="stmt"/>
        <line num="191" count="11" type="stmt"/>
      </file>
      <file name="domMeta.ts" path="/home/david/repos/ad-web-launcher/web-react/src/interaction/input/domMeta.ts">
        <metrics statements="18" coveredstatements="18" conditionals="17" coveredconditionals="15" methods="2" coveredmethods="2"/>
        <line num="9" count="162" type="stmt"/>
        <line num="10" count="162" type="cond" truecount="2" falsecount="0"/>
        <line num="12" count="162" type="stmt"/>
        <line num="13" count="162" type="stmt"/>
        <line num="15" count="162" type="cond" truecount="2" falsecount="0"/>
        <line num="16" count="43" type="cond" truecount="3" falsecount="1"/>
        <line num="18" count="43" type="stmt"/>
        <line num="20" count="43" type="cond" truecount="2" falsecount="0"/>
        <line num="21" count="162" type="cond" truecount="3" falsecount="0"/>
        <line num="22" count="162" type="stmt"/>
        <line num="24" count="162" type="stmt"/>
        <line num="25" count="162" type="stmt"/>
        <line num="26" count="162" type="stmt"/>
        <line num="27" count="162" type="stmt"/>
        <line num="28" count="162" type="stmt"/>
        <line num="32" count="172" type="cond" truecount="2" falsecount="0"/>
        <line num="34" count="38" type="stmt"/>
        <line num="35" count="38" type="cond" truecount="1" falsecount="1"/>
      </file>
      <file name="domQuery.ts" path="/home/david/repos/ad-web-launcher/web-react/src/interaction/input/domQuery.ts">
        <metrics statements="27" coveredstatements="27" conditionals="20" coveredconditionals="16" methods="3" coveredmethods="3"/>
        <line num="8" count="11" type="stmt"/>
        <line num="16" count="12" type="stmt"/>
        <line num="17" count="12" type="stmt"/>
        <line num="18" count="42" type="cond" truecount="1" falsecount="1"/>
        <line num="20" count="42" type="stmt"/>
        <line num="21" count="42" type="cond" truecount="2" falsecount="0"/>
        <line num="23" count="6" type="stmt"/>
        <line num="24" count="6" type="cond" truecount="1" falsecount="1"/>
        <line num="26" count="6" type="stmt"/>
        <line num="32" count="10" type="stmt"/>
        <line num="33" count="10" type="stmt"/>
        <line num="34" count="90" type="cond" truecount="1" falsecount="1"/>
        <line num="36" count="90" type="stmt"/>
        <line num="37" count="90" type="cond" truecount="2" falsecount="0"/>
        <line num="39" count="7" type="cond" truecount="4" falsecount="0"/>
        <line num="41" count="4" type="stmt"/>
        <line num="43" count="4" type="cond" truecount="3" falsecount="1"/>
        <line num="45" count="6" type="stmt"/>
        <line num="54" count="4" type="stmt"/>
        <line num="56" count="4" type="cond" truecount="2" falsecount="0"/>
        <line num="57" count="1" type="stmt"/>
        <line num="60" count="3" type="stmt"/>
        <line num="61" count="3" type="stmt"/>
        <line num="62" count="3" type="stmt"/>
        <line num="63" count="3" type="stmt"/>
        <line num="64" count="3" type="stmt"/>
        <line num="65" count="3" type="stmt"/>
      </file>
      <file name="gesture.utils.ts" path="/home/david/repos/ad-web-launcher/web-react/src/interaction/input/gesture.utils.ts">
        <metrics statements="16" coveredstatements="16" conditionals="14" coveredconditionals="13" methods="5" coveredmethods="5"/>
        <line num="7" count="11" type="stmt"/>
        <line num="10" count="3" type="stmt"/>
        <line num="21" count="43" type="stmt"/>
        <line num="28" count="8" type="cond" truecount="2" falsecount="0"/>
        <line num="30" count="7" type="cond" truecount="1" falsecount="1"/>
        <line num="31" count="8" type="stmt"/>
        <line num="32" count="8" type="stmt"/>
        <line num="37" count="8" type="stmt"/>
        <line num="45" count="14" type="cond" truecount="2" falsecount="0"/>
        <line num="46" count="13" type="stmt"/>
        <line num="47" count="13" type="cond" truecount="2" falsecount="0"/>
        <line num="48" count="11" type="cond" truecount="2" falsecount="0"/>
        <line num="49" count="9" type="cond" truecount="2" falsecount="0"/>
        <line num="50" count="6" type="stmt"/>
        <line num="55" count="12" type="stmt"/>
        <line num="61" count="11" type="stmt"/>
      </file>
      <file name="interpreter.ts" path="/home/david/repos/ad-web-launcher/web-react/src/interaction/input/interpreter.ts">
        <metrics statements="79" coveredstatements="67" conditionals="41" coveredconditionals="31" methods="14" coveredmethods="12"/>
        <line num="8" count="12" type="stmt"/>
        <line num="11" count="20" type="stmt"/>
        <line num="12" count="12" type="stmt"/>
        <line num="16" count="4" type="stmt"/>
        <line num="23" count="11" type="stmt"/>
        <line num="29" count="11" type="stmt"/>
        <line num="38" count="7" type="stmt"/>
        <line num="39" count="7" type="cond" truecount="2" falsecount="0"/>
        <line num="40" count="2" type="stmt"/>
        <line num="45" count="0" type="stmt"/>
        <line num="46" count="0" type="stmt"/>
        <line num="53" count="14" type="cond" truecount="1" falsecount="1"/>
        <line num="54" count="0" type="stmt"/>
        <line num="55" count="0" type="cond" truecount="0" falsecount="2"/>
        <line num="56" count="0" type="stmt"/>
        <line num="57" count="0" type="stmt"/>
        <line num="60" count="14" type="stmt"/>
        <line num="61" count="14" type="cond" truecount="2" falsecount="0"/>
        <line num="62" count="13" type="stmt"/>
        <line num="77" count="13" type="stmt"/>
        <line num="78" count="13" type="cond" truecount="2" falsecount="0"/>
        <line num="79" count="12" type="stmt"/>
        <line num="89" count="1" type="stmt"/>
        <line num="93" count="15" type="stmt"/>
        <line num="94" count="15" type="cond" truecount="2" falsecount="0"/>
        <line num="95" count="14" type="stmt"/>
        <line num="96" count="14" type="cond" truecount="2" falsecount="1"/>
        <line num="98" count="10" type="stmt"/>
        <line num="99" count="10" type="cond" truecount="2" falsecount="0"/>
        <line num="100" count="9" type="stmt"/>
        <line num="103" count="4" type="stmt"/>
        <line num="105" count="0" type="stmt"/>
        <line num="110" count="10" type="stmt"/>
        <line num="111" count="10" type="stmt"/>
        <line num="112" count="10" type="stmt"/>
        <line num="113" count="10" type="stmt"/>
        <line num="114" count="10" type="cond" truecount="2" falsecount="0"/>
        <line num="115" count="9" type="cond" truecount="2" falsecount="0"/>
        <line num="116" count="10" type="stmt"/>
        <line num="117" count="10" type="stmt"/>
        <line num="121" count="9" type="stmt"/>
        <line num="122" count="9" type="cond" truecount="2" falsecount="0"/>
        <line num="123" count="6" type="stmt"/>
        <line num="124" count="6" type="stmt"/>
        <line num="125" count="6" type="stmt"/>
        <line num="136" count="3" type="stmt"/>
        <line num="137" count="3" type="cond" truecount="1" falsecount="1"/>
        <line num="139" count="3" type="stmt"/>
        <line num="141" count="3" type="stmt"/>
        <line num="156" count="3" type="cond" truecount="2" falsecount="0"/>
        <line num="160" count="9" type="stmt"/>
        <line num="177" count="4" type="stmt"/>
        <line num="178" count="4" type="cond" truecount="1" falsecount="1"/>
        <line num="180" count="4" type="cond" truecount="1" falsecount="1"/>
        <line num="181" count="4" type="stmt"/>
        <line num="182" count="4" type="stmt"/>
        <line num="183" count="4" type="stmt"/>
        <line num="185" count="4" type="stmt"/>
        <line num="186" count="4" type="stmt"/>
        <line num="188" count="4" type="stmt"/>
        <line num="189" count="4" type="stmt"/>
        <line num="191" count="4" type="stmt"/>
        <line num="203" count="6" type="stmt"/>
        <line num="204" count="6" type="cond" truecount="2" falsecount="0"/>
        <line num="206" count="5" type="cond" truecount="2" falsecount="0"/>
        <line num="207" count="2" type="cond" truecount="1" falsecount="1"/>
        <line num="209" count="0" type="stmt"/>
        <line num="213" count="3" type="stmt"/>
        <line num="214" count="3" type="cond" truecount="1" falsecount="1"/>
        <line num="215" count="0" type="stmt"/>
        <line num="216" count="0" type="stmt"/>
        <line num="218" count="3" type="stmt"/>
        <line num="219" count="3" type="stmt"/>
        <line num="232" count="2" type="stmt"/>
        <line num="233" count="2" type="cond" truecount="1" falsecount="1"/>
        <line num="234" count="0" type="stmt"/>
        <line num="235" count="0" type="stmt"/>
        <line num="237" count="2" type="stmt"/>
        <line num="238" count="2" type="stmt"/>
      </file>
    </package>
    <package name="src.interaction.runtime">
      <metrics statements="106" coveredstatements="102" conditionals="80" coveredconditionals="76" methods="7" coveredmethods="6"/>
      <file name="pipeline.ts" path="/home/david/repos/ad-web-launcher/web-react/src/interaction/runtime/pipeline.ts">
        <metrics statements="45" coveredstatements="43" conditionals="34" coveredconditionals="32" methods="3" coveredmethods="2"/>
        <line num="18" count="6" type="stmt"/>
        <line num="24" count="6" type="stmt"/>
        <line num="33" count="0" type="stmt"/>
        <line num="34" count="0" type="stmt"/>
        <line num="38" count="18" type="cond" truecount="2" falsecount="0"/>
        <line num="39" count="7" type="stmt"/>
        <line num="40" count="11" type="cond" truecount="2" falsecount="0"/>
        <line num="41" count="7" type="stmt"/>
        <line num="44" count="18" type="cond" truecount="3" falsecount="1"/>
        <line num="53" count="24" type="stmt"/>
        <line num="54" count="24" type="stmt"/>
        <line num="56" count="24" type="cond" truecount="2" falsecount="0"/>
        <line num="57" count="1" type="stmt"/>
        <line num="60" count="23" type="stmt"/>
        <line num="61" count="23" type="cond" truecount="2" falsecount="0"/>
        <line num="66" count="19" type="stmt"/>
        <line num="67" count="19" type="stmt"/>
        <line num="70" count="19" type="cond" truecount="6" falsecount="0"/>
        <line num="72" count="4" type="stmt"/>
        <line num="73" count="4" type="cond" truecount="2" falsecount="0"/>
        <line num="74" count="3" type="cond" truecount="2" falsecount="0"/>
        <line num="75" count="3" type="stmt"/>
        <line num="77" count="4" type="stmt"/>
        <line num="80" count="5" type="stmt"/>
        <line num="81" count="5" type="cond" truecount="2" falsecount="0"/>
        <line num="82" count="4" type="cond" truecount="2" falsecount="0"/>
        <line num="83" count="4" type="stmt"/>
        <line num="85" count="5" type="stmt"/>
        <line num="88" count="3" type="stmt"/>
        <line num="89" count="3" type="cond" truecount="2" falsecount="0"/>
        <line num="90" count="2" type="stmt"/>
        <line num="92" count="3" type="stmt"/>
        <line num="95" count="5" type="stmt"/>
        <line num="96" count="5" type="cond" truecount="2" falsecount="0"/>
        <line num="97" count="3" type="cond" truecount="2" falsecount="0"/>
        <line num="98" count="2" type="stmt"/>
        <line num="100" count="3" type="cond" truecount="1" falsecount="1"/>
        <line num="103" count="3" type="stmt"/>
        <line num="105" count="5" type="stmt"/>
        <line num="108" count="1" type="stmt"/>
        <line num="111" count="1" type="stmt"/>
        <line num="112" count="1" type="stmt"/>
        <line num="118" count="18" type="stmt"/>
        <line num="123" count="18" type="stmt"/>
        <line num="126" count="6" type="stmt"/>
      </file>
      <file name="solverRouter.ts" path="/home/david/repos/ad-web-launcher/web-react/src/interaction/runtime/solverRouter.ts">
        <metrics statements="61" coveredstatements="59" conditionals="46" coveredconditionals="44" methods="4" coveredmethods="4"/>
        <line num="11" count="7" type="stmt"/>
        <line num="13" count="12" type="stmt"/>
        <line num="14" count="12" type="cond" truecount="6" falsecount="0"/>
        <line num="15" count="1" type="stmt"/>
        <line num="16" count="2" type="stmt"/>
        <line num="18" count="2" type="stmt"/>
        <line num="21" count="3" type="stmt"/>
        <line num="22" count="3" type="cond" truecount="2" falsecount="0"/>
        <line num="23" count="2" type="stmt"/>
        <line num="26" count="3" type="stmt"/>
        <line num="27" count="3" type="cond" truecount="2" falsecount="0"/>
        <line num="28" count="1" type="stmt"/>
        <line num="30" count="2" type="stmt"/>
        <line num="35" count="1" type="stmt"/>
        <line num="40" count="15" type="stmt"/>
        <line num="41" count="15" type="cond" truecount="6" falsecount="0"/>
        <line num="42" count="2" type="stmt"/>
        <line num="44" count="1" type="stmt"/>
        <line num="52" count="4" type="stmt"/>
        <line num="53" count="4" type="stmt"/>
        <line num="64" count="4" type="stmt"/>
        <line num="65" count="4" type="stmt"/>
        <line num="66" count="4" type="cond" truecount="2" falsecount="0"/>
        <line num="67" count="2" type="stmt"/>
        <line num="70" count="3" type="stmt"/>
        <line num="71" count="3" type="stmt"/>
        <line num="72" count="3" type="cond" truecount="2" falsecount="0"/>
        <line num="73" count="1" type="stmt"/>
        <line num="75" count="1" type="stmt"/>
        <line num="80" count="9" type="stmt"/>
        <line num="81" count="9" type="cond" truecount="6" falsecount="0"/>
        <line num="82" count="1" type="stmt"/>
        <line num="83" count="2" type="stmt"/>
        <line num="85" count="2" type="stmt"/>
        <line num="93" count="1" type="stmt"/>
        <line num="101" count="2" type="stmt"/>
        <line num="108" count="1" type="stmt"/>
        <line num="113" count="15" type="stmt"/>
        <line num="114" count="15" type="cond" truecount="6" falsecount="0"/>
        <line num="115" count="2" type="stmt"/>
        <line num="116" count="2" type="stmt"/>
        <line num="118" count="3" type="stmt"/>
        <line num="119" count="3" type="stmt"/>
        <line num="121" count="3" type="cond" truecount="1" falsecount="1"/>
        <line num="122" count="0" type="stmt"/>
        <line num="127" count="3" type="stmt"/>
        <line num="133" count="3" type="stmt"/>
        <line num="134" count="3" type="stmt"/>
        <line num="135" count="3" type="cond" truecount="2" falsecount="0"/>
        <line num="136" count="1" type="stmt"/>
        <line num="137" count="1" type="stmt"/>
        <line num="141" count="4" type="stmt"/>
        <line num="142" count="4" type="stmt"/>
        <line num="143" count="4" type="cond" truecount="3" falsecount="1"/>
        <line num="144" count="0" type="stmt"/>
        <line num="146" count="3" type="cond" truecount="4" falsecount="0"/>
        <line num="147" count="1" type="stmt"/>
        <line num="149" count="2" type="cond" truecount="2" falsecount="0"/>
        <line num="150" count="1" type="stmt"/>
        <line num="155" count="1" type="stmt"/>
        <line num="157" count="1" type="stmt"/>
      </file>
    </package>
    <package name="src.interaction.solvers.carouselSolver">
      <metrics statements="31" coveredstatements="31" conditionals="38" coveredconditionals="35" methods="5" coveredmethods="5"/>
      <file name="carousel.solver.ts" path="/home/david/repos/ad-web-launcher/web-react/src/interaction/solvers/carouselSolver/carousel.solver.ts">
        <metrics statements="13" coveredstatements="13" conditionals="14" coveredconditionals="13" methods="2" coveredmethods="2"/>
        <line num="11" count="7" type="stmt"/>
        <line num="21" count="7" type="stmt"/>
        <line num="22" count="7" type="stmt"/>
        <line num="24" count="7" type="cond" truecount="2" falsecount="0"/>
        <line num="28" count="7" type="cond" truecount="4" falsecount="0"/>
        <line num="29" count="4" type="stmt"/>
        <line num="39" count="5" type="stmt"/>
        <line num="40" count="5" type="stmt"/>
        <line num="42" count="5" type="cond" truecount="1" falsecount="1"/>
        <line num="46" count="5" type="cond" truecount="4" falsecount="0"/>
        <line num="48" count="2" type="stmt"/>
        <line num="49" count="2" type="cond" truecount="2" falsecount="0"/>
        <line num="56" count="1" type="stmt"/>
      </file>
      <file name="carousel.utils.ts" path="/home/david/repos/ad-web-launcher/web-react/src/interaction/solvers/carouselSolver/carousel.utils.ts">
        <metrics statements="18" coveredstatements="18" conditionals="24" coveredconditionals="22" methods="3" coveredmethods="3"/>
        <line num="7" count="8" type="stmt"/>
        <line num="10" count="14" type="stmt"/>
        <line num="11" count="14" type="stmt"/>
        <line num="12" count="14" type="stmt"/>
        <line num="13" count="14" type="stmt"/>
        <line num="23" count="21" type="cond" truecount="1" falsecount="1"/>
        <line num="24" count="21" type="cond" truecount="4" falsecount="0"/>
        <line num="25" count="19" type="cond" truecount="5" falsecount="0"/>
        <line num="26" count="15" type="cond" truecount="5" falsecount="0"/>
        <line num="27" count="11" type="stmt"/>
        <line num="31" count="9" type="stmt"/>
        <line num="32" count="9" type="cond" truecount="4" falsecount="0"/>
        <line num="34" count="7" type="cond" truecount="2" falsecount="0"/>
        <line num="35" count="5" type="stmt"/>
        <line num="36" count="5" type="cond" truecount="1" falsecount="1"/>
        <line num="37" count="5" type="stmt"/>
        <line num="38" count="5" type="stmt"/>
        <line num="41" count="2" type="stmt"/>
      </file>
    </package>
    <package name="src.interaction.solvers.dragSolver">
      <metrics statements="27" coveredstatements="27" conditionals="10" coveredconditionals="10" methods="9" coveredmethods="9"/>
      <file name="drag.solver.ts" path="/home/david/repos/ad-web-launcher/web-react/src/interaction/solvers/dragSolver/drag.solver.ts">
        <metrics statements="8" coveredstatements="8" conditionals="2" coveredconditionals="2" methods="3" coveredmethods="3"/>
        <line num="16" count="7" type="stmt"/>
        <line num="22" count="2" type="stmt"/>
        <line num="32" count="1" type="stmt"/>
        <line num="33" count="1" type="stmt"/>
        <line num="43" count="2" type="stmt"/>
        <line num="44" count="2" type="stmt"/>
        <line num="45" count="2" type="cond" truecount="2" falsecount="0"/>
        <line num="46" count="2" type="stmt"/>
      </file>
      <file name="drag.utils.ts" path="/home/david/repos/ad-web-launcher/web-react/src/interaction/solvers/dragSolver/drag.utils.ts">
        <metrics statements="19" coveredstatements="19" conditionals="8" coveredconditionals="8" methods="6" coveredmethods="6"/>
        <line num="6" count="8" type="stmt"/>
        <line num="9" count="4" type="stmt"/>
        <line num="10" count="4" type="stmt"/>
        <line num="12" count="4" type="stmt"/>
        <line num="13" count="4" type="stmt"/>
        <line num="14" count="4" type="stmt"/>
        <line num="15" count="4" type="stmt"/>
        <line num="19" count="4" type="stmt"/>
        <line num="23" count="6" type="cond" truecount="2" falsecount="0"/>
        <line num="24" count="4" type="stmt"/>
        <line num="26" count="4" type="stmt"/>
        <line num="27" count="4" type="stmt"/>
        <line num="30" count="4" type="stmt"/>
        <line num="31" count="8" type="cond" truecount="4" falsecount="0"/>
        <line num="32" count="6" type="stmt"/>
        <line num="33" count="216" type="stmt"/>
        <line num="35" count="6" type="stmt"/>
        <line num="36" count="210" type="cond" truecount="2" falsecount="0"/>
        <line num="41" count="4" type="stmt"/>
      </file>
    </package>
    <package name="src.interaction.solvers.scrollSolver">
      <metrics statements="53" coveredstatements="52" conditionals="26" coveredconditionals="22" methods="12" coveredmethods="12"/>
      <file name="overflow.utils.ts" path="/home/david/repos/ad-web-launcher/web-react/src/interaction/solvers/scrollSolver/overflow.utils.ts">
        <metrics statements="18" coveredstatements="17" conditionals="14" coveredconditionals="10" methods="5" coveredmethods="5"/>
        <line num="8" count="7" type="stmt"/>
        <line num="12" count="6" type="cond" truecount="2" falsecount="0"/>
        <line num="14" count="5" type="cond" truecount="2" falsecount="0"/>
        <line num="17" count="4" type="cond" truecount="1" falsecount="1"/>
        <line num="18" count="4" type="stmt"/>
        <line num="19" count="4" type="stmt"/>
        <line num="22" count="0" type="stmt"/>
        <line num="26" count="2" type="cond" truecount="2" falsecount="0"/>
        <line num="27" count="2" type="stmt"/>
        <line num="37" count="2" type="stmt"/>
        <line num="38" count="2" type="stmt"/>
        <line num="39" count="2" type="stmt"/>
        <line num="43" count="2" type="stmt"/>
        <line num="44" count="2" type="stmt"/>
        <line num="46" count="2" type="cond" truecount="2" falsecount="2"/>
        <line num="50" count="2" type="stmt"/>
        <line num="54" count="1" type="stmt"/>
        <line num="55" count="1" type="cond" truecount="1" falsecount="1"/>
      </file>
      <file name="scroll.solver.ts" path="/home/david/repos/ad-web-launcher/web-react/src/interaction/solvers/scrollSolver/scroll.solver.ts">
        <metrics statements="25" coveredstatements="25" conditionals="12" coveredconditionals="12" methods="3" coveredmethods="3"/>
        <line num="12" count="7" type="stmt"/>
        <line num="15" count="6" type="stmt"/>
        <line num="16" count="6" type="stmt"/>
        <line num="18" count="6" type="cond" truecount="2" falsecount="0"/>
        <line num="19" count="2" type="stmt"/>
        <line num="20" count="2" type="stmt"/>
        <line num="26" count="4" type="stmt"/>
        <line num="27" count="4" type="stmt"/>
        <line num="38" count="3" type="stmt"/>
        <line num="40" count="3" type="cond" truecount="2" falsecount="0"/>
        <line num="41" count="2" type="stmt"/>
        <line num="42" count="2" type="stmt"/>
        <line num="50" count="1" type="stmt"/>
        <line num="51" count="1" type="stmt"/>
        <line num="61" count="5" type="stmt"/>
        <line num="62" count="5" type="stmt"/>
        <line num="63" count="5" type="cond" truecount="2" falsecount="0"/>
        <line num="64" count="1" type="stmt"/>
        <line num="65" count="1" type="stmt"/>
        <line num="75" count="4" type="cond" truecount="2" falsecount="0"/>
        <line num="77" count="3" type="stmt"/>
        <line num="80" count="3" type="cond" truecount="2" falsecount="0"/>
        <line num="84" count="5" type="cond" truecount="2" falsecount="0"/>
        <line num="85" count="2" type="stmt"/>
        <line num="95" count="1" type="stmt"/>
      </file>
      <file name="scroll.utils.ts" path="/home/david/repos/ad-web-launcher/web-react/src/interaction/solvers/scrollSolver/scroll.utils.ts">
        <metrics statements="10" coveredstatements="10" conditionals="0" coveredconditionals="0" methods="4" coveredmethods="4"/>
        <line num="10" count="7" type="stmt"/>
        <line num="13" count="14" type="stmt"/>
        <line num="14" count="14" type="stmt"/>
        <line num="18" count="4" type="stmt"/>
        <line num="19" count="4" type="stmt"/>
        <line num="20" count="4" type="stmt"/>
        <line num="32" count="2" type="stmt"/>
        <line num="33" count="2" type="stmt"/>
        <line num="34" count="2" type="stmt"/>
        <line num="39" count="1" type="stmt"/>
      </file>
    </package>
    <package name="src.interaction.solvers.sliderSolver">
      <metrics statements="33" coveredstatements="33" conditionals="6" coveredconditionals="5" methods="7" coveredmethods="7"/>
      <file name="slider.solver.ts" path="/home/david/repos/ad-web-launcher/web-react/src/interaction/solvers/sliderSolver/slider.solver.ts">
        <metrics statements="17" coveredstatements="17" conditionals="4" coveredconditionals="4" methods="4" coveredmethods="4"/>
        <line num="16" count="7" type="stmt"/>
        <line num="19" count="1" type="stmt"/>
        <line num="20" count="1" type="stmt"/>
        <line num="21" count="1" type="stmt"/>
        <line num="29" count="4" type="stmt"/>
        <line num="30" count="4" type="stmt"/>
        <line num="31" count="4" type="stmt"/>
        <line num="46" count="3" type="stmt"/>
        <line num="47" count="3" type="stmt"/>
        <line num="48" count="3" type="cond" truecount="2" falsecount="0"/>
        <line num="50" count="2" type="stmt"/>
        <line num="51" count="2" type="stmt"/>
        <line num="62" count="2" type="stmt"/>
        <line num="63" count="2" type="stmt"/>
        <line num="64" count="2" type="cond" truecount="2" falsecount="0"/>
        <line num="67" count="1" type="stmt"/>
        <line num="68" count="1" type="stmt"/>
      </file>
      <file name="slider.utils.ts" path="/home/david/repos/ad-web-launcher/web-react/src/interaction/solvers/sliderSolver/slider.utils.ts">
        <metrics statements="16" coveredstatements="16" conditionals="2" coveredconditionals="1" methods="3" coveredmethods="3"/>
        <line num="8" count="8" type="stmt"/>
        <line num="11" count="18" type="stmt"/>
        <line num="12" count="18" type="stmt"/>
        <line num="13" count="18" type="stmt"/>
        <line num="14" count="18" type="stmt"/>
        <line num="26" count="9" type="stmt"/>
        <line num="27" count="9" type="cond" truecount="1" falsecount="1"/>
        <line num="28" count="9" type="stmt"/>
        <line num="29" count="9" type="stmt"/>
        <line num="30" count="9" type="stmt"/>
        <line num="31" count="9" type="stmt"/>
        <line num="37" count="8" type="stmt"/>
        <line num="38" count="8" type="stmt"/>
        <line num="40" count="8" type="stmt"/>
        <line num="42" count="8" type="stmt"/>
        <line num="43" count="8" type="stmt"/>
      </file>
    </package>
    <package name="src.interaction.solvers.utils">
      <metrics statements="32" coveredstatements="32" conditionals="37" coveredconditionals="37" methods="11" coveredmethods="11"/>
      <file name="axis.utils.ts" path="/home/david/repos/ad-web-launcher/web-react/src/interaction/solvers/utils/axis.utils.ts">
        <metrics statements="10" coveredstatements="10" conditionals="18" coveredconditionals="18" methods="3" coveredmethods="3"/>
        <line num="9" count="49" type="stmt"/>
        <line num="10" count="49" type="stmt"/>
        <line num="11" count="49" type="stmt"/>
        <line num="20" count="25" type="cond" truecount="4" falsecount="0"/>
        <line num="21" count="25" type="cond" truecount="2" falsecount="0"/>
        <line num="22" count="25" type="cond" truecount="2" falsecount="0"/>
        <line num="26" count="11" type="cond" truecount="2" falsecount="0"/>
        <line num="28" count="10" type="cond" truecount="4" falsecount="0"/>
        <line num="29" count="5" type="cond" truecount="4" falsecount="0"/>
        <line num="30" count="1" type="stmt"/>
      </file>
      <file name="vector.utils.ts" path="/home/david/repos/ad-web-launcher/web-react/src/interaction/solvers/utils/vector.utils.ts">
        <metrics statements="22" coveredstatements="22" conditionals="19" coveredconditionals="19" methods="8" coveredmethods="8"/>
        <line num="4" count="15" type="stmt"/>
        <line num="6" count="62" type="cond" truecount="4" falsecount="0"/>
        <line num="7" count="60" type="stmt"/>
        <line num="11" count="13" type="stmt"/>
        <line num="12" count="13" type="stmt"/>
        <line num="13" count="13" type="stmt"/>
        <line num="15" count="13" type="stmt"/>
        <line num="21" count="6" type="stmt"/>
        <line num="23" count="6" type="stmt"/>
        <line num="30" count="164" type="cond" truecount="3" falsecount="0"/>
        <line num="31" count="139" type="stmt"/>
        <line num="32" count="23" type="stmt"/>
        <line num="34" count="2" type="stmt"/>
        <line num="39" count="17" type="cond" truecount="2" falsecount="0"/>
        <line num="46" count="6" type="cond" truecount="2" falsecount="0"/>
        <line num="49" count="6" type="stmt"/>
        <line num="53" count="12" type="stmt"/>
        <line num="60" count="12" type="stmt"/>
        <line num="64" count="16" type="cond" truecount="2" falsecount="0"/>
        <line num="65" count="15" type="cond" truecount="2" falsecount="0"/>
        <line num="66" count="16" type="stmt"/>
        <line num="67" count="16" type="stmt"/>
      </file>
    </package>
    <package name="src.interaction.updater">
      <metrics statements="23" coveredstatements="23" conditionals="11" coveredconditionals="10" methods="11" coveredmethods="11"/>
      <file name="domUpdater.ts" path="/home/david/repos/ad-web-launcher/web-react/src/interaction/updater/domUpdater.ts">
        <metrics statements="23" coveredstatements="23" conditionals="11" coveredconditionals="10" methods="11" coveredmethods="11"/>
        <line num="10" count="36" type="cond" truecount="3" falsecount="0"/>
        <line num="14" count="36" type="stmt"/>
        <line num="16" count="36" type="cond" truecount="1" falsecount="1"/>
        <line num="17" count="36" type="stmt"/>
        <line num="23" count="40" type="stmt"/>
        <line num="45" count="7" type="stmt"/>
        <line num="47" count="4" type="stmt"/>
        <line num="50" count="6" type="stmt"/>
        <line num="53" count="10" type="stmt"/>
        <line num="56" count="11" type="stmt"/>
        <line num="59" count="3" type="stmt"/>
        <line num="62" count="2" type="stmt"/>
        <line num="70" count="7" type="stmt"/>
        <line num="72" count="32" type="cond" truecount="2" falsecount="0"/>
        <line num="75" count="31" type="stmt"/>
        <line num="78" count="31" type="stmt"/>
        <line num="81" count="32" type="stmt"/>
        <line num="86" count="31" type="cond" truecount="2" falsecount="0"/>
        <line num="87" count="11" type="stmt"/>
        <line num="88" count="11" type="cond" truecount="2" falsecount="0"/>
        <line num="90" count="9" type="stmt"/>
        <line num="91" count="9" type="stmt"/>
        <line num="92" count="31" type="stmt"/>
      </file>
    </package>
    <package name="src.panels.SettingsPanel.hooks">
      <metrics statements="7" coveredstatements="7" conditionals="9" coveredconditionals="9" methods="3" coveredmethods="3"/>
      <file name="useSnapInput.ts" path="/home/david/repos/ad-web-launcher/web-react/src/panels/SettingsPanel/hooks/useSnapInput.ts">
        <metrics statements="7" coveredstatements="7" conditionals="9" coveredconditionals="9" methods="3" coveredmethods="3"/>
        <line num="18" count="13" type="cond" truecount="2" falsecount="0"/>
        <line num="19" count="13" type="cond" truecount="2" falsecount="0"/>
        <line num="21" count="13" type="stmt"/>
        <line num="22" count="4" type="cond" truecount="2" falsecount="0"/>
        <line num="25" count="13" type="stmt"/>
        <line num="26" count="4" type="cond" truecount="2" falsecount="0"/>
        <line num="29" count="13" type="stmt"/>
      </file>
    </package>
    <package name="src.primitives.Button">
      <metrics statements="7" coveredstatements="7" conditionals="14" coveredconditionals="13" methods="2" coveredmethods="2"/>
      <file name="ButtonPrim.tsx" path="/home/david/repos/ad-web-launcher/web-react/src/primitives/Button/ButtonPrim.tsx">
        <metrics statements="7" coveredstatements="7" conditionals="14" coveredconditionals="13" methods="2" coveredmethods="2"/>
        <line num="24" count="14" type="stmt"/>
        <line num="26" count="14" type="stmt"/>
        <line num="30" count="3" type="stmt"/>
        <line num="31" count="3" type="cond" truecount="1" falsecount="1"/>
        <line num="33" count="3" type="cond" truecount="4" falsecount="0"/>
        <line num="34" count="1" type="stmt"/>
        <line num="39" count="14" type="stmt"/>
      </file>
    </package>
    <package name="src.primitives.Carousel">
      <metrics statements="21" coveredstatements="21" conditionals="20" coveredconditionals="18" methods="6" coveredmethods="6"/>
      <file name="ContentCarouselPrim.tsx" path="/home/david/repos/ad-web-launcher/web-react/src/primitives/Carousel/ContentCarouselPrim.tsx">
        <metrics statements="15" coveredstatements="15" conditionals="16" coveredconditionals="14" methods="4" coveredmethods="4"/>
        <line num="20" count="69" type="cond" truecount="2" falsecount="0"/>
        <line num="21" count="46" type="cond" truecount="2" falsecount="0"/>
        <line num="22" count="23" type="stmt"/>
        <line num="35" count="23" type="stmt"/>
        <line num="40" count="23" type="stmt"/>
        <line num="41" count="23" type="cond" truecount="2" falsecount="0"/>
        <line num="42" count="22" type="cond" truecount="1" falsecount="1"/>
        <line num="46" count="23" type="stmt"/>
        <line num="47" count="23" type="stmt"/>
        <line num="49" count="23" type="cond" truecount="2" falsecount="0"/>
        <line num="55" count="23" type="stmt"/>
        <line num="62" count="23" type="stmt"/>
        <line num="74" count="69" type="stmt"/>
        <line num="75" count="69" type="cond" truecount="1" falsecount="1"/>
        <line num="76" count="69" type="stmt"/>
      </file>
      <file name="InputCarouselPrim.tsx" path="/home/david/repos/ad-web-launcher/web-react/src/primitives/Carousel/InputCarouselPrim.tsx">
        <metrics statements="6" coveredstatements="6" conditionals="4" coveredconditionals="4" methods="2" coveredmethods="2"/>
        <line num="17" count="16" type="stmt"/>
        <line num="19" count="16" type="stmt"/>
        <line num="22" count="16" type="stmt"/>
        <line num="26" count="3" type="cond" truecount="4" falsecount="0"/>
        <line num="27" count="1" type="stmt"/>
        <line num="32" count="16" type="stmt"/>
      </file>
    </package>
    <package name="src.primitives.Carousel.hooks">
      <metrics statements="35" coveredstatements="35" conditionals="26" coveredconditionals="22" methods="13" coveredmethods="13"/>
      <file name="useCarouselMotion.hook.ts" path="/home/david/repos/ad-web-launcher/web-react/src/primitives/Carousel/hooks/useCarouselMotion.hook.ts">
        <metrics statements="17" coveredstatements="17" conditionals="18" coveredconditionals="14" methods="5" coveredmethods="5"/>
        <line num="20" count="1" type="stmt"/>
        <line num="29" count="13" type="cond" truecount="1" falsecount="1"/>
        <line num="30" count="13" type="cond" truecount="1" falsecount="1"/>
        <line num="31" count="13" type="cond" truecount="1" falsecount="1"/>
        <line num="33" count="13" type="stmt"/>
        <line num="34" count="13" type="cond" truecount="4" falsecount="0"/>
        <line num="35" count="8" type="stmt"/>
        <line num="38" count="13" type="stmt"/>
        <line num="40" count="12" type="cond" truecount="2" falsecount="0"/>
        <line num="46" count="13" type="stmt"/>
        <line num="48" count="12" type="cond" truecount="1" falsecount="1"/>
        <line num="50" count="12" type="stmt"/>
        <line num="58" count="13" type="stmt"/>
        <line num="59" count="3" type="cond" truecount="2" falsecount="0"/>
        <line num="60" count="2" type="cond" truecount="2" falsecount="0"/>
        <line num="61" count="1" type="stmt"/>
        <line num="65" count="13" type="stmt"/>
      </file>
      <file name="useContainerSizing.hook.ts" path="/home/david/repos/ad-web-launcher/web-react/src/primitives/Carousel/hooks/useContainerSizing.hook.ts">
        <metrics statements="9" coveredstatements="9" conditionals="4" coveredconditionals="4" methods="4" coveredmethods="4"/>
        <line num="14" count="5" type="stmt"/>
        <line num="15" count="5" type="stmt"/>
        <line num="17" count="6" type="cond" truecount="2" falsecount="0"/>
        <line num="19" count="5" type="stmt"/>
        <line num="24" count="5" type="stmt"/>
        <line num="27" count="5" type="stmt"/>
        <line num="29" count="5" type="stmt"/>
        <line num="30" count="5" type="cond" truecount="2" falsecount="0"/>
        <line num="32" count="5" type="stmt"/>
      </file>
      <file name="useItemSizing.hook.ts" path="/home/david/repos/ad-web-launcher/web-react/src/primitives/Carousel/hooks/useItemSizing.hook.ts">
        <metrics statements="9" coveredstatements="9" conditionals="4" coveredconditionals="4" methods="4" coveredmethods="4"/>
        <line num="14" count="5" type="stmt"/>
        <line num="15" count="5" type="stmt"/>
        <line num="17" count="6" type="cond" truecount="2" falsecount="0"/>
        <line num="19" count="5" type="stmt"/>
        <line num="24" count="5" type="stmt"/>
        <line num="27" count="5" type="stmt"/>
        <line num="29" count="5" type="stmt"/>
        <line num="30" count="5" type="cond" truecount="2" falsecount="0"/>
        <line num="32" count="5" type="stmt"/>
      </file>
    </package>
    <package name="src.primitives.Carousel.store">
      <metrics statements="115" coveredstatements="83" conditionals="53" coveredconditionals="32" methods="27" coveredmethods="24"/>
      <file name="carousel.store.ts" path="/home/david/repos/ad-web-launcher/web-react/src/primitives/Carousel/store/carousel.store.ts">
        <metrics statements="101" coveredstatements="69" conditionals="51" coveredconditionals="30" methods="23" coveredmethods="20"/>
        <line num="59" count="50" type="stmt"/>
        <line num="60" count="50" type="stmt"/>
        <line num="65" count="37" type="cond" truecount="2" falsecount="0"/>
        <line num="67" count="35" type="stmt"/>
        <line num="68" count="35" type="stmt"/>
        <line num="73" count="5" type="stmt"/>
        <line num="77" count="5" type="stmt"/>
        <line num="78" count="5" type="stmt"/>
        <line num="83" count="2" type="stmt"/>
        <line num="84" count="2" type="stmt"/>
        <line num="85" count="2" type="cond" truecount="1" falsecount="1"/>
        <line num="86" count="2" type="stmt"/>
        <line num="92" count="1" type="stmt"/>
        <line num="93" count="1" type="stmt"/>
        <line num="94" count="1" type="cond" truecount="1" falsecount="1"/>
        <line num="95" count="1" type="stmt"/>
        <line num="99" count="1" type="stmt"/>
        <line num="100" count="1" type="stmt"/>
        <line num="101" count="1" type="cond" truecount="1" falsecount="1"/>
        <line num="102" count="1" type="stmt"/>
        <line num="108" count="6" type="stmt"/>
        <line num="109" count="6" type="cond" truecount="2" falsecount="0"/>
        <line num="110" count="5" type="stmt"/>
        <line num="111" count="5" type="stmt"/>
        <line num="115" count="0" type="stmt"/>
        <line num="116" count="0" type="stmt"/>
        <line num="117" count="0" type="cond" truecount="0" falsecount="4"/>
        <line num="119" count="0" type="stmt"/>
        <line num="121" count="0" type="cond" truecount="0" falsecount="2"/>
        <line num="122" count="0" type="stmt"/>
        <line num="123" count="0" type="stmt"/>
        <line num="124" count="0" type="stmt"/>
        <line num="125" count="0" type="stmt"/>
        <line num="126" count="0" type="stmt"/>
        <line num="127" count="0" type="stmt"/>
        <line num="130" count="0" type="stmt"/>
        <line num="131" count="0" type="stmt"/>
        <line num="132" count="0" type="stmt"/>
        <line num="134" count="0" type="stmt"/>
        <line num="135" count="0" type="stmt"/>
        <line num="136" count="0" type="stmt"/>
        <line num="140" count="0" type="stmt"/>
        <line num="141" count="0" type="cond" truecount="0" falsecount="4"/>
        <line num="142" count="0" type="stmt"/>
        <line num="146" count="0" type="stmt"/>
        <line num="148" count="0" type="cond" truecount="0" falsecount="2"/>
        <line num="150" count="0" type="stmt"/>
        <line num="152" count="0" type="stmt"/>
        <line num="153" count="0" type="stmt"/>
        <line num="154" count="0" type="stmt"/>
        <line num="157" count="0" type="stmt"/>
        <line num="158" count="0" type="cond" truecount="0" falsecount="2"/>
        <line num="159" count="0" type="cond" truecount="0" falsecount="2"/>
        <line num="162" count="0" type="stmt"/>
        <line num="163" count="0" type="stmt"/>
        <line num="177" count="2" type="stmt"/>
        <line num="178" count="2" type="stmt"/>
        <line num="179" count="2" type="cond" truecount="2" falsecount="0"/>
        <line num="180" count="1" type="stmt"/>
        <line num="182" count="1" type="stmt"/>
        <line num="184" count="1" type="stmt"/>
        <line num="185" count="1" type="stmt"/>
        <line num="187" count="2" type="stmt"/>
        <line num="188" count="2" type="stmt"/>
        <line num="189" count="2" type="stmt"/>
        <line num="190" count="2" type="cond" truecount="2" falsecount="0"/>
        <line num="191" count="1" type="stmt"/>
        <line num="197" count="8" type="stmt"/>
        <line num="198" count="8" type="stmt"/>
        <line num="199" count="8" type="cond" truecount="2" falsecount="0"/>
        <line num="201" count="5" type="cond" truecount="4" falsecount="1"/>
        <line num="203" count="1" type="stmt"/>
        <line num="204" count="1" type="stmt"/>
        <line num="207" count="1" type="cond" truecount="1" falsecount="1"/>
        <line num="208" count="1" type="stmt"/>
        <line num="210" count="1" type="stmt"/>
        <line num="211" count="1" type="stmt"/>
        <line num="213" count="1" type="stmt"/>
        <line num="216" count="1" type="stmt"/>
        <line num="217" count="1" type="stmt"/>
        <line num="220" count="2" type="cond" truecount="2" falsecount="0"/>
        <line num="221" count="1" type="stmt"/>
        <line num="222" count="1" type="stmt"/>
        <line num="223" count="1" type="stmt"/>
        <line num="224" count="1" type="stmt"/>
        <line num="227" count="1" type="stmt"/>
        <line num="228" count="1" type="stmt"/>
        <line num="229" count="1" type="stmt"/>
        <line num="230" count="1" type="stmt"/>
        <line num="232" count="0" type="stmt"/>
        <line num="240" count="4" type="cond" truecount="2" falsecount="0"/>
        <line num="241" count="3" type="stmt"/>
        <line num="242" count="3" type="stmt"/>
        <line num="243" count="3" type="stmt"/>
        <line num="244" count="3" type="cond" truecount="2" falsecount="0"/>
        <line num="245" count="4" type="cond" truecount="2" falsecount="0"/>
        <line num="246" count="4" type="cond" truecount="2" falsecount="0"/>
        <line num="248" count="4" type="cond" truecount="2" falsecount="0"/>
        <line num="252" count="4" type="stmt"/>
        <line num="253" count="4" type="stmt"/>
        <line num="256" count="50" type="stmt"/>
      </file>
      <file name="useCarouselStore.hook.ts" path="/home/david/repos/ad-web-launcher/web-react/src/primitives/Carousel/store/useCarouselStore.hook.ts">
        <metrics statements="14" coveredstatements="14" conditionals="2" coveredconditionals="2" methods="4" coveredmethods="4"/>
        <line num="6" count="7" type="stmt"/>
        <line num="7" count="7" type="stmt"/>
        <line num="8" count="7" type="stmt"/>
        <line num="9" count="7" type="stmt"/>
        <line num="17" count="7" type="stmt"/>
        <line num="33" count="7" type="stmt"/>
        <line num="35" count="21" type="stmt"/>
        <line num="36" count="12" type="stmt"/>
        <line num="37" count="12" type="stmt"/>
        <line num="38" count="12" type="stmt"/>
        <line num="39" count="4" type="stmt"/>
        <line num="40" count="4" type="stmt"/>
        <line num="44" count="21" type="stmt"/>
        <line num="45" count="258" type="cond" truecount="2" falsecount="0"/>
      </file>
    </package>
    <package name="src.primitives.Drag">
      <metrics statements="15" coveredstatements="15" conditionals="24" coveredconditionals="23" methods="5" coveredmethods="5"/>
      <file name="DragPrim.tsx" path="/home/david/repos/ad-web-launcher/web-react/src/primitives/Drag/DragPrim.tsx">
        <metrics statements="15" coveredstatements="15" conditionals="24" coveredconditionals="23" methods="5" coveredmethods="5"/>
        <line num="26" count="22" type="stmt"/>
        <line num="27" count="22" type="stmt"/>
        <line num="28" count="22" type="stmt"/>
        <line num="29" count="22" type="stmt"/>
        <line num="32" count="22" type="stmt"/>
        <line num="33" count="22" type="stmt"/>
        <line num="34" count="22" type="stmt"/>
        <line num="36" count="22" type="stmt"/>
        <line num="39" count="22" type="stmt"/>
        <line num="43" count="3" type="cond" truecount="4" falsecount="0"/>
        <line num="44" count="1" type="stmt"/>
        <line num="50" count="22" type="stmt"/>
        <line num="56" count="22" type="cond" truecount="4" falsecount="0"/>
        <line num="57" count="22" type="cond" truecount="4" falsecount="0"/>
        <line num="59" count="22" type="stmt"/>
      </file>
    </package>
    <package name="src.primitives.Drag.hooks">
      <metrics statements="24" coveredstatements="24" conditionals="20" coveredconditionals="17" methods="6" coveredmethods="6"/>
      <file name="useDragMotion.hook.ts" path="/home/david/repos/ad-web-launcher/web-react/src/primitives/Drag/hooks/useDragMotion.hook.ts">
        <metrics statements="5" coveredstatements="5" conditionals="12" coveredconditionals="10" methods="2" coveredmethods="2"/>
        <line num="15" count="8" type="cond" truecount="3" falsecount="1"/>
        <line num="16" count="8" type="cond" truecount="3" falsecount="1"/>
        <line num="17" count="8" type="stmt"/>
        <line num="19" count="8" type="stmt"/>
        <line num="26" count="8" type="stmt"/>
      </file>
      <file name="useDragSizing.hook.ts" path="/home/david/repos/ad-web-launcher/web-react/src/primitives/Drag/hooks/useDragSizing.hook.ts">
        <metrics statements="19" coveredstatements="19" conditionals="8" coveredconditionals="7" methods="4" coveredmethods="4"/>
        <line num="16" count="7" type="stmt"/>
        <line num="17" count="7" type="stmt"/>
        <line num="18" count="7" type="stmt"/>
        <line num="19" count="7" type="cond" truecount="4" falsecount="0"/>
        <line num="22" count="6" type="cond" truecount="3" falsecount="1"/>
        <line num="24" count="6" type="stmt"/>
        <line num="25" count="6" type="stmt"/>
        <line num="26" count="6" type="stmt"/>
        <line num="27" count="6" type="stmt"/>
        <line num="29" count="6" type="stmt"/>
        <line num="34" count="6" type="stmt"/>
        <line num="39" count="6" type="stmt"/>
        <line num="45" count="6" type="stmt"/>
        <line num="48" count="6" type="stmt"/>
        <line num="50" count="5" type="stmt"/>
        <line num="52" count="5" type="stmt"/>
        <line num="53" count="5" type="stmt"/>
        <line num="54" count="5" type="stmt"/>
        <line num="56" count="5" type="stmt"/>
      </file>
    </package>
    <package name="src.primitives.Drag.store">
      <metrics statements="49" coveredstatements="48" conditionals="24" coveredconditionals="16" methods="20" coveredmethods="20"/>
      <file name="drag.store.ts" path="/home/david/repos/ad-web-launcher/web-react/src/primitives/Drag/store/drag.store.ts">
        <metrics statements="39" coveredstatements="38" conditionals="22" coveredconditionals="14" methods="16" coveredmethods="16"/>
        <line num="38" count="50" type="stmt"/>
        <line num="39" count="50" type="stmt"/>
        <line num="44" count="31" type="cond" truecount="2" falsecount="0"/>
        <line num="46" count="29" type="stmt"/>
        <line num="47" count="29" type="stmt"/>
        <line num="52" count="7" type="stmt"/>
        <line num="56" count="5" type="stmt"/>
        <line num="57" count="5" type="stmt"/>
        <line num="62" count="1" type="stmt"/>
        <line num="63" count="1" type="stmt"/>
        <line num="64" count="1" type="cond" truecount="1" falsecount="1"/>
        <line num="65" count="1" type="stmt"/>
        <line num="73" count="1" type="stmt"/>
        <line num="74" count="1" type="stmt"/>
        <line num="75" count="1" type="cond" truecount="1" falsecount="1"/>
        <line num="76" count="1" type="stmt"/>
        <line num="81" count="1" type="stmt"/>
        <line num="82" count="1" type="stmt"/>
        <line num="83" count="1" type="cond" truecount="1" falsecount="1"/>
        <line num="84" count="1" type="stmt"/>
        <line num="89" count="1" type="stmt"/>
        <line num="90" count="1" type="stmt"/>
        <line num="91" count="1" type="cond" truecount="1" falsecount="1"/>
        <line num="92" count="1" type="stmt"/>
        <line num="97" count="5" type="stmt"/>
        <line num="98" count="5" type="stmt"/>
        <line num="99" count="5" type="cond" truecount="2" falsecount="0"/>
        <line num="100" count="3" type="cond" truecount="3" falsecount="1"/>
        <line num="102" count="1" type="cond" truecount="1" falsecount="1"/>
        <line num="104" count="1" type="stmt"/>
        <line num="105" count="1" type="stmt"/>
        <line num="106" count="1" type="stmt"/>
        <line num="109" count="1" type="cond" truecount="1" falsecount="1"/>
        <line num="110" count="1" type="stmt"/>
        <line num="113" count="1" type="cond" truecount="1" falsecount="1"/>
        <line num="114" count="1" type="stmt"/>
        <line num="115" count="1" type="stmt"/>
        <line num="116" count="1" type="stmt"/>
        <line num="118" count="0" type="stmt"/>
      </file>
      <file name="useDragStore.hook.ts" path="/home/david/repos/ad-web-launcher/web-react/src/primitives/Drag/store/useDragStore.hook.ts">
        <metrics statements="10" coveredstatements="10" conditionals="2" coveredconditionals="2" methods="4" coveredmethods="4"/>
        <line num="6" count="7" type="stmt"/>
        <line num="26" count="7" type="stmt"/>
        <line num="28" count="18" type="stmt"/>
        <line num="29" count="11" type="stmt"/>
        <line num="30" count="11" type="stmt"/>
        <line num="31" count="11" type="stmt"/>
        <line num="32" count="4" type="stmt"/>
        <line num="33" count="4" type="stmt"/>
        <line num="37" count="18" type="stmt"/>
        <line num="38" count="205" type="cond" truecount="2" falsecount="0"/>
      </file>
    </package>
    <package name="src.primitives.Scroll.hooks">
      <metrics statements="17" coveredstatements="17" conditionals="8" coveredconditionals="7" methods="4" coveredmethods="4"/>
      <file name="useScrollSizing.hook.ts" path="/home/david/repos/ad-web-launcher/web-react/src/primitives/Scroll/hooks/useScrollSizing.hook.ts">
        <metrics statements="17" coveredstatements="17" conditionals="8" coveredconditionals="7" methods="4" coveredmethods="4"/>
        <line num="17" count="6" type="stmt"/>
        <line num="18" count="6" type="stmt"/>
        <line num="19" count="6" type="stmt"/>
        <line num="20" count="6" type="cond" truecount="4" falsecount="0"/>
        <line num="23" count="5" type="cond" truecount="3" falsecount="1"/>
        <line num="25" count="5" type="stmt"/>
        <line num="26" count="5" type="stmt"/>
        <line num="27" count="5" type="stmt"/>
        <line num="28" count="5" type="stmt"/>
        <line num="30" count="5" type="stmt"/>
        <line num="35" count="5" type="stmt"/>
        <line num="40" count="5" type="stmt"/>
        <line num="42" count="4" type="stmt"/>
        <line num="44" count="4" type="stmt"/>
        <line num="45" count="4" type="stmt"/>
        <line num="46" count="4" type="stmt"/>
        <line num="48" count="4" type="stmt"/>
      </file>
    </package>
    <package name="src.primitives.Scroll.store">
      <metrics statements="66" coveredstatements="56" conditionals="27" coveredconditionals="21" methods="17" coveredmethods="15"/>
      <file name="scroll.store.ts" path="/home/david/repos/ad-web-launcher/web-react/src/primitives/Scroll/store/scroll.store.ts">
        <metrics statements="55" coveredstatements="45" conditionals="21" coveredconditionals="15" methods="13" coveredmethods="11"/>
        <line num="37" count="49" type="stmt"/>
        <line num="38" count="49" type="stmt"/>
        <line num="43" count="38" type="cond" truecount="2" falsecount="0"/>
        <line num="45" count="36" type="stmt"/>
        <line num="46" count="36" type="stmt"/>
        <line num="53" count="9" type="stmt"/>
        <line num="57" count="5" type="stmt"/>
        <line num="58" count="5" type="stmt"/>
        <line num="63" count="1" type="stmt"/>
        <line num="64" count="1" type="stmt"/>
        <line num="65" count="1" type="cond" truecount="1" falsecount="1"/>
        <line num="66" count="1" type="stmt"/>
        <line num="74" count="12" type="stmt"/>
        <line num="75" count="12" type="stmt"/>
        <line num="76" count="12" type="cond" truecount="2" falsecount="0"/>
        <line num="77" count="9" type="cond" truecount="4" falsecount="1"/>
        <line num="79" count="2" type="stmt"/>
        <line num="80" count="2" type="cond" truecount="2" falsecount="0"/>
        <line num="83" count="1" type="stmt"/>
        <line num="85" count="2" type="stmt"/>
        <line num="88" count="2" type="cond" truecount="2" falsecount="0"/>
        <line num="89" count="1" type="stmt"/>
        <line num="91" count="1" type="stmt"/>
        <line num="92" count="1" type="stmt"/>
        <line num="93" count="1" type="stmt"/>
        <line num="95" count="2" type="stmt"/>
        <line num="98" count="3" type="stmt"/>
        <line num="99" count="3" type="stmt"/>
        <line num="100" count="3" type="cond" truecount="2" falsecount="0"/>
        <line num="101" count="2" type="stmt"/>
        <line num="103" count="1" type="stmt"/>
        <line num="104" count="1" type="stmt"/>
        <line num="105" count="1" type="stmt"/>
        <line num="107" count="3" type="stmt"/>
        <line num="108" count="3" type="stmt"/>
        <line num="111" count="2" type="stmt"/>
        <line num="112" count="2" type="stmt"/>
        <line num="113" count="2" type="stmt"/>
        <line num="114" count="2" type="stmt"/>
        <line num="115" count="2" type="stmt"/>
        <line num="116" count="2" type="stmt"/>
        <line num="118" count="0" type="stmt"/>
        <line num="125" count="49" type="stmt"/>
        <line num="131" count="1" type="stmt"/>
        <line num="132" count="1" type="stmt"/>
        <line num="135" count="0" type="stmt"/>
        <line num="136" count="0" type="cond" truecount="0" falsecount="2"/>
        <line num="138" count="0" type="stmt"/>
        <line num="139" count="0" type="stmt"/>
        <line num="140" count="0" type="cond" truecount="0" falsecount="2"/>
        <line num="141" count="0" type="stmt"/>
        <line num="142" count="0" type="stmt"/>
        <line num="143" count="0" type="stmt"/>
        <line num="146" count="0" type="stmt"/>
        <line num="149" count="1" type="stmt"/>
      </file>
      <file name="useScrollStore.hook.ts" path="/home/david/repos/ad-web-launcher/web-react/src/primitives/Scroll/store/useScrollStore.hook.ts">
        <metrics statements="11" coveredstatements="11" conditionals="6" coveredconditionals="6" methods="4" coveredmethods="4"/>
        <line num="6" count="6" type="stmt"/>
        <line num="19" count="6" type="stmt"/>
        <line num="32" count="6" type="stmt"/>
        <line num="34" count="42" type="stmt"/>
        <line num="35" count="15" type="stmt"/>
        <line num="36" count="15" type="cond" truecount="2" falsecount="0"/>
        <line num="37" count="15" type="stmt"/>
        <line num="38" count="4" type="stmt"/>
        <line num="39" count="4" type="stmt"/>
        <line num="44" count="42" type="stmt"/>
        <line num="45" count="439" type="cond" truecount="2" falsecount="0"/>
      </file>
    </package>
    <package name="src.primitives.Slider">
      <metrics statements="23" coveredstatements="12" conditionals="25" coveredconditionals="15" methods="2" coveredmethods="1"/>
      <file name="SliderPrim.tsx" path="/home/david/repos/ad-web-launcher/web-react/src/primitives/Slider/SliderPrim.tsx">
        <metrics statements="23" coveredstatements="12" conditionals="25" coveredconditionals="15" methods="2" coveredmethods="1"/>
        <line num="31" count="26" type="stmt"/>
        <line num="33" count="26" type="stmt"/>
        <line num="34" count="26" type="cond" truecount="2" falsecount="0"/>
        <line num="35" count="26" type="cond" truecount="2" falsecount="0"/>
        <line num="36" count="26" type="stmt"/>
        <line num="39" count="26" type="stmt"/>
        <line num="40" count="26" type="stmt"/>
        <line num="41" count="26" type="stmt"/>
        <line num="44" count="26" type="stmt"/>
        <line num="51" count="26" type="stmt"/>
        <line num="55" count="0" type="stmt"/>
        <line num="56" count="0" type="cond" truecount="0" falsecount="2"/>
        <line num="58" count="0" type="stmt"/>
        <line num="60" count="0" type="cond" truecount="0" falsecount="2"/>
        <line num="63" count="0" type="cond" truecount="0" falsecount="2"/>
        <line num="64" count="0" type="stmt"/>
        <line num="65" count="0" type="cond" truecount="0" falsecount="2"/>
        <line num="66" count="0" type="stmt"/>
        <line num="68" count="0" type="cond" truecount="0" falsecount="2"/>
        <line num="69" count="0" type="stmt"/>
        <line num="70" count="0" type="stmt"/>
        <line num="75" count="26" type="stmt"/>
        <line num="84" count="26" type="stmt"/>
      </file>
    </package>
    <package name="src.primitives.Slider.hooks">
      <metrics statements="22" coveredstatements="22" conditionals="14" coveredconditionals="13" methods="6" coveredmethods="6"/>
      <file name="useSliderMotion.hook.ts" path="/home/david/repos/ad-web-launcher/web-react/src/primitives/Slider/hooks/useSliderMotion.hook.ts">
        <metrics statements="9" coveredstatements="9" conditionals="6" coveredconditionals="6" methods="2" coveredmethods="2"/>
        <line num="21" count="11" type="stmt"/>
        <line num="22" count="11" type="stmt"/>
        <line num="23" count="11" type="stmt"/>
        <line num="25" count="11" type="cond" truecount="2" falsecount="0"/>
        <line num="26" count="11" type="stmt"/>
        <line num="29" count="11" type="stmt"/>
        <line num="30" count="11" type="stmt"/>
        <line num="32" count="11" type="stmt"/>
        <line num="40" count="11" type="stmt"/>
      </file>
      <file name="useSliderSizing.hook.ts" path="/home/david/repos/ad-web-launcher/web-react/src/primitives/Slider/hooks/useSliderSizing.hook.ts">
        <metrics statements="13" coveredstatements="13" conditionals="8" coveredconditionals="7" methods="4" coveredmethods="4"/>
        <line num="16" count="6" type="stmt"/>
        <line num="18" count="6" type="stmt"/>
        <line num="19" count="6" type="stmt"/>
        <line num="21" count="6" type="cond" truecount="4" falsecount="0"/>
        <line num="24" count="5" type="cond" truecount="3" falsecount="1"/>
        <line num="26" count="5" type="stmt"/>
        <line num="31" count="5" type="stmt"/>
        <line num="36" count="5" type="stmt"/>
        <line num="39" count="4" type="stmt"/>
        <line num="41" count="4" type="stmt"/>
        <line num="42" count="4" type="stmt"/>
        <line num="43" count="4" type="stmt"/>
        <line num="45" count="4" type="stmt"/>
      </file>
    </package>
[...]
        <line num="23" count="7" type="stmt"/>
        <line num="24" count="7" type="stmt"/>
        <line num="26" count="7" type="stmt"/>
        <line num="27" count="7" type="stmt"/>
        <line num="29" count="7" type="stmt"/>
        <line num="34" count="7" type="stmt"/>
        <line num="36" count="12" type="cond" truecount="2" falsecount="0"/>
        <line num="40" count="7" type="cond" truecount="2" falsecount="0"/>
        <line num="43" count="6" type="stmt"/>
        <line num="45" count="6" type="stmt"/>
      </file>
      <file name="assembleTokenData.ts" path="/home/david/repos/ad-web-launcher/web-react/src/styleTokens/emitters/extract/assemblers/assembleTokenData.ts">
        <metrics statements="12" coveredstatements="12" conditionals="0" coveredconditionals="0" methods="2" coveredmethods="2"/>
        <line num="27" count="8" type="stmt"/>
        <line num="29" count="8" type="stmt"/>
        <line num="31" count="8" type="stmt"/>
        <line num="32" count="8" type="stmt"/>
        <line num="34" count="8" type="stmt"/>
        <line num="35" count="8" type="stmt"/>
        <line num="37" count="8" type="stmt"/>
        <line num="39" count="8" type="stmt"/>
        <line num="40" count="9" type="stmt"/>
        <line num="41" count="4" type="stmt"/>
        <line num="48" count="9" type="stmt"/>
        <line num="51" count="8" type="stmt"/>
      </file>
    </package>
    <package name="src.styleTokens.emitters.generate.format">
      <metrics statements="63" coveredstatements="63" conditionals="10" coveredconditionals="10" methods="18" coveredmethods="18"/>
      <file name="formatExtensionFile.ts" path="/home/david/repos/ad-web-launcher/web-react/src/styleTokens/emitters/generate/format/formatExtensionFile.ts">
        <metrics statements="4" coveredstatements="4" conditionals="0" coveredconditionals="0" methods="2" coveredmethods="2"/>
        <line num="8" count="5" type="stmt"/>
        <line num="12" count="5" type="stmt"/>
        <line num="16" count="9" type="stmt"/>
        <line num="20" count="5" type="stmt"/>
      </file>
      <file name="formatLspFile.ts" path="/home/david/repos/ad-web-launcher/web-react/src/styleTokens/emitters/generate/format/formatLspFile.ts">
        <metrics statements="21" coveredstatements="21" conditionals="4" coveredconditionals="4" methods="3" coveredmethods="3"/>
        <line num="9" count="10" type="stmt"/>
        <line num="11" count="10" type="stmt"/>
        <line num="13" count="10" type="stmt"/>
        <line num="14" count="6" type="stmt"/>
        <line num="16" count="6" type="stmt"/>
        <line num="17" count="6" type="stmt"/>
        <line num="19" count="6" type="stmt"/>
        <line num="20" count="5" type="stmt"/>
        <line num="22" count="5" type="stmt"/>
        <line num="23" count="8" type="stmt"/>
        <line num="25" count="8" type="cond" truecount="2" falsecount="0"/>
        <line num="26" count="1" type="stmt"/>
        <line num="29" count="7" type="stmt"/>
        <line num="31" count="7" type="stmt"/>
        <line num="34" count="5" type="stmt"/>
        <line num="38" count="6" type="cond" truecount="2" falsecount="0"/>
        <line num="42" count="6" type="stmt"/>
        <line num="44" count="6" type="stmt"/>
        <line num="48" count="10" type="stmt"/>
        <line num="51" count="10" type="stmt"/>
        <line num="58" count="10" type="stmt"/>
      </file>
      <file name="formatMetaFile.ts" path="/home/david/repos/ad-web-launcher/web-react/src/styleTokens/emitters/generate/format/formatMetaFile.ts">
        <metrics statements="6" coveredstatements="6" conditionals="0" coveredconditionals="0" methods="4" coveredmethods="4"/>
        <line num="8" count="6" type="stmt"/>
        <line num="10" count="6" type="stmt"/>
        <line num="13" count="5" type="stmt"/>
        <line num="23" count="5" type="stmt"/>
        <line num="25" count="9" type="stmt"/>
        <line num="33" count="6" type="stmt"/>
      </file>
      <file name="formatPresetFiles.ts" path="/home/david/repos/ad-web-launcher/web-react/src/styleTokens/emitters/generate/format/formatPresetFiles.ts">
        <metrics statements="7" coveredstatements="7" conditionals="0" coveredconditionals="0" methods="3" coveredmethods="3"/>
        <line num="6" count="5" type="stmt"/>
        <line num="8" count="5" type="stmt"/>
        <line num="10" count="15" type="stmt"/>
        <line num="13" count="5" type="stmt"/>
        <line num="21" count="15" type="stmt"/>
        <line num="28" count="5" type="stmt"/>
        <line num="31" count="5" type="stmt"/>
      </file>
      <file name="formatTokenFiles.ts" path="/home/david/repos/ad-web-launcher/web-react/src/styleTokens/emitters/generate/format/formatTokenFiles.ts">
        <metrics statements="12" coveredstatements="12" conditionals="0" coveredconditionals="0" methods="3" coveredmethods="3"/>
        <line num="6" count="9" type="stmt"/>
        <line num="8" count="9" type="stmt"/>
        <line num="10" count="9" type="stmt"/>
        <line num="12" count="9" type="stmt"/>
        <line num="14" count="9" type="stmt"/>
        <line num="15" count="24" type="stmt"/>
        <line num="18" count="9" type="stmt"/>
        <line num="20" count="9" type="stmt"/>
        <line num="23" count="9" type="stmt"/>
        <line num="28" count="9" type="stmt"/>
        <line num="44" count="9" type="stmt"/>
        <line num="47" count="9" type="stmt"/>
      </file>
      <file name="formatTokenPatch.ts" path="/home/david/repos/ad-web-launcher/web-react/src/styleTokens/emitters/generate/format/formatTokenPatch.ts">
        <metrics statements="13" coveredstatements="13" conditionals="6" coveredconditionals="6" methods="3" coveredmethods="3"/>
        <line num="4" count="7" type="stmt"/>
        <line num="6" count="7" type="stmt"/>
        <line num="8" count="7" type="stmt"/>
        <line num="10" count="7" type="stmt"/>
        <line num="11" count="7" type="stmt"/>
        <line num="12" count="13" type="cond" truecount="2" falsecount="0"/>
        <line num="13" count="11" type="stmt"/>
        <line num="19" count="7" type="cond" truecount="2" falsecount="0"/>
        <line num="20" count="6" type="stmt"/>
        <line num="21" count="11" type="stmt"/>
        <line num="23" count="6" type="stmt"/>
        <line num="29" count="7" type="stmt"/>
        <line num="34" count="17" type="cond" truecount="2" falsecount="0"/>
      </file>
    </package>
    <package name="src.styleTokens.emitters.write">
      <metrics statements="26" coveredstatements="26" conditionals="8" coveredconditionals="8" methods="2" coveredmethods="2"/>
      <file name="patchFiles.ts" path="/home/david/repos/ad-web-launcher/web-react/src/styleTokens/emitters/write/patchFiles.ts">
        <metrics statements="14" coveredstatements="14" conditionals="4" coveredconditionals="4" methods="1" coveredmethods="1"/>
        <line num="5" count="4" type="stmt"/>
        <line num="6" count="4" type="stmt"/>
        <line num="8" count="4" type="stmt"/>
        <line num="9" count="6" type="cond" truecount="2" falsecount="0"/>
        <line num="10" count="2" type="stmt"/>
        <line num="11" count="2" type="stmt"/>
        <line num="14" count="4" type="stmt"/>
        <line num="16" count="4" type="cond" truecount="2" falsecount="0"/>
        <line num="17" count="2" type="stmt"/>
        <line num="18" count="2" type="stmt"/>
        <line num="21" count="2" type="stmt"/>
        <line num="23" count="2" type="stmt"/>
        <line num="24" count="2" type="stmt"/>
        <line num="26" count="4" type="stmt"/>
      </file>
      <file name="writeFiles.ts" path="/home/david/repos/ad-web-launcher/web-react/src/styleTokens/emitters/write/writeFiles.ts">
        <metrics statements="12" coveredstatements="12" conditionals="4" coveredconditionals="4" methods="1" coveredmethods="1"/>
        <line num="7" count="5" type="stmt"/>
        <line num="8" count="5" type="stmt"/>
        <line num="10" count="5" type="stmt"/>
        <line num="11" count="7" type="stmt"/>
        <line num="13" count="7" type="cond" truecount="2" falsecount="0"/>
        <line num="14" count="4" type="stmt"/>
        <line num="16" count="4" type="cond" truecount="2" falsecount="0"/>
        <line num="17" count="2" type="stmt"/>
        <line num="18" count="2" type="stmt"/>
        <line num="22" count="5" type="stmt"/>
        <line num="23" count="5" type="stmt"/>
        <line num="26" count="5" type="stmt"/>
      </file>
    </package>
    <package name="src.styleTokens.postCss">
      <metrics statements="19" coveredstatements="19" conditionals="7" coveredconditionals="7" methods="2" coveredmethods="2"/>
      <file name="processModule.ts" path="/home/david/repos/ad-web-launcher/web-react/src/styleTokens/postCss/processModule.ts">
        <metrics statements="19" coveredstatements="19" conditionals="7" coveredconditionals="7" methods="2" coveredmethods="2"/>
        <line num="19" count="6" type="stmt"/>
        <line num="21" count="6" type="stmt"/>
        <line num="22" count="7" type="stmt"/>
        <line num="25" count="6" type="stmt"/>
        <line num="26" count="6" type="stmt"/>
        <line num="27" count="7" type="stmt"/>
        <line num="29" count="7" type="stmt"/>
        <line num="31" count="7" type="stmt"/>
        <line num="38" count="7" type="cond" truecount="2" falsecount="0"/>
        <line num="39" count="1" type="stmt"/>
        <line num="42" count="6" type="stmt"/>
        <line num="44" count="6" type="stmt"/>
        <line num="45" count="6" type="stmt"/>
        <line num="47" count="6" type="cond" truecount="2" falsecount="0"/>
        <line num="48" count="4" type="stmt"/>
        <line num="49" count="4" type="stmt"/>
        <line num="54" count="6" type="cond" truecount="2" falsecount="0"/>
        <line num="55" count="4" type="stmt"/>
        <line num="58" count="6" type="stmt"/>
      </file>
    </package>
    <package name="src.styleTokens.postCss.inject">
      <metrics statements="26" coveredstatements="25" conditionals="12" coveredconditionals="11" methods="7" coveredmethods="7"/>
      <file name="injectCascade.ts" path="/home/david/repos/ad-web-launcher/web-react/src/styleTokens/postCss/inject/injectCascade.ts">
        <metrics statements="4" coveredstatements="4" conditionals="2" coveredconditionals="2" methods="2" coveredmethods="2"/>
        <line num="9" count="8" type="stmt"/>
        <line num="11" count="8" type="stmt"/>
        <line num="13" count="10" type="cond" truecount="2" falsecount="0"/>
        <line num="17" count="8" type="stmt"/>
      </file>
      <file name="injectPresetResets.ts" path="/home/david/repos/ad-web-launcher/web-react/src/styleTokens/postCss/inject/injectPresetResets.ts">
        <metrics statements="15" coveredstatements="14" conditionals="4" coveredconditionals="3" methods="4" coveredmethods="4"/>
        <line num="8" count="10" type="stmt"/>
        <line num="9" count="7" type="stmt"/>
        <line num="10" count="8" type="stmt"/>
        <line num="12" count="8" type="cond" truecount="2" falsecount="0"/>
        <line num="13" count="2" type="stmt"/>
        <line num="16" count="6" type="stmt"/>
        <line num="25" count="6" type="stmt"/>
        <line num="33" count="8" type="stmt"/>
        <line num="34" count="7" type="stmt"/>
        <line num="36" count="7" type="cond" truecount="1" falsecount="1"/>
        <line num="37" count="0" type="stmt"/>
        <line num="40" count="7" type="stmt"/>
        <line num="42" count="7" type="stmt"/>
        <line num="43" count="8" type="stmt"/>
        <line num="47" count="1" type="stmt"/>
      </file>
      <file name="injectVarDefinitions.ts" path="/home/david/repos/ad-web-launcher/web-react/src/styleTokens/postCss/inject/injectVarDefinitions.ts">
        <metrics statements="7" coveredstatements="7" conditionals="6" coveredconditionals="6" methods="1" coveredmethods="1"/>
        <line num="11" count="12" type="stmt"/>
        <line num="13" count="12" type="stmt"/>
        <line num="14" count="84" type="cond" truecount="2" falsecount="0"/>
        <line num="16" count="15" type="stmt"/>
        <line num="18" count="15" type="cond" truecount="2" falsecount="0"/>
        <line num="20" count="13" type="stmt"/>
        <line num="22" count="13" type="stmt"/>
      </file>
    </package>
    <package name="src.styleTokens.postCss.resolvers">
      <metrics statements="53" coveredstatements="52" conditionals="18" coveredconditionals="17" methods="13" coveredmethods="13"/>
      <file name="walkModule.ts" path="/home/david/repos/ad-web-launcher/web-react/src/styleTokens/postCss/resolvers/walkModule.ts">
        <metrics statements="42" coveredstatements="41" conditionals="14" coveredconditionals="13" methods="11" coveredmethods="11"/>
        <line num="9" count="2" type="stmt"/>
        <line num="15" count="26" type="stmt"/>
        <line num="16" count="23" type="stmt"/>
        <line num="18" count="26" type="stmt"/>
        <line num="19" count="23" type="stmt"/>
        <line num="22" count="26" type="stmt"/>
        <line num="24" count="182" type="stmt"/>
        <line num="27" count="26" type="stmt"/>
        <line num="28" count="26" type="stmt"/>
        <line num="29" count="26" type="stmt"/>
        <line num="30" count="26" type="stmt"/>
        <line num="31" count="26" type="stmt"/>
        <line num="32" count="26" type="stmt"/>
        <line num="34" count="26" type="stmt"/>
        <line num="35" count="43" type="stmt"/>
        <line num="36" count="43" type="stmt"/>
        <line num="37" count="50" type="stmt"/>
        <line num="39" count="50" type="stmt"/>
        <line num="41" count="50" type="cond" truecount="2" falsecount="0"/>
        <line num="42" count="41" type="stmt"/>
        <line num="47" count="43" type="cond" truecount="2" falsecount="0"/>
        <line num="48" count="21" type="stmt"/>
        <line num="53" count="26" type="stmt"/>
        <line num="55" count="52" type="cond" truecount="2" falsecount="0"/>
        <line num="57" count="274" type="stmt"/>
        <line num="60" count="7" type="stmt"/>
        <line num="61" count="7" type="stmt"/>
        <line num="64" count="52" type="stmt"/>
        <line num="66" count="52" type="cond" truecount="1" falsecount="1"/>
        <line num="67" count="0" type="stmt"/>
        <line num="70" count="52" type="stmt"/>
        <line num="72" count="52" type="stmt"/>
        <line num="75" count="17" type="stmt"/>
        <line num="77" count="17" type="cond" truecount="2" falsecount="0"/>
        <line num="79" count="17" type="stmt"/>
        <line num="82" count="13" type="stmt"/>
        <line num="83" count="13" type="stmt"/>
        <line num="86" count="13" type="cond" truecount="2" falsecount="0"/>
        <line num="88" count="12" type="cond" truecount="2" falsecount="0"/>
        <line num="90" count="13" type="stmt"/>
        <line num="92" count="13" type="stmt"/>
        <line num="97" count="26" type="stmt"/>
      </file>
      <file name="walkProject.ts" path="/home/david/repos/ad-web-launcher/web-react/src/styleTokens/postCss/resolvers/walkProject.ts">
        <metrics statements="11" coveredstatements="11" conditionals="4" coveredconditionals="4" methods="2" coveredmethods="2"/>
        <line num="11" count="8" type="stmt"/>
        <line num="12" count="8" type="stmt"/>
        <line num="14" count="8" type="stmt"/>
        <line num="15" count="15" type="cond" truecount="2" falsecount="0"/>
        <line num="16" count="3" type="stmt"/>
        <line num="18" count="12" type="stmt"/>
        <line num="20" count="12" type="stmt"/>
        <line num="22" count="12" type="stmt"/>
        <line num="23" count="12" type="cond" truecount="2" falsecount="0"/>
        <line num="24" count="2" type="stmt"/>
        <line num="28" count="8" type="stmt"/>
      </file>
    </package>
    <package name="src.styleTokens.utils">
      <metrics statements="53" coveredstatements="52" conditionals="55" coveredconditionals="54" methods="14" coveredmethods="14"/>
      <file name="assertions.ts" path="/home/david/repos/ad-web-launcher/web-react/src/styleTokens/utils/assertions.ts">
        <metrics statements="35" coveredstatements="35" conditionals="51" coveredconditionals="51" methods="7" coveredmethods="7"/>
        <line num="15" count="7" type="stmt"/>
        <line num="16" count="7" type="stmt"/>
        <line num="20" count="12" type="cond" truecount="2" falsecount="0"/>
        <line num="21" count="1" type="stmt"/>
        <line num="22" count="1" type="stmt"/>
        <line num="25" count="1" type="stmt"/>
        <line num="28" count="11" type="cond" truecount="4" falsecount="0"/>
        <line num="29" count="3" type="stmt"/>
        <line num="32" count="8" type="cond" truecount="2" falsecount="0"/>
        <line num="39" count="1" type="stmt"/>
        <line num="42" count="7" type="cond" truecount="4" falsecount="0"/>
        <line num="44" count="1" type="stmt"/>
        <line num="47" count="6" type="cond" truecount="4" falsecount="0"/>
        <line num="49" count="1" type="stmt"/>
        <line num="56" count="10" type="cond" truecount="5" falsecount="0"/>
        <line num="57" count="2" type="stmt"/>
        <line num="60" count="8" type="stmt"/>
        <line num="62" count="8" type="cond" truecount="5" falsecount="0"/>
        <line num="64" count="1" type="stmt"/>
        <line num="68" count="7" type="cond" truecount="4" falsecount="0"/>
        <line num="69" count="1" type="stmt"/>
        <line num="74" count="6" type="cond" truecount="4" falsecount="0"/>
        <line num="75" count="1" type="stmt"/>
        <line num="78" count="5" type="cond" truecount="6" falsecount="0"/>
        <line num="82" count="1" type="stmt"/>
        <line num="87" count="42" type="cond" truecount="2" falsecount="0"/>
        <line num="88" count="6" type="stmt"/>
        <line num="95" count="26" type="cond" truecount="2" falsecount="0"/>
        <line num="96" count="2" type="stmt"/>
        <line num="103" count="3" type="stmt"/>
        <line num="104" count="4" type="cond" truecount="2" falsecount="0"/>
        <line num="105" count="1" type="stmt"/>
        <line num="113" count="8" type="stmt"/>
        <line num="114" count="10" type="cond" truecount="2" falsecount="0"/>
        <line num="115" count="2" type="stmt"/>
      </file>
      <file name="print.ts" path="/home/david/repos/ad-web-launcher/web-react/src/styleTokens/utils/print.ts">
        <metrics statements="14" coveredstatements="13" conditionals="4" coveredconditionals="3" methods="5" coveredmethods="5"/>
        <line num="12" count="2" type="stmt"/>
        <line num="15" count="7" type="stmt"/>
        <line num="16" count="8" type="stmt"/>
        <line num="17" count="7" type="stmt"/>
        <line num="20" count="10" type="stmt"/>
        <line num="21" count="14" type="stmt"/>
        <line num="23" count="14" type="stmt"/>
        <line num="25" count="14" type="cond" truecount="2" falsecount="0"/>
        <line num="26" count="2" type="stmt"/>
        <line num="29" count="12" type="stmt"/>
        <line num="31" count="12" type="cond" truecount="1" falsecount="1"/>
        <line num="32" count="0" type="stmt"/>
        <line num="35" count="12" type="stmt"/>
        <line num="38" count="10" type="stmt"/>
      </file>
      <file name="string.ts" path="/home/david/repos/ad-web-launcher/web-react/src/styleTokens/utils/string.ts">
        <metrics statements="4" coveredstatements="4" conditionals="0" coveredconditionals="0" methods="2" coveredmethods="2"/>
        <line num="3" count="13" type="stmt"/>
        <line num="10" count="6" type="stmt"/>
        <line num="28" count="6" type="stmt"/>
        <line num="54" count="59" type="stmt"/>
      </file>
    </package>
  </project>
</coverage>
