{"/home/david/repos/ad-web-launcher/web-react/eslint/testApi/no-test-only-api.ts": {"path":"/home/david/repos/ad-web-launcher/web-react/eslint/testApi/no-test-only-api.ts","statementMap":{"0":{"start":{"line":4,"column":30},"end":{"line":42,"column":null}},"1":{"start":{"line":17,"column":21},"end":{"line":17,"column":null}},"2":{"start":{"line":19,"column":23},"end":{"line":19,"column":null}},"3":{"start":{"line":21,"column":4},"end":{"line":23,"column":null}},"4":{"start":{"line":22,"column":6},"end":{"line":22,"column":null}},"5":{"start":{"line":25,"column":4},"end":{"line":40,"column":null}},"6":{"start":{"line":27,"column":8},"end":{"line":38,"column":null}},"7":{"start":{"line":28,"column":10},"end":{"line":37,"column":null}},"8":{"start":{"line":33,"column":12},"end":{"line":36,"column":null}}},"fnMap":{"0":{"name":"create","decl":{"start":{"line":16,"column":2},"end":{"line":16,"column":9}},"loc":{"start":{"line":16,"column":16},"end":{"line":41,"column":null}},"line":16},"1":{"name":"ImportDeclaration","decl":{"start":{"line":26,"column":6},"end":{"line":26,"column":24}},"loc":{"start":{"line":26,"column":28},"end":{"line":39,"column":null}},"line":26}},"branchMap":{"0":{"loc":{"start":{"line":21,"column":4},"end":{"line":23,"column":null}},"type":"if","locations":[{"start":{"line":21,"column":4},"end":{"line":23,"column":null}},{"start":{},"end":{}}],"line":21},"1":{"loc":{"start":{"line":28,"column":10},"end":{"line":37,"column":null}},"type":"if","locations":[{"start":{"line":28,"column":10},"end":{"line":37,"column":null}},{"start":{},"end":{}}],"line":28},"2":{"loc":{"start":{"line":29,"column":12},"end":{"line":31,"column":null}},"type":"binary-expr","locations":[{"start":{"line":29,"column":12},"end":{"line":29,"column":null}},{"start":{"line":30,"column":12},"end":{"line":30,"column":null}},{"start":{"line":31,"column":12},"end":{"line":31,"column":null}}],"line":29}},"s":{"0":1,"1":3,"2":3,"3":3,"4":1,"5":2,"6":2,"7":2,"8":1},"f":{"0":3,"1":2},"b":{"0":[1,2],"1":[1,1],"2":[2,2,2]},"meta":{"lastBranch":3,"lastFunction":2,"lastStatement":9,"seen":{"s:4:30:42:Infinity":0,"f:16:2:16:9":0,"s:17:21:17:Infinity":1,"s:19:23:19:Infinity":2,"b:21:4:23:Infinity:undefined:undefined:undefined:undefined":0,"s:21:4:23:Infinity":3,"s:22:6:22:Infinity":4,"s:25:4:40:Infinity":5,"f:26:6:26:24":1,"s:27:8:38:Infinity":6,"b:28:10:37:Infinity:undefined:undefined:undefined:undefined":1,"s:28:10:37:Infinity":7,"b:29:12:29:Infinity:30:12:30:Infinity:31:12:31:Infinity":2,"s:33:12:36:Infinity":8},"fnNames":{}}}
,"/home/david/repos/ad-web-launcher/web-react/eslint/tokens/no-invalid-prefixes-relations.ts": {"path":"/home/david/repos/ad-web-launcher/web-react/eslint/tokens/no-invalid-prefixes-relations.ts","statementMap":{"0":{"start":{"line":13,"column":30},"end":{"line":148,"column":null}},"1":{"start":{"line":45,"column":21},"end":{"line":45,"column":null}},"2":{"start":{"line":47,"column":4},"end":{"line":49,"column":null}},"3":{"start":{"line":48,"column":6},"end":{"line":48,"column":null}},"4":{"start":{"line":51,"column":4},"end":{"line":146,"column":null}},"5":{"start":{"line":53,"column":25},"end":{"line":53,"column":null}},"6":{"start":{"line":54,"column":26},"end":{"line":54,"column":42}},"7":{"start":{"line":56,"column":8},"end":{"line":61,"column":null}},"8":{"start":{"line":60,"column":10},"end":{"line":60,"column":null}},"9":{"start":{"line":63,"column":21},"end":{"line":63,"column":41}},"10":{"start":{"line":65,"column":8},"end":{"line":67,"column":null}},"11":{"start":{"line":66,"column":10},"end":{"line":66,"column":null}},"12":{"start":{"line":69,"column":30},"end":{"line":69,"column":null}},"13":{"start":{"line":70,"column":21},"end":{"line":70,"column":null}},"14":{"start":{"line":72,"column":8},"end":{"line":144,"column":null}},"15":{"start":{"line":73,"column":26},"end":{"line":73,"column":null}},"16":{"start":{"line":74,"column":26},"end":{"line":74,"column":null}},"17":{"start":{"line":75,"column":25},"end":{"line":75,"column":null}},"18":{"start":{"line":76,"column":31},"end":{"line":76,"column":null}},"19":{"start":{"line":79,"column":10},"end":{"line":85,"column":null}},"20":{"start":{"line":80,"column":12},"end":{"line":84,"column":null}},"21":{"start":{"line":87,"column":10},"end":{"line":97,"column":null}},"22":{"start":{"line":88,"column":27},"end":{"line":88,"column":38}},"23":{"start":{"line":90,"column":12},"end":{"line":96,"column":null}},"24":{"start":{"line":91,"column":14},"end":{"line":95,"column":null}},"25":{"start":{"line":99,"column":10},"end":{"line":116,"column":null}},"26":{"start":{"line":100,"column":27},"end":{"line":100,"column":38}},"27":{"start":{"line":102,"column":12},"end":{"line":108,"column":null}},"28":{"start":{"line":103,"column":14},"end":{"line":107,"column":null}},"29":{"start":{"line":109,"column":12},"end":{"line":115,"column":null}},"30":{"start":{"line":110,"column":14},"end":{"line":114,"column":null}},"31":{"start":{"line":118,"column":10},"end":{"line":143,"column":null}},"32":{"start":{"line":119,"column":27},"end":{"line":119,"column":36}},"33":{"start":{"line":121,"column":12},"end":{"line":128,"column":null}},"34":{"start":{"line":122,"column":14},"end":{"line":126,"column":null}},"35":{"start":{"line":127,"column":14},"end":{"line":127,"column":null}},"36":{"start":{"line":129,"column":12},"end":{"line":135,"column":null}},"37":{"start":{"line":130,"column":14},"end":{"line":134,"column":null}},"38":{"start":{"line":136,"column":12},"end":{"line":142,"column":null}},"39":{"start":{"line":137,"column":14},"end":{"line":141,"column":null}}},"fnMap":{"0":{"name":"create","decl":{"start":{"line":44,"column":2},"end":{"line":44,"column":9}},"loc":{"start":{"line":44,"column":16},"end":{"line":147,"column":null}},"line":44},"1":{"name":"Program","decl":{"start":{"line":52,"column":6},"end":{"line":52,"column":14}},"loc":{"start":{"line":52,"column":18},"end":{"line":145,"column":null}},"line":52}},"branchMap":{"0":{"loc":{"start":{"line":47,"column":4},"end":{"line":49,"column":null}},"type":"if","locations":[{"start":{"line":47,"column":4},"end":{"line":49,"column":null}},{"start":{},"end":{}}],"line":47},"1":{"loc":{"start":{"line":47,"column":8},"end":{"line":47,"column":69}},"type":"binary-expr","locations":[{"start":{"line":47,"column":8},"end":{"line":47,"column":39}},{"start":{"line":47,"column":39},"end":{"line":47,"column":69}}],"line":47},"2":{"loc":{"start":{"line":56,"column":8},"end":{"line":61,"column":null}},"type":"if","locations":[{"start":{"line":56,"column":8},"end":{"line":61,"column":null}},{"start":{},"end":{}}],"line":56},"3":{"loc":{"start":{"line":57,"column":10},"end":{"line":58,"column":null}},"type":"binary-expr","locations":[{"start":{"line":57,"column":10},"end":{"line":57,"column":null}},{"start":{"line":58,"column":10},"end":{"line":58,"column":null}}],"line":57},"4":{"loc":{"start":{"line":65,"column":8},"end":{"line":67,"column":null}},"type":"if","locations":[{"start":{"line":65,"column":8},"end":{"line":67,"column":null}},{"start":{},"end":{}}],"line":65},"5":{"loc":{"start":{"line":65,"column":12},"end":{"line":65,"column":59}},"type":"binary-expr","locations":[{"start":{"line":65,"column":12},"end":{"line":65,"column":21}},{"start":{"line":65,"column":21},"end":{"line":65,"column":59}}],"line":65},"6":{"loc":{"start":{"line":79,"column":10},"end":{"line":85,"column":null}},"type":"if","locations":[{"start":{"line":79,"column":10},"end":{"line":85,"column":null}},{"start":{},"end":{}}],"line":79},"7":{"loc":{"start":{"line":90,"column":12},"end":{"line":96,"column":null}},"type":"if","locations":[{"start":{"line":90,"column":12},"end":{"line":96,"column":null}},{"start":{},"end":{}}],"line":90},"8":{"loc":{"start":{"line":102,"column":12},"end":{"line":108,"column":null}},"type":"if","locations":[{"start":{"line":102,"column":12},"end":{"line":108,"column":null}},{"start":{},"end":{}}],"line":102},"9":{"loc":{"start":{"line":109,"column":12},"end":{"line":115,"column":null}},"type":"if","locations":[{"start":{"line":109,"column":12},"end":{"line":115,"column":null}},{"start":{},"end":{}}],"line":109},"10":{"loc":{"start":{"line":121,"column":12},"end":{"line":128,"column":null}},"type":"if","locations":[{"start":{"line":121,"column":12},"end":{"line":128,"column":null}},{"start":{},"end":{}}],"line":121},"11":{"loc":{"start":{"line":129,"column":12},"end":{"line":135,"column":null}},"type":"if","locations":[{"start":{"line":129,"column":12},"end":{"line":135,"column":null}},{"start":{},"end":{}}],"line":129},"12":{"loc":{"start":{"line":136,"column":12},"end":{"line":142,"column":null}},"type":"if","locations":[{"start":{"line":136,"column":12},"end":{"line":142,"column":null}},{"start":{},"end":{}}],"line":136}},"s":{"0":1,"1":9,"2":9,"3":0,"4":9,"5":9,"6":9,"7":9,"8":0,"9":9,"10":9,"11":0,"12":9,"13":9,"14":9,"15":9,"16":9,"17":9,"18":9,"19":9,"20":1,"21":9,"22":8,"23":8,"24":2,"25":9,"26":4,"27":4,"28":1,"29":4,"30":1,"31":9,"32":6,"33":6,"34":1,"35":1,"36":5,"37":1,"38":5,"39":1},"f":{"0":9,"1":9},"b":{"0":[0,9],"1":[9,1],"2":[0,9],"3":[9,9],"4":[0,9],"5":[9,9],"6":[1,8],"7":[2,6],"8":[1,3],"9":[1,3],"10":[1,5],"11":[1,4],"12":[1,4]},"meta":{"lastBranch":13,"lastFunction":2,"lastStatement":40,"seen":{"s:13:30:148:Infinity":0,"f:44:2:44:9":0,"s:45:21:45:Infinity":1,"b:47:4:49:Infinity:undefined:undefined:undefined:undefined":0,"s:47:4:49:Infinity":2,"b:47:8:47:39:47:39:47:69":1,"s:48:6:48:Infinity":3,"s:51:4:146:Infinity":4,"f:52:6:52:14":1,"s:53:25:53:Infinity":5,"s:54:26:54:42":6,"b:56:8:61:Infinity:undefined:undefined:undefined:undefined":2,"s:56:8:61:Infinity":7,"b:57:10:57:Infinity:58:10:58:Infinity":3,"s:60:10:60:Infinity":8,"s:63:21:63:41":9,"b:65:8:67:Infinity:undefined:undefined:undefined:undefined":4,"s:65:8:67:Infinity":10,"b:65:12:65:21:65:21:65:59":5,"s:66:10:66:Infinity":11,"s:69:30:69:Infinity":12,"s:70:21:70:Infinity":13,"s:72:8:144:Infinity":14,"s:73:26:73:Infinity":15,"s:74:26:74:Infinity":16,"s:75:25:75:Infinity":17,"s:76:31:76:Infinity":18,"b:79:10:85:Infinity:undefined:undefined:undefined:undefined":6,"s:79:10:85:Infinity":19,"s:80:12:84:Infinity":20,"s:87:10:97:Infinity":21,"s:88:27:88:38":22,"b:90:12:96:Infinity:undefined:undefined:undefined:undefined":7,"s:90:12:96:Infinity":23,"s:91:14:95:Infinity":24,"s:99:10:116:Infinity":25,"s:100:27:100:38":26,"b:102:12:108:Infinity:undefined:undefined:undefined:undefined":8,"s:102:12:108:Infinity":27,"s:103:14:107:Infinity":28,"b:109:12:115:Infinity:undefined:undefined:undefined:undefined":9,"s:109:12:115:Infinity":29,"s:110:14:114:Infinity":30,"s:118:10:143:Infinity":31,"s:119:27:119:36":32,"b:121:12:128:Infinity:undefined:undefined:undefined:undefined":10,"s:121:12:128:Infinity":33,"s:122:14:126:Infinity":34,"s:127:14:127:Infinity":35,"b:129:12:135:Infinity:undefined:undefined:undefined:undefined":11,"s:129:12:135:Infinity":36,"s:130:14:134:Infinity":37,"b:136:12:142:Infinity:undefined:undefined:undefined:undefined":12,"s:136:12:142:Infinity":38,"s:137:14:141:Infinity":39},"fnNames":{}}}
,"/home/david/repos/ad-web-launcher/web-react/eslint/tokens/helpers/tokenAst.ts": {"path":"/home/david/repos/ad-web-launcher/web-react/eslint/tokens/helpers/tokenAst.ts","statementMap":{"0":{"start":{"line":8,"column":2},"end":{"line":12,"column":null}},"1":{"start":{"line":10,"column":6},"end":{"line":12,"column":null}},"2":{"start":{"line":21,"column":19},"end":{"line":21,"column":null}},"3":{"start":{"line":24,"column":4},"end":{"line":26,"column":10}},"4":{"start":{"line":28,"column":18},"end":{"line":37,"column":null}},"5":{"start":{"line":31,"column":8},"end":{"line":32,"column":null}},"6":{"start":{"line":34,"column":21},"end":{"line":37,"column":null}},"7":{"start":{"line":39,"column":2},"end":{"line":43,"column":null}},"8":{"start":{"line":42,"column":33},"end":{"line":42,"column":44}},"9":{"start":{"line":51,"column":19},"end":{"line":51,"column":null}},"10":{"start":{"line":54,"column":4},"end":{"line":56,"column":10}},"11":{"start":{"line":58,"column":18},"end":{"line":67,"column":null}},"12":{"start":{"line":60,"column":22},"end":{"line":67,"column":null}},"13":{"start":{"line":69,"column":2},"end":{"line":72,"column":null}},"14":{"start":{"line":79,"column":2},"end":{"line":79,"column":null}},"15":{"start":{"line":86,"column":19},"end":{"line":86,"column":null}},"16":{"start":{"line":89,"column":4},"end":{"line":91,"column":10}},"17":{"start":{"line":93,"column":2},"end":{"line":103,"column":null}},"18":{"start":{"line":95,"column":22},"end":{"line":103,"column":null}},"19":{"start":{"line":110,"column":2},"end":{"line":119,"column":null}},"20":{"start":{"line":126,"column":2},"end":{"line":135,"column":null}}},"fnMap":{"0":{"name":"getProperty","decl":{"start":{"line":4,"column":9},"end":{"line":4,"column":null}},"loc":{"start":{"line":6,"column":14},"end":{"line":14,"column":null}},"line":6},"1":{"name":"(anonymous_1)","decl":{"start":{"line":9,"column":4},"end":{"line":9,"column":5}},"loc":{"start":{"line":10,"column":6},"end":{"line":12,"column":null}},"line":10},"2":{"name":"getArrayProperty","decl":{"start":{"line":17,"column":16},"end":{"line":17,"column":null}},"loc":{"start":{"line":19,"column":14},"end":{"line":44,"column":null}},"line":19},"3":{"name":"(anonymous_3)","decl":{"start":{"line":30,"column":6},"end":{"line":30,"column":7}},"loc":{"start":{"line":31,"column":8},"end":{"line":32,"column":null}},"line":31},"4":{"name":"(anonymous_4)","decl":{"start":{"line":34,"column":9},"end":{"line":34,"column":21}},"loc":{"start":{"line":34,"column":21},"end":{"line":37,"column":null}},"line":34},"5":{"name":"(anonymous_5)","decl":{"start":{"line":42,"column":24},"end":{"line":42,"column":33}},"loc":{"start":{"line":42,"column":33},"end":{"line":42,"column":44}},"line":42},"6":{"name":"getObjectProperty","decl":{"start":{"line":47,"column":16},"end":{"line":47,"column":null}},"loc":{"start":{"line":49,"column":14},"end":{"line":73,"column":null}},"line":49},"7":{"name":"(anonymous_7)","decl":{"start":{"line":60,"column":9},"end":{"line":60,"column":22}},"loc":{"start":{"line":60,"column":22},"end":{"line":67,"column":null}},"line":60},"8":{"name":"getAlwaysAllowed","decl":{"start":{"line":76,"column":16},"end":{"line":76,"column":null}},"loc":{"start":{"line":77,"column":24},"end":{"line":80,"column":null}},"line":77},"9":{"name":"getVars","decl":{"start":{"line":83,"column":16},"end":{"line":83,"column":null}},"loc":{"start":{"line":84,"column":24},"end":{"line":104,"column":null}},"line":84},"10":{"name":"(anonymous_10)","decl":{"start":{"line":95,"column":9},"end":{"line":95,"column":22}},"loc":{"start":{"line":95,"column":22},"end":{"line":103,"column":null}},"line":95},"11":{"name":"getValueLoc","decl":{"start":{"line":107,"column":16},"end":{"line":107,"column":null}},"loc":{"start":{"line":108,"column":23},"end":{"line":120,"column":null}},"line":108},"12":{"name":"getKeyLoc","decl":{"start":{"line":123,"column":16},"end":{"line":123,"column":null}},"loc":{"start":{"line":124,"column":31},"end":{"line":136,"column":null}},"line":124}},"branchMap":{"0":{"loc":{"start":{"line":10,"column":6},"end":{"line":12,"column":null}},"type":"binary-expr","locations":[{"start":{"line":10,"column":6},"end":{"line":10,"column":null}},{"start":{"line":11,"column":6},"end":{"line":11,"column":null}},{"start":{"line":12,"column":6},"end":{"line":12,"column":null}}],"line":10},"1":{"loc":{"start":{"line":24,"column":4},"end":{"line":26,"column":10}},"type":"cond-expr","locations":[{"start":{"line":25,"column":8},"end":{"line":25,"column":31}},{"start":{"line":26,"column":8},"end":{"line":26,"column":10}}],"line":24},"2":{"loc":{"start":{"line":24,"column":4},"end":{"line":24,"column":null}},"type":"binary-expr","locations":[{"start":{"line":24,"column":4},"end":{"line":24,"column":16}},{"start":{"line":24,"column":16},"end":{"line":24,"column":null}}],"line":24},"3":{"loc":{"start":{"line":31,"column":8},"end":{"line":32,"column":null}},"type":"binary-expr","locations":[{"start":{"line":31,"column":8},"end":{"line":31,"column":null}},{"start":{"line":32,"column":8},"end":{"line":32,"column":null}}],"line":31},"4":{"loc":{"start":{"line":54,"column":4},"end":{"line":56,"column":10}},"type":"cond-expr","locations":[{"start":{"line":55,"column":8},"end":{"line":55,"column":33}},{"start":{"line":56,"column":8},"end":{"line":56,"column":10}}],"line":54},"5":{"loc":{"start":{"line":54,"column":4},"end":{"line":54,"column":null}},"type":"binary-expr","locations":[{"start":{"line":54,"column":4},"end":{"line":54,"column":16}},{"start":{"line":54,"column":16},"end":{"line":54,"column":null}}],"line":54},"6":{"loc":{"start":{"line":63,"column":8},"end":{"line":65,"column":null}},"type":"cond-expr","locations":[{"start":{"line":64,"column":12},"end":{"line":64,"column":null}},{"start":{"line":65,"column":12},"end":{"line":65,"column":null}}],"line":63},"7":{"loc":{"start":{"line":89,"column":4},"end":{"line":91,"column":10}},"type":"cond-expr","locations":[{"start":{"line":90,"column":8},"end":{"line":90,"column":33}},{"start":{"line":91,"column":8},"end":{"line":91,"column":10}}],"line":89},"8":{"loc":{"start":{"line":89,"column":4},"end":{"line":89,"column":null}},"type":"binary-expr","locations":[{"start":{"line":89,"column":4},"end":{"line":89,"column":16}},{"start":{"line":89,"column":16},"end":{"line":89,"column":null}}],"line":89},"9":{"loc":{"start":{"line":99,"column":8},"end":{"line":101,"column":null}},"type":"cond-expr","locations":[{"start":{"line":100,"column":12},"end":{"line":100,"column":null}},{"start":{"line":101,"column":12},"end":{"line":101,"column":null}}],"line":99}},"s":{"0":45,"1":72,"2":27,"3":27,"4":27,"5":21,"6":21,"7":27,"8":21,"9":9,"10":9,"11":9,"12":6,"13":9,"14":9,"15":9,"16":9,"17":9,"18":9,"19":7,"20":1},"f":{"0":45,"1":72,"2":27,"3":21,"4":21,"5":21,"6":9,"7":6,"8":9,"9":9,"10":9,"11":7,"12":1},"b":{"0":[72,72,72],"1":[19,8],"2":[27,19],"3":[21,21],"4":[9,0],"5":[9,9],"6":[6,0],"7":[9,0],"8":[9,9],"9":[9,0]},"meta":{"lastBranch":10,"lastFunction":13,"lastStatement":21,"seen":{"f:4:9:4:Infinity":0,"s:8:2:12:Infinity":0,"f:9:4:9:5":1,"s:10:6:12:Infinity":1,"b:10:6:10:Infinity:11:6:11:Infinity:12:6:12:Infinity":0,"f:17:16:17:Infinity":2,"s:21:19:21:Infinity":2,"s:24:4:26:10":3,"b:25:8:25:31:26:8:26:10":1,"b:24:4:24:16:24:16:24:Infinity":2,"s:28:18:37:Infinity":4,"f:30:6:30:7":3,"s:31:8:32:Infinity":5,"b:31:8:31:Infinity:32:8:32:Infinity":3,"f:34:9:34:21":4,"s:34:21:37:Infinity":6,"s:39:2:43:Infinity":7,"f:42:24:42:33":5,"s:42:33:42:44":8,"f:47:16:47:Infinity":6,"s:51:19:51:Infinity":9,"s:54:4:56:10":10,"b:55:8:55:33:56:8:56:10":4,"b:54:4:54:16:54:16:54:Infinity":5,"s:58:18:67:Infinity":11,"f:60:9:60:22":7,"s:60:22:67:Infinity":12,"b:64:12:64:Infinity:65:12:65:Infinity":6,"s:69:2:72:Infinity":13,"f:76:16:76:Infinity":8,"s:79:2:79:Infinity":14,"f:83:16:83:Infinity":9,"s:86:19:86:Infinity":15,"s:89:4:91:10":16,"b:90:8:90:33:91:8:91:10":7,"b:89:4:89:16:89:16:89:Infinity":8,"s:93:2:103:Infinity":17,"f:95:9:95:22":10,"s:95:22:103:Infinity":18,"b:100:12:100:Infinity:101:12:101:Infinity":9,"f:107:16:107:Infinity":11,"s:110:2:119:Infinity":19,"f:123:16:123:Infinity":12,"s:126:2:135:Infinity":20},"fnNames":{}}}
,"/home/david/repos/ad-web-launcher/web-react/eslint/tokens/helpers/typeChecks.ts": {"path":"/home/david/repos/ad-web-launcher/web-react/eslint/tokens/helpers/typeChecks.ts","statementMap":{"0":{"start":{"line":22,"column":2},"end":{"line":22,"column":null}},"1":{"start":{"line":29,"column":2},"end":{"line":31,"column":null}},"2":{"start":{"line":39,"column":2},"end":{"line":41,"column":null}},"3":{"start":{"line":49,"column":2},"end":{"line":51,"column":null}}},"fnMap":{"0":{"name":"isJSONProperty","decl":{"start":{"line":19,"column":16},"end":{"line":19,"column":null}},"loc":{"start":{"line":20,"column":24},"end":{"line":23,"column":null}},"line":20},"1":{"name":"isLiteralProperty","decl":{"start":{"line":26,"column":16},"end":{"line":26,"column":null}},"loc":{"start":{"line":27,"column":24},"end":{"line":33,"column":null}},"line":27},"2":{"name":"isObjectProperty","decl":{"start":{"line":36,"column":16},"end":{"line":36,"column":null}},"loc":{"start":{"line":37,"column":24},"end":{"line":43,"column":null}},"line":37},"3":{"name":"isArrayProperty","decl":{"start":{"line":46,"column":16},"end":{"line":46,"column":null}},"loc":{"start":{"line":47,"column":24},"end":{"line":53,"column":null}},"line":47}},"branchMap":{"0":{"loc":{"start":{"line":30,"column":4},"end":{"line":31,"column":null}},"type":"binary-expr","locations":[{"start":{"line":30,"column":4},"end":{"line":30,"column":null}},{"start":{"line":31,"column":4},"end":{"line":31,"column":null}}],"line":30},"1":{"loc":{"start":{"line":40,"column":4},"end":{"line":41,"column":null}},"type":"binary-expr","locations":[{"start":{"line":40,"column":4},"end":{"line":40,"column":null}},{"start":{"line":41,"column":4},"end":{"line":41,"column":null}}],"line":40},"2":{"loc":{"start":{"line":50,"column":4},"end":{"line":51,"column":null}},"type":"binary-expr","locations":[{"start":{"line":50,"column":4},"end":{"line":50,"column":null}},{"start":{"line":51,"column":4},"end":{"line":51,"column":null}}],"line":50}},"s":{"0":72,"1":6,"2":27,"3":19},"f":{"0":72,"1":6,"2":27,"3":19},"b":{"0":[6,6],"1":[27,27],"2":[19,19]},"meta":{"lastBranch":3,"lastFunction":4,"lastStatement":4,"seen":{"f:19:16:19:Infinity":0,"s:22:2:22:Infinity":0,"f:26:16:26:Infinity":1,"s:29:2:31:Infinity":1,"b:30:4:30:Infinity:31:4:31:Infinity":0,"f:36:16:36:Infinity":2,"s:39:2:41:Infinity":2,"b:40:4:40:Infinity:41:4:41:Infinity":1,"f:46:16:46:Infinity":3,"s:49:2:51:Infinity":3,"b:50:4:50:Infinity:51:4:51:Infinity":2},"fnNames":{}}}
,"/home/david/repos/ad-web-launcher/web-react/plugins/adapters/vite.token-watcher-adapter.ts": {"path":"/home/david/repos/ad-web-launcher/web-react/plugins/adapters/vite.token-watcher-adapter.ts","statementMap":{"0":{"start":{"line":6,"column":18},"end":{"line":6,"column":null}},"1":{"start":{"line":9,"column":19},"end":{"line":9,"column":null}},"2":{"start":{"line":11,"column":2},"end":{"line":14,"column":null}},"3":{"start":{"line":21,"column":2},"end":{"line":39,"column":null}},"4":{"start":{"line":25,"column":6},"end":{"line":37,"column":null}},"5":{"start":{"line":26,"column":8},"end":{"line":28,"column":null}},"6":{"start":{"line":27,"column":10},"end":{"line":27,"column":null}},"7":{"start":{"line":30,"column":24},"end":{"line":30,"column":null}},"8":{"start":{"line":32,"column":8},"end":{"line":34,"column":null}},"9":{"start":{"line":33,"column":10},"end":{"line":33,"column":null}},"10":{"start":{"line":36,"column":8},"end":{"line":36,"column":null}},"11":{"start":{"line":42,"column":31},"end":{"line":44,"column":null}}},"fnMap":{"0":{"name":"isTokenFile","decl":{"start":{"line":8,"column":9},"end":{"line":8,"column":21}},"loc":{"start":{"line":8,"column":37},"end":{"line":16,"column":null}},"line":8},"1":{"name":"createTokenWatcherAdapter","decl":{"start":{"line":17,"column":24},"end":{"line":17,"column":null}},"loc":{"start":{"line":18,"column":30},"end":{"line":40,"column":null}},"line":18},"2":{"name":"configureServer","decl":{"start":{"line":24,"column":4},"end":{"line":24,"column":20}},"loc":{"start":{"line":24,"column":26},"end":{"line":38,"column":null}},"line":24},"3":{"name":"(anonymous_3)","decl":{"start":{"line":25,"column":34},"end":{"line":25,"column":null}},"loc":{"start":{"line":25,"column":34},"end":{"line":37,"column":null}},"line":25}},"branchMap":{"0":{"loc":{"start":{"line":12,"column":4},"end":{"line":14,"column":null}},"type":"binary-expr","locations":[{"start":{"line":12,"column":4},"end":{"line":12,"column":null}},{"start":{"line":13,"column":4},"end":{"line":13,"column":null}},{"start":{"line":14,"column":5},"end":{"line":14,"column":35}},{"start":{"line":14,"column":35},"end":{"line":14,"column":61}}],"line":12},"1":{"loc":{"start":{"line":26,"column":8},"end":{"line":28,"column":null}},"type":"if","locations":[{"start":{"line":26,"column":8},"end":{"line":28,"column":null}},{"start":{},"end":{}}],"line":26},"2":{"loc":{"start":{"line":32,"column":8},"end":{"line":34,"column":null}},"type":"if","locations":[{"start":{"line":32,"column":8},"end":{"line":34,"column":null}},{"start":{},"end":{}}],"line":32},"3":{"loc":{"start":{"line":32,"column":12},"end":{"line":32,"column":49}},"type":"binary-expr","locations":[{"start":{"line":32,"column":12},"end":{"line":32,"column":24}},{"start":{"line":32,"column":24},"end":{"line":32,"column":49}}],"line":32}},"s":{"0":1,"1":12,"2":12,"3":5,"4":5,"5":4,"6":1,"7":3,"8":3,"9":2,"10":1,"11":1},"f":{"0":12,"1":5,"2":5,"3":4},"b":{"0":[12,10,10,6],"1":[1,3],"2":[2,1],"3":[3,2]},"meta":{"lastBranch":4,"lastFunction":4,"lastStatement":12,"seen":{"s:6:18:6:Infinity":0,"f:8:9:8:21":0,"s:9:19:9:Infinity":1,"s:11:2:14:Infinity":2,"b:12:4:12:Infinity:13:4:13:Infinity:14:5:14:35:14:35:14:61":0,"f:17:24:17:Infinity":1,"s:21:2:39:Infinity":3,"f:24:4:24:20":2,"s:25:6:37:Infinity":4,"f:25:34:25:Infinity":3,"b:26:8:28:Infinity:undefined:undefined:undefined:undefined":1,"s:26:8:28:Infinity":5,"s:27:10:27:Infinity":6,"s:30:24:30:Infinity":7,"b:32:8:34:Infinity:undefined:undefined:undefined:undefined":2,"s:32:8:34:Infinity":8,"b:32:12:32:24:32:24:32:49":3,"s:33:10:33:Infinity":9,"s:36:8:36:Infinity":10,"s:42:31:44:Infinity":11},"fnNames":{}}}
,"/home/david/repos/ad-web-launcher/web-react/src/api/wallpaper.ts": {"path":"/home/david/repos/ad-web-launcher/web-react/src/api/wallpaper.ts","statementMap":{"0":{"start":{"line":10,"column":21},"end":{"line":10,"column":null}},"1":{"start":{"line":11,"column":14},"end":{"line":12,"column":null}},"2":{"start":{"line":15,"column":2},"end":{"line":15,"column":null}},"3":{"start":{"line":15,"column":15},"end":{"line":15,"column":null}},"4":{"start":{"line":17,"column":15},"end":{"line":17,"column":null}},"5":{"start":{"line":18,"column":2},"end":{"line":18,"column":null}},"6":{"start":{"line":18,"column":34},"end":{"line":18,"column":53}}},"fnMap":{"0":{"name":"fetchWallpapers","decl":{"start":{"line":9,"column":54},"end":{"line":9,"column":null}},"loc":{"start":{"line":9,"column":54},"end":{"line":19,"column":null}},"line":9},"1":{"name":"(anonymous_1)","decl":{"start":{"line":18,"column":23},"end":{"line":18,"column":24}},"loc":{"start":{"line":18,"column":34},"end":{"line":18,"column":53}},"line":18}},"branchMap":{"0":{"loc":{"start":{"line":9,"column":54},"end":{"line":9,"column":null}},"type":"default-arg","locations":[{"start":{"line":9,"column":54},"end":{"line":9,"column":null}}],"line":9},"1":{"loc":{"start":{"line":15,"column":2},"end":{"line":15,"column":null}},"type":"if","locations":[{"start":{"line":15,"column":2},"end":{"line":15,"column":null}},{"start":{},"end":{}}],"line":15}},"s":{"0":3,"1":3,"2":3,"3":1,"4":2,"5":2,"6":2},"f":{"0":3,"1":2},"b":{"0":[3],"1":[1,2]},"meta":{"lastBranch":2,"lastFunction":2,"lastStatement":7,"seen":{"f:9:54:9:Infinity":0,"b:9:54:9:Infinity":0,"s:10:21:10:Infinity":0,"s:11:14:12:Infinity":1,"b:15:2:15:Infinity:undefined:undefined:undefined:undefined":1,"s:15:2:15:Infinity":2,"s:15:15:15:Infinity":3,"s:17:15:17:Infinity":4,"s:18:2:18:Infinity":5,"f:18:23:18:24":1,"s:18:34:18:53":6},"fnNames":{}}}
,"/home/david/repos/ad-web-launcher/web-react/src/composites/hooks/useBehaviorState.hook.ts": {"path":"/home/david/repos/ad-web-launcher/web-react/src/composites/hooks/useBehaviorState.hook.ts","statementMap":{"0":{"start":{"line":11,"column":22},"end":{"line":11,"column":null}},"1":{"start":{"line":11,"column":41},"end":{"line":11,"column":63}},"2":{"start":{"line":13,"column":19},"end":{"line":13,"column":null}},"3":{"start":{"line":15,"column":2},"end":{"line":19,"column":null}},"4":{"start":{"line":16,"column":4},"end":{"line":16,"column":null}},"5":{"start":{"line":17,"column":9},"end":{"line":19,"column":null}},"6":{"start":{"line":18,"column":4},"end":{"line":18,"column":null}},"7":{"start":{"line":21,"column":24},"end":{"line":21,"column":null}},"8":{"start":{"line":23,"column":28},"end":{"line":23,"column":null}},"9":{"start":{"line":24,"column":28},"end":{"line":24,"column":null}},"10":{"start":{"line":26,"column":19},"end":{"line":26,"column":null}},"11":{"start":{"line":28,"column":2},"end":{"line":35,"column":null}}},"fnMap":{"0":{"name":"useBehaviorState","decl":{"start":{"line":4,"column":16},"end":{"line":4,"column":33}},"loc":{"start":{"line":9,"column":12},"end":{"line":36,"column":null}},"line":9},"1":{"name":"(anonymous_1)","decl":{"start":{"line":11,"column":36},"end":{"line":11,"column":41}},"loc":{"start":{"line":11,"column":41},"end":{"line":11,"column":63}},"line":11}},"branchMap":{"0":{"loc":{"start":{"line":7,"column":2},"end":{"line":7,"column":17}},"type":"default-arg","locations":[{"start":{"line":7,"column":12},"end":{"line":7,"column":17}}],"line":7},"1":{"loc":{"start":{"line":8,"column":12},"end":{"line":8,"column":32}},"type":"default-arg","locations":[{"start":{"line":8,"column":28},"end":{"line":8,"column":32}}],"line":8},"2":{"loc":{"start":{"line":15,"column":2},"end":{"line":19,"column":null}},"type":"if","locations":[{"start":{"line":15,"column":2},"end":{"line":19,"column":null}},{"start":{"line":17,"column":9},"end":{"line":19,"column":null}}],"line":15},"3":{"loc":{"start":{"line":16,"column":11},"end":{"line":16,"column":null}},"type":"cond-expr","locations":[{"start":{"line":16,"column":23},"end":{"line":16,"column":30}},{"start":{"line":16,"column":30},"end":{"line":16,"column":null}}],"line":16},"4":{"loc":{"start":{"line":17,"column":9},"end":{"line":19,"column":null}},"type":"if","locations":[{"start":{"line":17,"column":9},"end":{"line":19,"column":null}},{"start":{},"end":{}}],"line":17},"5":{"loc":{"start":{"line":21,"column":24},"end":{"line":21,"column":null}},"type":"binary-expr","locations":[{"start":{"line":21,"column":24},"end":{"line":21,"column":39}},{"start":{"line":21,"column":39},"end":{"line":21,"column":null}}],"line":21},"6":{"loc":{"start":{"line":23,"column":28},"end":{"line":23,"column":null}},"type":"binary-expr","locations":[{"start":{"line":23,"column":28},"end":{"line":23,"column":43}},{"start":{"line":23,"column":43},"end":{"line":23,"column":60}},{"start":{"line":23,"column":60},"end":{"line":23,"column":null}}],"line":23},"7":{"loc":{"start":{"line":24,"column":28},"end":{"line":24,"column":null}},"type":"binary-expr","locations":[{"start":{"line":24,"column":29},"end":{"line":24,"column":45}},{"start":{"line":24,"column":45},"end":{"line":24,"column":52}},{"start":{"line":24,"column":58},"end":{"line":24,"column":null}}],"line":24},"8":{"loc":{"start":{"line":26,"column":19},"end":{"line":26,"column":null}},"type":"cond-expr","locations":[{"start":{"line":26,"column":29},"end":{"line":26,"column":36}},{"start":{"line":26,"column":36},"end":{"line":26,"column":null}}],"line":26}},"s":{"0":135,"1":632,"2":135,"3":135,"4":22,"5":113,"6":13,"7":135,"8":135,"9":135,"10":135,"11":135},"f":{"0":135,"1":632},"b":{"0":[135],"1":[135],"2":[22,113],"3":[11,11],"4":[13,100],"5":[135,85],"6":[135,61,51],"7":[135,61,115],"8":[43,92]},"meta":{"lastBranch":9,"lastFunction":2,"lastStatement":12,"seen":{"f:4:16:4:33":0,"b:7:12:7:17":0,"b:8:28:8:32":1,"s:11:22:11:Infinity":0,"f:11:36:11:41":1,"s:11:41:11:63":1,"s:13:19:13:Infinity":2,"b:15:2:19:Infinity:17:9:19:Infinity":2,"s:15:2:19:Infinity":3,"s:16:4:16:Infinity":4,"b:16:23:16:30:16:30:16:Infinity":3,"b:17:9:19:Infinity:undefined:undefined:undefined:undefined":4,"s:17:9:19:Infinity":5,"s:18:4:18:Infinity":6,"s:21:24:21:Infinity":7,"b:21:24:21:39:21:39:21:Infinity":5,"s:23:28:23:Infinity":8,"b:23:28:23:43:23:43:23:60:23:60:23:Infinity":6,"s:24:28:24:Infinity":9,"b:24:29:24:45:24:45:24:52:24:58:24:Infinity":7,"s:26:19:26:Infinity":10,"b:26:29:26:36:26:36:26:Infinity":8,"s:28:2:35:Infinity":11},"fnNames":{}}}
,"/home/david/repos/ad-web-launcher/web-react/src/config/app.config.ts": {"path":"/home/david/repos/ad-web-launcher/web-react/src/config/app.config.ts","statementMap":{"0":{"start":{"line":20,"column":37},"end":{"line":35,"column":null}}},"fnMap":{},"branchMap":{},"s":{"0":17},"f":{},"b":{},"meta":{"lastBranch":0,"lastFunction":0,"lastStatement":1,"seen":{"s:20:37:35:Infinity":0},"fnNames":{}}}
,"/home/david/repos/ad-web-launcher/web-react/src/config/zIndex.config.ts": {"path":"/home/david/repos/ad-web-launcher/web-react/src/config/zIndex.config.ts","statementMap":{"0":{"start":{"line":1,"column":17},"end":{"line":9,"column":null}}},"fnMap":{},"branchMap":{},"s":{"0":1},"f":{},"b":{},"meta":{"lastBranch":0,"lastFunction":0,"lastStatement":1,"seen":{"s:1:17:9:Infinity":0},"fnNames":{}}}
,"/home/david/repos/ad-web-launcher/web-react/src/data/generators/dataGenerator.ts": {"path":"/home/david/repos/ad-web-launcher/web-react/src/data/generators/dataGenerator.ts","statementMap":{"0":{"start":{"line":5,"column":31},"end":{"line":8,"column":null}},"1":{"start":{"line":12,"column":17},"end":{"line":12,"column":null}},"2":{"start":{"line":13,"column":18},"end":{"line":13,"column":null}},"3":{"start":{"line":15,"column":2},"end":{"line":22,"column":null}},"4":{"start":{"line":26,"column":15},"end":{"line":26,"column":null}},"5":{"start":{"line":28,"column":2},"end":{"line":33,"column":null}}},"fnMap":{"0":{"name":"createLane","decl":{"start":{"line":11,"column":16},"end":{"line":11,"column":27}},"loc":{"start":{"line":11,"column":39},"end":{"line":23,"column":null}},"line":11},"1":{"name":"createLaneSystem","decl":{"start":{"line":25,"column":9},"end":{"line":25,"column":26}},"loc":{"start":{"line":25,"column":38},"end":{"line":34,"column":null}},"line":25}},"branchMap":{},"s":{"0":2,"1":37,"2":37,"3":37,"4":4,"5":4},"f":{"0":37,"1":4},"b":{},"meta":{"lastBranch":0,"lastFunction":2,"lastStatement":6,"seen":{"s:5:31:8:Infinity":0,"f:11:16:11:27":0,"s:12:17:12:Infinity":1,"s:13:18:13:Infinity":2,"s:15:2:22:Infinity":3,"f:25:9:25:26":1,"s:26:15:26:Infinity":4,"s:28:2:33:Infinity":5},"fnNames":{}}}
,"/home/david/repos/ad-web-launcher/web-react/src/data/generators/idGenerator.ts": {"path":"/home/david/repos/ad-web-launcher/web-react/src/data/generators/idGenerator.ts","statementMap":{"0":{"start":{"line":2,"column":2},"end":{"line":2,"column":null}},"1":{"start":{"line":10,"column":20},"end":{"line":14,"column":null}},"2":{"start":{"line":11,"column":4},"end":{"line":14,"column":null}},"3":{"start":{"line":16,"column":13},"end":{"line":16,"column":null}},"4":{"start":{"line":17,"column":16},"end":{"line":17,"column":null}},"5":{"start":{"line":18,"column":15},"end":{"line":18,"column":null}},"6":{"start":{"line":20,"column":2},"end":{"line":22,"column":null}}},"fnMap":{"0":{"name":"generateId","decl":{"start":{"line":1,"column":16},"end":{"line":1,"column":null}},"loc":{"start":{"line":1,"column":16},"end":{"line":3,"column":null}},"line":1},"1":{"name":"createId","decl":{"start":{"line":5,"column":16},"end":{"line":5,"column":null}},"loc":{"start":{"line":8,"column":21},"end":{"line":23,"column":null}},"line":8},"2":{"name":"(anonymous_2)","decl":{"start":{"line":10,"column":20},"end":{"line":10,"column":21}},"loc":{"start":{"line":11,"column":4},"end":{"line":14,"column":null}},"line":11}},"branchMap":{"0":{"loc":{"start":{"line":16,"column":13},"end":{"line":16,"column":null}},"type":"cond-expr","locations":[{"start":{"line":16,"column":23},"end":{"line":16,"column":44}},{"start":{"line":16,"column":44},"end":{"line":16,"column":null}}],"line":16},"1":{"loc":{"start":{"line":20,"column":9},"end":{"line":22,"column":21}},"type":"cond-expr","locations":[{"start":{"line":21,"column":6},"end":{"line":21,"column":30}},{"start":{"line":22,"column":6},"end":{"line":22,"column":21}}],"line":20}},"s":{"0":84,"1":90,"2":187,"3":90,"4":90,"5":90,"6":90},"f":{"0":84,"1":90,"2":187},"b":{"0":[7,83],"1":[2,88]},"meta":{"lastBranch":2,"lastFunction":3,"lastStatement":7,"seen":{"f:1:16:1:Infinity":0,"s:2:2:2:Infinity":0,"f:5:16:5:Infinity":1,"s:10:20:14:Infinity":1,"f:10:20:10:21":2,"s:11:4:14:Infinity":2,"s:16:13:16:Infinity":3,"b:16:23:16:44:16:44:16:Infinity":0,"s:17:16:17:Infinity":4,"s:18:15:18:Infinity":5,"s:20:2:22:Infinity":6,"b:21:6:21:30:22:6:22:21":1},"fnNames":{}}}
,"/home/david/repos/ad-web-launcher/web-react/src/interaction/adapter/usePointerBridge.hook.ts": {"path":"/home/david/repos/ad-web-launcher/web-react/src/interaction/adapter/usePointerBridge.hook.ts","statementMap":{"0":{"start":{"line":25,"column":19},"end":{"line":25,"column":null}},"1":{"start":{"line":26,"column":26},"end":{"line":26,"column":null}},"2":{"start":{"line":27,"column":24},"end":{"line":27,"column":null}},"3":{"start":{"line":29,"column":2},"end":{"line":31,"column":null}},"4":{"start":{"line":30,"column":4},"end":{"line":30,"column":null}},"5":{"start":{"line":33,"column":2},"end":{"line":140,"column":null}},"6":{"start":{"line":34,"column":15},"end":{"line":34,"column":28}},"7":{"start":{"line":35,"column":4},"end":{"line":35,"column":null}},"8":{"start":{"line":35,"column":25},"end":{"line":35,"column":null}},"9":{"start":{"line":38,"column":6},"end":{"line":44,"column":null}},"10":{"start":{"line":39,"column":8},"end":{"line":41,"column":null}},"11":{"start":{"line":40,"column":10},"end":{"line":40,"column":null}},"12":{"start":{"line":43,"column":8},"end":{"line":43,"column":null}},"13":{"start":{"line":48,"column":6},"end":{"line":50,"column":null}},"14":{"start":{"line":49,"column":8},"end":{"line":49,"column":null}},"15":{"start":{"line":52,"column":24},"end":{"line":52,"column":47}},"16":{"start":{"line":54,"column":6},"end":{"line":54,"column":null}},"17":{"start":{"line":55,"column":6},"end":{"line":55,"column":null}},"18":{"start":{"line":57,"column":6},"end":{"line":57,"column":null}},"19":{"start":{"line":58,"column":6},"end":{"line":58,"column":null}},"20":{"start":{"line":62,"column":6},"end":{"line":62,"column":null}},"21":{"start":{"line":64,"column":6},"end":{"line":64,"column":null}},"22":{"start":{"line":64,"column":28},"end":{"line":64,"column":null}},"23":{"start":{"line":66,"column":6},"end":{"line":70,"column":null}},"24":{"start":{"line":67,"column":8},"end":{"line":67,"column":null}},"25":{"start":{"line":69,"column":8},"end":{"line":69,"column":null}},"26":{"start":{"line":72,"column":6},"end":{"line":72,"column":null}},"27":{"start":{"line":73,"column":6},"end":{"line":73,"column":null}},"28":{"start":{"line":75,"column":6},"end":{"line":80,"column":null}},"29":{"start":{"line":84,"column":6},"end":{"line":84,"column":null}},"30":{"start":{"line":84,"column":29},"end":{"line":84,"column":null}},"31":{"start":{"line":85,"column":6},"end":{"line":85,"column":null}},"32":{"start":{"line":85,"column":51},"end":{"line":85,"column":null}},"33":{"start":{"line":87,"column":6},"end":{"line":92,"column":null}},"34":{"start":{"line":96,"column":6},"end":{"line":96,"column":null}},"35":{"start":{"line":96,"column":29},"end":{"line":96,"column":null}},"36":{"start":{"line":97,"column":6},"end":{"line":97,"column":null}},"37":{"start":{"line":97,"column":51},"end":{"line":97,"column":null}},"38":{"start":{"line":99,"column":6},"end":{"line":99,"column":null}},"39":{"start":{"line":101,"column":6},"end":{"line":106,"column":null}},"40":{"start":{"line":108,"column":6},"end":{"line":108,"column":null}},"41":{"start":{"line":109,"column":6},"end":{"line":109,"column":null}},"42":{"start":{"line":113,"column":6},"end":{"line":113,"column":null}},"43":{"start":{"line":113,"column":29},"end":{"line":113,"column":null}},"44":{"start":{"line":114,"column":6},"end":{"line":114,"column":null}},"45":{"start":{"line":114,"column":51},"end":{"line":114,"column":null}},"46":{"start":{"line":116,"column":6},"end":{"line":116,"column":null}},"47":{"start":{"line":120,"column":6},"end":{"line":122,"column":null}},"48":{"start":{"line":121,"column":8},"end":{"line":121,"column":null}},"49":{"start":{"line":125,"column":4},"end":{"line":125,"column":null}},"50":{"start":{"line":126,"column":4},"end":{"line":126,"column":null}},"51":{"start":{"line":127,"column":4},"end":{"line":127,"column":null}},"52":{"start":{"line":128,"column":4},"end":{"line":128,"column":null}},"53":{"start":{"line":129,"column":4},"end":{"line":129,"column":null}},"54":{"start":{"line":131,"column":4},"end":{"line":139,"column":null}},"55":{"start":{"line":132,"column":6},"end":{"line":132,"column":null}},"56":{"start":{"line":133,"column":6},"end":{"line":133,"column":null}},"57":{"start":{"line":134,"column":6},"end":{"line":134,"column":null}},"58":{"start":{"line":135,"column":6},"end":{"line":135,"column":null}},"59":{"start":{"line":136,"column":6},"end":{"line":136,"column":null}},"60":{"start":{"line":138,"column":6},"end":{"line":138,"column":null}}},"fnMap":{"0":{"name":"usePointerBridge","decl":{"start":{"line":20,"column":16},"end":{"line":20,"column":33}},"loc":{"start":{"line":24,"column":25},"end":{"line":141,"column":null}},"line":24},"1":{"name":"(anonymous_1)","decl":{"start":{"line":29,"column":12},"end":{"line":29,"column":null}},"loc":{"start":{"line":29,"column":12},"end":{"line":31,"column":5}},"line":29},"2":{"name":"(anonymous_2)","decl":{"start":{"line":33,"column":12},"end":{"line":33,"column":null}},"loc":{"start":{"line":33,"column":12},"end":{"line":140,"column":5}},"line":33},"3":{"name":"releasePointerCapture","decl":{"start":{"line":37,"column":13},"end":{"line":37,"column":35}},"loc":{"start":{"line":37,"column":52},"end":{"line":45,"column":null}},"line":37},"4":{"name":"abortActiveGesture","decl":{"start":{"line":47,"column":13},"end":{"line":47,"column":null}},"loc":{"start":{"line":47,"column":13},"end":{"line":59,"column":null}},"line":47},"5":{"name":"handlePointerDown","decl":{"start":{"line":61,"column":13},"end":{"line":61,"column":31}},"loc":{"start":{"line":61,"column":46},"end":{"line":81,"column":null}},"line":61},"6":{"name":"handlePointerMove","decl":{"start":{"line":83,"column":13},"end":{"line":83,"column":31}},"loc":{"start":{"line":83,"column":46},"end":{"line":93,"column":null}},"line":83},"7":{"name":"handlePointerUp","decl":{"start":{"line":95,"column":13},"end":{"line":95,"column":29}},"loc":{"start":{"line":95,"column":44},"end":{"line":110,"column":null}},"line":95},"8":{"name":"handlePointerCancel","decl":{"start":{"line":112,"column":13},"end":{"line":112,"column":33}},"loc":{"start":{"line":112,"column":48},"end":{"line":117,"column":null}},"line":112},"9":{"name":"handleReaction","decl":{"start":{"line":119,"column":13},"end":{"line":119,"column":28}},"loc":{"start":{"line":119,"column":36},"end":{"line":123,"column":null}},"line":119},"10":{"name":"(anonymous_10)","decl":{"start":{"line":131,"column":11},"end":{"line":131,"column":null}},"loc":{"start":{"line":131,"column":11},"end":{"line":139,"column":null}},"line":131}},"branchMap":{"0":{"loc":{"start":{"line":35,"column":4},"end":{"line":35,"column":null}},"type":"if","locations":[{"start":{"line":35,"column":4},"end":{"line":35,"column":null}},{"start":{},"end":{}}],"line":35},"1":{"loc":{"start":{"line":35,"column":8},"end":{"line":35,"column":25}},"type":"binary-expr","locations":[{"start":{"line":35,"column":8},"end":{"line":35,"column":15}},{"start":{"line":35,"column":15},"end":{"line":35,"column":25}}],"line":35},"2":{"loc":{"start":{"line":39,"column":8},"end":{"line":41,"column":null}},"type":"if","locations":[{"start":{"line":39,"column":8},"end":{"line":41,"column":null}},{"start":{},"end":{}}],"line":39},"3":{"loc":{"start":{"line":48,"column":6},"end":{"line":50,"column":null}},"type":"if","locations":[{"start":{"line":48,"column":6},"end":{"line":50,"column":null}},{"start":{},"end":{}}],"line":48},"4":{"loc":{"start":{"line":48,"column":10},"end":{"line":48,"column":65}},"type":"binary-expr","locations":[{"start":{"line":48,"column":10},"end":{"line":48,"column":27}},{"start":{"line":48,"column":31},"end":{"line":48,"column":65}}],"line":48},"5":{"loc":{"start":{"line":64,"column":6},"end":{"line":64,"column":null}},"type":"if","locations":[{"start":{"line":64,"column":6},"end":{"line":64,"column":null}},{"start":{},"end":{}}],"line":64},"6":{"loc":{"start":{"line":84,"column":6},"end":{"line":84,"column":null}},"type":"if","locations":[{"start":{"line":84,"column":6},"end":{"line":84,"column":null}},{"start":{},"end":{}}],"line":84},"7":{"loc":{"start":{"line":85,"column":6},"end":{"line":85,"column":null}},"type":"if","locations":[{"start":{"line":85,"column":6},"end":{"line":85,"column":null}},{"start":{},"end":{}}],"line":85},"8":{"loc":{"start":{"line":96,"column":6},"end":{"line":96,"column":null}},"type":"if","locations":[{"start":{"line":96,"column":6},"end":{"line":96,"column":null}},{"start":{},"end":{}}],"line":96},"9":{"loc":{"start":{"line":97,"column":6},"end":{"line":97,"column":null}},"type":"if","locations":[{"start":{"line":97,"column":6},"end":{"line":97,"column":null}},{"start":{},"end":{}}],"line":97},"10":{"loc":{"start":{"line":113,"column":6},"end":{"line":113,"column":null}},"type":"if","locations":[{"start":{"line":113,"column":6},"end":{"line":113,"column":null}},{"start":{},"end":{}}],"line":113},"11":{"loc":{"start":{"line":114,"column":6},"end":{"line":114,"column":null}},"type":"if","locations":[{"start":{"line":114,"column":6},"end":{"line":114,"column":null}},{"start":{},"end":{}}],"line":114},"12":{"loc":{"start":{"line":120,"column":6},"end":{"line":122,"column":null}},"type":"if","locations":[{"start":{"line":120,"column":6},"end":{"line":122,"column":null}},{"start":{},"end":{}}],"line":120},"13":{"loc":{"start":{"line":120,"column":10},"end":{"line":120,"column":61}},"type":"binary-expr","locations":[{"start":{"line":120,"column":10},"end":{"line":120,"column":31}},{"start":{"line":120,"column":35},"end":{"line":120,"column":61}}],"line":120}},"s":{"0":26,"1":26,"2":26,"3":26,"4":24,"5":26,"6":25,"7":25,"8":3,"9":7,"10":7,"11":7,"12":0,"13":7,"14":2,"15":5,"16":5,"17":5,"18":5,"19":5,"20":15,"21":15,"22":1,"23":14,"24":14,"25":0,"26":14,"27":14,"28":14,"29":5,"30":3,"31":2,"32":1,"33":1,"34":4,"35":1,"36":3,"37":1,"38":2,"39":2,"40":2,"41":2,"42":4,"43":1,"44":3,"45":1,"46":2,"47":3,"48":2,"49":22,"50":22,"51":22,"52":22,"53":22,"54":22,"55":5,"56":5,"57":5,"58":5,"59":5,"60":5},"f":{"0":26,"1":24,"2":25,"3":7,"4":7,"5":15,"6":5,"7":4,"8":4,"9":3,"10":5},"b":{"0":[3,22],"1":[25,25],"2":[7,0],"3":[2,5],"4":[7,5],"5":[1,14],"6":[3,2],"7":[1,1],"8":[1,3],"9":[1,2],"10":[1,3],"11":[1,2],"12":[2,1],"13":[3,3]},"meta":{"lastBranch":14,"lastFunction":11,"lastStatement":61,"seen":{"f:20:16:20:33":0,"s:25:19:25:Infinity":0,"s:26:26:26:Infinity":1,"s:27:24:27:Infinity":2,"s:29:2:31:Infinity":3,"f:29:12:29:Infinity":1,"s:30:4:30:Infinity":4,"s:33:2:140:Infinity":5,"f:33:12:33:Infinity":2,"s:34:15:34:28":6,"b:35:4:35:Infinity:undefined:undefined:undefined:undefined":0,"s:35:4:35:Infinity":7,"b:35:8:35:15:35:15:35:25":1,"s:35:25:35:Infinity":8,"f:37:13:37:35":3,"s:38:6:44:Infinity":9,"b:39:8:41:Infinity:undefined:undefined:undefined:undefined":2,"s:39:8:41:Infinity":10,"s:40:10:40:Infinity":11,"s:43:8:43:Infinity":12,"f:47:13:47:Infinity":4,"b:48:6:50:Infinity:undefined:undefined:undefined:undefined":3,"s:48:6:50:Infinity":13,"b:48:10:48:27:48:31:48:65":4,"s:49:8:49:Infinity":14,"s:52:24:52:47":15,"s:54:6:54:Infinity":16,"s:55:6:55:Infinity":17,"s:57:6:57:Infinity":18,"s:58:6:58:Infinity":19,"f:61:13:61:31":5,"s:62:6:62:Infinity":20,"b:64:6:64:Infinity:undefined:undefined:undefined:undefined":5,"s:64:6:64:Infinity":21,"s:64:28:64:Infinity":22,"s:66:6:70:Infinity":23,"s:67:8:67:Infinity":24,"s:69:8:69:Infinity":25,"s:72:6:72:Infinity":26,"s:73:6:73:Infinity":27,"s:75:6:80:Infinity":28,"f:83:13:83:31":6,"b:84:6:84:Infinity:undefined:undefined:undefined:undefined":6,"s:84:6:84:Infinity":29,"s:84:29:84:Infinity":30,"b:85:6:85:Infinity:undefined:undefined:undefined:undefined":7,"s:85:6:85:Infinity":31,"s:85:51:85:Infinity":32,"s:87:6:92:Infinity":33,"f:95:13:95:29":7,"b:96:6:96:Infinity:undefined:undefined:undefined:undefined":8,"s:96:6:96:Infinity":34,"s:96:29:96:Infinity":35,"b:97:6:97:Infinity:undefined:undefined:undefined:undefined":9,"s:97:6:97:Infinity":36,"s:97:51:97:Infinity":37,"s:99:6:99:Infinity":38,"s:101:6:106:Infinity":39,"s:108:6:108:Infinity":40,"s:109:6:109:Infinity":41,"f:112:13:112:33":8,"b:113:6:113:Infinity:undefined:undefined:undefined:undefined":10,"s:113:6:113:Infinity":42,"s:113:29:113:Infinity":43,"b:114:6:114:Infinity:undefined:undefined:undefined:undefined":11,"s:114:6:114:Infinity":44,"s:114:51:114:Infinity":45,"s:116:6:116:Infinity":46,"f:119:13:119:28":9,"b:120:6:122:Infinity:undefined:undefined:undefined:undefined":12,"s:120:6:122:Infinity":47,"b:120:10:120:31:120:35:120:61":13,"s:121:8:121:Infinity":48,"s:125:4:125:Infinity":49,"s:126:4:126:Infinity":50,"s:127:4:127:Infinity":51,"s:128:4:128:Infinity":52,"s:129:4:129:Infinity":53,"s:131:4:139:Infinity":54,"f:131:11:131:Infinity":10,"s:132:6:132:Infinity":55,"s:133:6:133:Infinity":56,"s:134:6:134:Infinity":57,"s:135:6:135:Infinity":58,"s:136:6:136:Infinity":59,"s:138:6:138:Infinity":60},"fnNames":{}}}
,"/home/david/repos/ad-web-launcher/web-react/src/interaction/assertions/assertions.ts": {"path":"/home/david/repos/ad-web-launcher/web-react/src/interaction/assertions/assertions.ts","statementMap":{"0":{"start":{"line":4,"column":19},"end":{"line":4,"column":null}},"1":{"start":{"line":6,"column":19},"end":{"line":6,"column":null}},"2":{"start":{"line":7,"column":20},"end":{"line":7,"column":null}},"3":{"start":{"line":10,"column":2},"end":{"line":10,"column":null}},"4":{"start":{"line":13,"column":2},"end":{"line":13,"column":null}},"5":{"start":{"line":17,"column":2},"end":{"line":17,"column":null}},"6":{"start":{"line":27,"column":2},"end":{"line":27,"column":null}},"7":{"start":{"line":27,"column":17},"end":{"line":27,"column":null}},"8":{"start":{"line":30,"column":2},"end":{"line":30,"column":null}},"9":{"start":{"line":30,"column":17},"end":{"line":30,"column":null}}},"fnMap":{"0":{"name":"toAxis","decl":{"start":{"line":9,"column":16},"end":{"line":9,"column":23}},"loc":{"start":{"line":9,"column":44},"end":{"line":11,"column":null}},"line":9},"1":{"name":"toType","decl":{"start":{"line":12,"column":16},"end":{"line":12,"column":23}},"loc":{"start":{"line":12,"column":44},"end":{"line":14,"column":null}},"line":12},"2":{"name":"toOverflowSide","decl":{"start":{"line":16,"column":16},"end":{"line":16,"column":31}},"loc":{"start":{"line":16,"column":63},"end":{"line":18,"column":null}},"line":16},"3":{"name":"assertSliderComputed","decl":{"start":{"line":26,"column":16},"end":{"line":26,"column":37}},"loc":{"start":{"line":26,"column":55},"end":{"line":28,"column":null}},"line":26},"4":{"name":"assertScrollComputed","decl":{"start":{"line":29,"column":16},"end":{"line":29,"column":37}},"loc":{"start":{"line":29,"column":55},"end":{"line":31,"column":null}},"line":29}},"branchMap":{"0":{"loc":{"start":{"line":10,"column":9},"end":{"line":10,"column":null}},"type":"cond-expr","locations":[{"start":{"line":10,"column":50},"end":{"line":10,"column":62}},{"start":{"line":10,"column":62},"end":{"line":10,"column":null}}],"line":10},"1":{"loc":{"start":{"line":10,"column":9},"end":{"line":10,"column":50}},"type":"binary-expr","locations":[{"start":{"line":10,"column":9},"end":{"line":10,"column":22}},{"start":{"line":10,"column":22},"end":{"line":10,"column":50}}],"line":10},"2":{"loc":{"start":{"line":13,"column":9},"end":{"line":13,"column":null}},"type":"cond-expr","locations":[{"start":{"line":13,"column":62},"end":{"line":13,"column":85}},{"start":{"line":13,"column":85},"end":{"line":13,"column":null}}],"line":13},"3":{"loc":{"start":{"line":13,"column":9},"end":{"line":13,"column":62}},"type":"binary-expr","locations":[{"start":{"line":13,"column":9},"end":{"line":13,"column":22}},{"start":{"line":13,"column":22},"end":{"line":13,"column":62}}],"line":13},"4":{"loc":{"start":{"line":17,"column":9},"end":{"line":17,"column":null}},"type":"cond-expr","locations":[{"start":{"line":17,"column":75},"end":{"line":17,"column":101}},{"start":{"line":17,"column":101},"end":{"line":17,"column":null}}],"line":17},"5":{"loc":{"start":{"line":17,"column":9},"end":{"line":17,"column":75}},"type":"binary-expr","locations":[{"start":{"line":17,"column":9},"end":{"line":17,"column":33}},{"start":{"line":17,"column":33},"end":{"line":17,"column":75}}],"line":17},"6":{"loc":{"start":{"line":27,"column":2},"end":{"line":27,"column":null}},"type":"if","locations":[{"start":{"line":27,"column":2},"end":{"line":27,"column":null}},{"start":{},"end":{}}],"line":27},"7":{"loc":{"start":{"line":30,"column":2},"end":{"line":30,"column":null}},"type":"if","locations":[{"start":{"line":30,"column":2},"end":{"line":30,"column":null}},{"start":{},"end":{}}],"line":30}},"s":{"0":18,"1":18,"2":18,"3":167,"4":191,"5":49,"6":9,"7":3,"8":9,"9":3},"f":{"0":167,"1":191,"2":49,"3":9,"4":9},"b":{"0":[42,125],"1":[167,43],"2":[61,130],"3":[191,71],"4":[14,35],"5":[49,15],"6":[3,6],"7":[3,6]},"meta":{"lastBranch":8,"lastFunction":5,"lastStatement":10,"seen":{"s:4:19:4:Infinity":0,"s:6:19:6:Infinity":1,"s:7:20:7:Infinity":2,"f:9:16:9:23":0,"s:10:2:10:Infinity":3,"b:10:50:10:62:10:62:10:Infinity":0,"b:10:9:10:22:10:22:10:50":1,"f:12:16:12:23":1,"s:13:2:13:Infinity":4,"b:13:62:13:85:13:85:13:Infinity":2,"b:13:9:13:22:13:22:13:62":3,"f:16:16:16:31":2,"s:17:2:17:Infinity":5,"b:17:75:17:101:17:101:17:Infinity":4,"b:17:9:17:33:17:33:17:75":5,"f:26:16:26:37":3,"b:27:2:27:Infinity:undefined:undefined:undefined:undefined":6,"s:27:2:27:Infinity":6,"s:27:17:27:Infinity":7,"f:29:16:29:37":4,"b:30:2:30:Infinity:undefined:undefined:undefined:undefined":7,"s:30:2:30:Infinity":8,"s:30:17:30:Infinity":9},"fnNames":{}}}
,"/home/david/repos/ad-web-launcher/web-react/src/interaction/input/buildDesc.ts": {"path":"/home/david/repos/ad-web-launcher/web-react/src/interaction/input/buildDesc.ts","statementMap":{"0":{"start":{"line":21,"column":23},"end":{"line":21,"column":null}},"1":{"start":{"line":22,"column":12},"end":{"line":22,"column":null}},"2":{"start":{"line":23,"column":2},"end":{"line":48,"column":null}},"3":{"start":{"line":25,"column":19},"end":{"line":25,"column":null}},"4":{"start":{"line":26,"column":6},"end":{"line":26,"column":null}},"5":{"start":{"line":26,"column":16},"end":{"line":26,"column":null}},"6":{"start":{"line":27,"column":6},"end":{"line":27,"column":null}},"7":{"start":{"line":30,"column":19},"end":{"line":30,"column":null}},"8":{"start":{"line":31,"column":6},"end":{"line":31,"column":null}},"9":{"start":{"line":31,"column":16},"end":{"line":31,"column":null}},"10":{"start":{"line":32,"column":6},"end":{"line":32,"column":null}},"11":{"start":{"line":35,"column":19},"end":{"line":35,"column":null}},"12":{"start":{"line":36,"column":6},"end":{"line":36,"column":null}},"13":{"start":{"line":36,"column":16},"end":{"line":36,"column":null}},"14":{"start":{"line":37,"column":6},"end":{"line":37,"column":null}},"15":{"start":{"line":40,"column":19},"end":{"line":40,"column":null}},"16":{"start":{"line":41,"column":6},"end":{"line":41,"column":null}},"17":{"start":{"line":41,"column":16},"end":{"line":41,"column":null}},"18":{"start":{"line":42,"column":6},"end":{"line":42,"column":null}},"19":{"start":{"line":45,"column":6},"end":{"line":45,"column":null}},"20":{"start":{"line":47,"column":13},"end":{"line":47,"column":null}},"21":{"start":{"line":54,"column":2},"end":{"line":54,"column":null}},"22":{"start":{"line":54,"column":50},"end":{"line":54,"column":null}},"23":{"start":{"line":55,"column":15},"end":{"line":55,"column":null}},"24":{"start":{"line":56,"column":2},"end":{"line":61,"column":null}},"25":{"start":{"line":64,"column":2},"end":{"line":64,"column":null}},"26":{"start":{"line":64,"column":50},"end":{"line":64,"column":null}},"27":{"start":{"line":65,"column":15},"end":{"line":65,"column":null}},"28":{"start":{"line":66,"column":2},"end":{"line":71,"column":null}},"29":{"start":{"line":74,"column":2},"end":{"line":74,"column":null}},"30":{"start":{"line":74,"column":50},"end":{"line":74,"column":null}},"31":{"start":{"line":75,"column":15},"end":{"line":75,"column":null}},"32":{"start":{"line":76,"column":2},"end":{"line":81,"column":null}},"33":{"start":{"line":84,"column":2},"end":{"line":84,"column":null}},"34":{"start":{"line":84,"column":50},"end":{"line":84,"column":null}},"35":{"start":{"line":85,"column":15},"end":{"line":85,"column":null}},"36":{"start":{"line":86,"column":2},"end":{"line":91,"column":null}},"37":{"start":{"line":86,"column":12},"end":{"line":91,"column":null}},"38":{"start":{"line":92,"column":2},"end":{"line":92,"column":null}},"39":{"start":{"line":96,"column":2},"end":{"line":100,"column":null}},"40":{"start":{"line":107,"column":2},"end":{"line":112,"column":null}},"41":{"start":{"line":116,"column":15},"end":{"line":116,"column":null}},"42":{"start":{"line":117,"column":17},"end":{"line":117,"column":null}},"43":{"start":{"line":118,"column":2},"end":{"line":121,"column":null}},"44":{"start":{"line":125,"column":12},"end":{"line":125,"column":39}},"45":{"start":{"line":126,"column":21},"end":{"line":126,"column":null}},"46":{"start":{"line":127,"column":32},"end":{"line":127,"column":null}},"47":{"start":{"line":128,"column":2},"end":{"line":148,"column":null}},"48":{"start":{"line":130,"column":16},"end":{"line":130,"column":null}},"49":{"start":{"line":131,"column":6},"end":{"line":131,"column":null}},"50":{"start":{"line":134,"column":16},"end":{"line":134,"column":null}},"51":{"start":{"line":135,"column":6},"end":{"line":135,"column":null}},"52":{"start":{"line":139,"column":16},"end":{"line":139,"column":null}},"53":{"start":{"line":140,"column":6},"end":{"line":140,"column":null}},"54":{"start":{"line":144,"column":16},"end":{"line":144,"column":null}},"55":{"start":{"line":145,"column":6},"end":{"line":145,"column":null}},"56":{"start":{"line":147,"column":13},"end":{"line":147,"column":null}},"57":{"start":{"line":156,"column":23},"end":{"line":156,"column":null}},"58":{"start":{"line":157,"column":22},"end":{"line":157,"column":null}},"59":{"start":{"line":158,"column":2},"end":{"line":158,"column":null}},"60":{"start":{"line":161,"column":12},"end":{"line":161,"column":null}},"61":{"start":{"line":162,"column":2},"end":{"line":162,"column":null}},"62":{"start":{"line":165,"column":12},"end":{"line":165,"column":null}},"63":{"start":{"line":166,"column":15},"end":{"line":166,"column":null}},"64":{"start":{"line":167,"column":2},"end":{"line":167,"column":null}},"65":{"start":{"line":170,"column":12},"end":{"line":170,"column":null}},"66":{"start":{"line":171,"column":23},"end":{"line":171,"column":null}},"67":{"start":{"line":172,"column":2},"end":{"line":172,"column":null}},"68":{"start":{"line":178,"column":59},"end":{"line":178,"column":null}},"69":{"start":{"line":181,"column":4},"end":{"line":182,"column":null}},"70":{"start":{"line":184,"column":2},"end":{"line":188,"column":null}},"71":{"start":{"line":191,"column":31},"end":{"line":205,"column":null}}},"fnMap":{"0":{"name":"compileDescriptor","decl":{"start":{"line":20,"column":16},"end":{"line":20,"column":34}},"loc":{"start":{"line":20,"column":92},"end":{"line":49,"column":null}},"line":20},"1":{"name":"buildCarousel","decl":{"start":{"line":53,"column":9},"end":{"line":53,"column":23}},"loc":{"start":{"line":53,"column":52},"end":{"line":62,"column":null}},"line":53},"2":{"name":"buildSlider","decl":{"start":{"line":63,"column":9},"end":{"line":63,"column":21}},"loc":{"start":{"line":63,"column":50},"end":{"line":72,"column":null}},"line":63},"3":{"name":"buildDrag","decl":{"start":{"line":73,"column":9},"end":{"line":73,"column":19}},"loc":{"start":{"line":73,"column":48},"end":{"line":82,"column":null}},"line":73},"4":{"name":"buildScroll","decl":{"start":{"line":83,"column":9},"end":{"line":83,"column":21}},"loc":{"start":{"line":83,"column":50},"end":{"line":93,"column":null}},"line":83},"5":{"name":"buildButton","decl":{"start":{"line":95,"column":9},"end":{"line":95,"column":21}},"loc":{"start":{"line":95,"column":50},"end":{"line":101,"column":null}},"line":95},"6":{"name":"buildBase","decl":{"start":{"line":106,"column":9},"end":{"line":106,"column":19}},"loc":{"start":{"line":106,"column":55},"end":{"line":113,"column":null}},"line":106},"7":{"name":"buildSwipeBase","decl":{"start":{"line":115,"column":9},"end":{"line":115,"column":24}},"loc":{"start":{"line":115,"column":53},"end":{"line":122,"column":null}},"line":115},"8":{"name":"buildLayout","decl":{"start":{"line":124,"column":9},"end":{"line":124,"column":21}},"loc":{"start":{"line":124,"column":50},"end":{"line":149,"column":null}},"line":124},"9":{"name":"buildCarouselData","decl":{"start":{"line":155,"column":9},"end":{"line":155,"column":27}},"loc":{"start":{"line":155,"column":44},"end":{"line":159,"column":null}},"line":155},"10":{"name":"buildSliderData","decl":{"start":{"line":160,"column":9},"end":{"line":160,"column":25}},"loc":{"start":{"line":160,"column":42},"end":{"line":163,"column":null}},"line":160},"11":{"name":"buildDragData","decl":{"start":{"line":164,"column":9},"end":{"line":164,"column":23}},"loc":{"start":{"line":164,"column":40},"end":{"line":168,"column":null}},"line":164},"12":{"name":"buildScrollData","decl":{"start":{"line":169,"column":9},"end":{"line":169,"column":25}},"loc":{"start":{"line":169,"column":42},"end":{"line":173,"column":null}},"line":169},"13":{"name":"buildCapabilities","decl":{"start":{"line":177,"column":9},"end":{"line":177,"column":27}},"loc":{"start":{"line":177,"column":44},"end":{"line":189,"column":null}},"line":177}},"branchMap":{"0":{"loc":{"start":{"line":23,"column":2},"end":{"line":48,"column":null}},"type":"switch","locations":[{"start":{"line":24,"column":4},"end":{"line":28,"column":null}},{"start":{"line":29,"column":4},"end":{"line":33,"column":null}},{"start":{"line":34,"column":4},"end":{"line":38,"column":null}},{"start":{"line":39,"column":4},"end":{"line":43,"column":null}},{"start":{"line":44,"column":4},"end":{"line":46,"column":null}},{"start":{"line":47,"column":4},"end":{"line":47,"column":null}}],"line":23},"1":{"loc":{"start":{"line":26,"column":6},"end":{"line":26,"column":null}},"type":"if","locations":[{"start":{"line":26,"column":6},"end":{"line":26,"column":null}},{"start":{},"end":{}}],"line":26},"2":{"loc":{"start":{"line":31,"column":6},"end":{"line":31,"column":null}},"type":"if","locations":[{"start":{"line":31,"column":6},"end":{"line":31,"column":null}},{"start":{},"end":{}}],"line":31},"3":{"loc":{"start":{"line":36,"column":6},"end":{"line":36,"column":null}},"type":"if","locations":[{"start":{"line":36,"column":6},"end":{"line":36,"column":null}},{"start":{},"end":{}}],"line":36},"4":{"loc":{"start":{"line":41,"column":6},"end":{"line":41,"column":null}},"type":"if","locations":[{"start":{"line":41,"column":6},"end":{"line":41,"column":null}},{"start":{},"end":{}}],"line":41},"5":{"loc":{"start":{"line":54,"column":2},"end":{"line":54,"column":null}},"type":"if","locations":[{"start":{"line":54,"column":2},"end":{"line":54,"column":null}},{"start":{},"end":{}}],"line":54},"6":{"loc":{"start":{"line":54,"column":6},"end":{"line":54,"column":50}},"type":"binary-expr","locations":[{"start":{"line":54,"column":6},"end":{"line":54,"column":20}},{"start":{"line":54,"column":24},"end":{"line":54,"column":50}}],"line":54},"7":{"loc":{"start":{"line":64,"column":2},"end":{"line":64,"column":null}},"type":"if","locations":[{"start":{"line":64,"column":2},"end":{"line":64,"column":null}},{"start":{},"end":{}}],"line":64},"8":{"loc":{"start":{"line":64,"column":6},"end":{"line":64,"column":50}},"type":"binary-expr","locations":[{"start":{"line":64,"column":6},"end":{"line":64,"column":20}},{"start":{"line":64,"column":24},"end":{"line":64,"column":50}}],"line":64},"9":{"loc":{"start":{"line":74,"column":2},"end":{"line":74,"column":null}},"type":"if","locations":[{"start":{"line":74,"column":2},"end":{"line":74,"column":null}},{"start":{},"end":{}}],"line":74},"10":{"loc":{"start":{"line":74,"column":6},"end":{"line":74,"column":50}},"type":"binary-expr","locations":[{"start":{"line":74,"column":6},"end":{"line":74,"column":20}},{"start":{"line":74,"column":24},"end":{"line":74,"column":50}}],"line":74},"11":{"loc":{"start":{"line":84,"column":2},"end":{"line":84,"column":null}},"type":"if","locations":[{"start":{"line":84,"column":2},"end":{"line":84,"column":null}},{"start":{},"end":{}}],"line":84},"12":{"loc":{"start":{"line":84,"column":6},"end":{"line":84,"column":50}},"type":"binary-expr","locations":[{"start":{"line":84,"column":6},"end":{"line":84,"column":20}},{"start":{"line":84,"column":24},"end":{"line":84,"column":50}}],"line":84},"13":{"loc":{"start":{"line":86,"column":2},"end":{"line":91,"column":null}},"type":"if","locations":[{"start":{"line":86,"column":2},"end":{"line":91,"column":null}},{"start":{},"end":{}}],"line":86},"14":{"loc":{"start":{"line":111,"column":14},"end":{"line":111,"column":null}},"type":"binary-expr","locations":[{"start":{"line":111,"column":14},"end":{"line":111,"column":32}},{"start":{"line":111,"column":36},"end":{"line":111,"column":null}}],"line":111},"15":{"loc":{"start":{"line":128,"column":2},"end":{"line":148,"column":null}},"type":"switch","locations":[{"start":{"line":129,"column":4},"end":{"line":132,"column":null}},{"start":{"line":133,"column":4},"end":{"line":136,"column":null}},{"start":{"line":138,"column":4},"end":{"line":141,"column":null}},{"start":{"line":143,"column":4},"end":{"line":146,"column":null}},{"start":{"line":147,"column":4},"end":{"line":147,"column":null}}],"line":128},"16":{"loc":{"start":{"line":158,"column":25},"end":{"line":158,"column":44}},"type":"binary-expr","locations":[{"start":{"line":158,"column":25},"end":{"line":158,"column":41}},{"start":{"line":158,"column":41},"end":{"line":158,"column":44}}],"line":158},"17":{"loc":{"start":{"line":166,"column":15},"end":{"line":166,"column":null}},"type":"cond-expr","locations":[{"start":{"line":166,"column":68},"end":{"line":166,"column":111}},{"start":{"line":166,"column":111},"end":{"line":166,"column":null}}],"line":166},"18":{"loc":{"start":{"line":166,"column":15},"end":{"line":166,"column":68}},"type":"binary-expr","locations":[{"start":{"line":166,"column":15},"end":{"line":166,"column":42}},{"start":{"line":166,"column":42},"end":{"line":166,"column":68}}],"line":166},"19":{"loc":{"start":{"line":171,"column":23},"end":{"line":171,"column":null}},"type":"binary-expr","locations":[{"start":{"line":171,"column":23},"end":{"line":171,"column":44}},{"start":{"line":171,"column":48},"end":{"line":171,"column":null}}],"line":171},"20":{"loc":{"start":{"line":181,"column":4},"end":{"line":182,"column":null}},"type":"binary-expr","locations":[{"start":{"line":181,"column":4},"end":{"line":181,"column":null}},{"start":{"line":182,"column":4},"end":{"line":182,"column":null}}],"line":181}},"s":{"0":5,"1":5,"2":5,"3":1,"4":1,"5":1,"6":0,"7":1,"8":1,"9":1,"10":0,"11":1,"12":1,"13":1,"14":0,"15":1,"16":1,"17":1,"18":0,"19":1,"20":0,"21":4,"22":1,"23":3,"24":3,"25":4,"26":1,"27":3,"28":3,"29":4,"30":2,"31":2,"32":2,"33":4,"34":1,"35":3,"36":3,"37":3,"38":0,"39":1,"40":12,"41":11,"42":11,"43":11,"44":15,"45":15,"46":15,"47":15,"48":4,"49":4,"50":4,"51":4,"52":3,"53":3,"54":4,"55":4,"56":0,"57":4,"58":4,"59":4,"60":4,"61":4,"62":3,"63":3,"64":3,"65":4,"66":4,"67":4,"68":28,"69":28,"70":28,"71":11},"f":{"0":5,"1":4,"2":4,"3":4,"4":4,"5":1,"6":12,"7":11,"8":15,"9":4,"10":4,"11":3,"12":4,"13":28},"b":{"0":[1,1,1,1,1,0],"1":[1,0],"2":[1,0],"3":[1,0],"4":[1,0],"5":[1,3],"6":[4,4],"7":[1,3],"8":[4,4],"9":[2,2],"10":[4,4],"11":[1,3],"12":[4,4],"13":[3,0],"14":[12,12],"15":[4,4,3,4,0],"16":[4,0],"17":[3,0],"18":[3,3],"19":[4,0],"20":[28,2]},"meta":{"lastBranch":21,"lastFunction":14,"lastStatement":72,"seen":{"f:20:16:20:34":0,"s:21:23:21:Infinity":0,"s:22:12:22:Infinity":1,"b:24:4:28:Infinity:29:4:33:Infinity:34:4:38:Infinity:39:4:43:Infinity:44:4:46:Infinity:47:4:47:Infinity":0,"s:23:2:48:Infinity":2,"s:25:19:25:Infinity":3,"b:26:6:26:Infinity:undefined:undefined:undefined:undefined":1,"s:26:6:26:Infinity":4,"s:26:16:26:Infinity":5,"s:27:6:27:Infinity":6,"s:30:19:30:Infinity":7,"b:31:6:31:Infinity:undefined:undefined:undefined:undefined":2,"s:31:6:31:Infinity":8,"s:31:16:31:Infinity":9,"s:32:6:32:Infinity":10,"s:35:19:35:Infinity":11,"b:36:6:36:Infinity:undefined:undefined:undefined:undefined":3,"s:36:6:36:Infinity":12,"s:36:16:36:Infinity":13,"s:37:6:37:Infinity":14,"s:40:19:40:Infinity":15,"b:41:6:41:Infinity:undefined:undefined:undefined:undefined":4,"s:41:6:41:Infinity":16,"s:41:16:41:Infinity":17,"s:42:6:42:Infinity":18,"s:45:6:45:Infinity":19,"s:47:13:47:Infinity":20,"f:53:9:53:23":1,"b:54:2:54:Infinity:undefined:undefined:undefined:undefined":5,"s:54:2:54:Infinity":21,"b:54:6:54:20:54:24:54:50":6,"s:54:50:54:Infinity":22,"s:55:15:55:Infinity":23,"s:56:2:61:Infinity":24,"f:63:9:63:21":2,"b:64:2:64:Infinity:undefined:undefined:undefined:undefined":7,"s:64:2:64:Infinity":25,"b:64:6:64:20:64:24:64:50":8,"s:64:50:64:Infinity":26,"s:65:15:65:Infinity":27,"s:66:2:71:Infinity":28,"f:73:9:73:19":3,"b:74:2:74:Infinity:undefined:undefined:undefined:undefined":9,"s:74:2:74:Infinity":29,"b:74:6:74:20:74:24:74:50":10,"s:74:50:74:Infinity":30,"s:75:15:75:Infinity":31,"s:76:2:81:Infinity":32,"f:83:9:83:21":4,"b:84:2:84:Infinity:undefined:undefined:undefined:undefined":11,"s:84:2:84:Infinity":33,"b:84:6:84:20:84:24:84:50":12,"s:84:50:84:Infinity":34,"s:85:15:85:Infinity":35,"b:86:2:91:Infinity:undefined:undefined:undefined:undefined":13,"s:86:2:91:Infinity":36,"s:86:12:91:Infinity":37,"s:92:2:92:Infinity":38,"f:95:9:95:21":5,"s:96:2:100:Infinity":39,"f:106:9:106:19":6,"s:107:2:112:Infinity":40,"b:111:14:111:32:111:36:111:Infinity":14,"f:115:9:115:24":7,"s:116:15:116:Infinity":41,"s:117:17:117:Infinity":42,"s:118:2:121:Infinity":43,"f:124:9:124:21":8,"s:125:12:125:39":44,"s:126:21:126:Infinity":45,"s:127:32:127:Infinity":46,"b:129:4:132:Infinity:133:4:136:Infinity:138:4:141:Infinity:143:4:146:Infinity:147:4:147:Infinity":15,"s:128:2:148:Infinity":47,"s:130:16:130:Infinity":48,"s:131:6:131:Infinity":49,"s:134:16:134:Infinity":50,"s:135:6:135:Infinity":51,"s:139:16:139:Infinity":52,"s:140:6:140:Infinity":53,"s:144:16:144:Infinity":54,"s:145:6:145:Infinity":55,"s:147:13:147:Infinity":56,"f:155:9:155:27":9,"s:156:23:156:Infinity":57,"s:157:22:157:Infinity":58,"s:158:2:158:Infinity":59,"b:158:25:158:41:158:41:158:44":16,"f:160:9:160:25":10,"s:161:12:161:Infinity":60,"s:162:2:162:Infinity":61,"f:164:9:164:23":11,"s:165:12:165:Infinity":62,"s:166:15:166:Infinity":63,"b:166:68:166:111:166:111:166:Infinity":17,"b:166:15:166:42:166:42:166:68":18,"s:167:2:167:Infinity":64,"f:169:9:169:25":12,"s:170:12:170:Infinity":65,"s:171:23:171:Infinity":66,"b:171:23:171:44:171:48:171:Infinity":19,"s:172:2:172:Infinity":67,"f:177:9:177:27":13,"s:178:59:178:Infinity":68,"s:181:4:182:Infinity":69,"b:181:4:181:Infinity:182:4:182:Infinity":20,"s:184:2:188:Infinity":70,"s:191:31:205:Infinity":71},"fnNames":{}}}
,"/home/david/repos/ad-web-launcher/web-react/src/interaction/input/domMeta.ts": {"path":"/home/david/repos/ad-web-launcher/web-react/src/interaction/input/domMeta.ts","statementMap":{"0":{"start":{"line":9,"column":13},"end":{"line":9,"column":23}},"1":{"start":{"line":10,"column":13},"end":{"line":10,"column":null}},"2":{"start":{"line":12,"column":15},"end":{"line":12,"column":null}},"3":{"start":{"line":13,"column":15},"end":{"line":13,"column":null}},"4":{"start":{"line":15,"column":2},"end":{"line":15,"column":null}},"5":{"start":{"line":15,"column":13},"end":{"line":15,"column":null}},"6":{"start":{"line":16,"column":2},"end":{"line":16,"column":null}},"7":{"start":{"line":16,"column":34},"end":{"line":16,"column":null}},"8":{"start":{"line":18,"column":23},"end":{"line":18,"column":null}},"9":{"start":{"line":20,"column":22},"end":{"line":20,"column":null}},"10":{"start":{"line":21,"column":22},"end":{"line":21,"column":null}},"11":{"start":{"line":22,"column":25},"end":{"line":22,"column":null}},"12":{"start":{"line":24,"column":16},"end":{"line":24,"column":null}},"13":{"start":{"line":25,"column":16},"end":{"line":25,"column":null}},"14":{"start":{"line":26,"column":21},"end":{"line":26,"column":null}},"15":{"start":{"line":27,"column":21},"end":{"line":27,"column":null}},"16":{"start":{"line":28,"column":2},"end":{"line":28,"column":null}},"17":{"start":{"line":32,"column":2},"end":{"line":32,"column":null}},"18":{"start":{"line":32,"column":21},"end":{"line":32,"column":null}},"19":{"start":{"line":34,"column":14},"end":{"line":34,"column":null}},"20":{"start":{"line":35,"column":2},"end":{"line":35,"column":null}}},"fnMap":{"0":{"name":"extractDomMeta","decl":{"start":{"line":8,"column":16},"end":{"line":8,"column":31}},"loc":{"start":{"line":8,"column":46},"end":{"line":29,"column":null}},"line":8},"1":{"name":"parseNumber","decl":{"start":{"line":31,"column":9},"end":{"line":31,"column":21}},"loc":{"start":{"line":31,"column":46},"end":{"line":36,"column":null}},"line":31}},"branchMap":{"0":{"loc":{"start":{"line":10,"column":13},"end":{"line":10,"column":null}},"type":"binary-expr","locations":[{"start":{"line":10,"column":13},"end":{"line":10,"column":18}},{"start":{"line":10,"column":22},"end":{"line":10,"column":null}}],"line":10},"1":{"loc":{"start":{"line":15,"column":2},"end":{"line":15,"column":null}},"type":"if","locations":[{"start":{"line":15,"column":2},"end":{"line":15,"column":null}},{"start":{},"end":{}}],"line":15},"2":{"loc":{"start":{"line":16,"column":2},"end":{"line":16,"column":null}},"type":"if","locations":[{"start":{"line":16,"column":2},"end":{"line":16,"column":null}},{"start":{},"end":{}}],"line":16},"3":{"loc":{"start":{"line":16,"column":6},"end":{"line":16,"column":34}},"type":"binary-expr","locations":[{"start":{"line":16,"column":6},"end":{"line":16,"column":27}},{"start":{"line":16,"column":27},"end":{"line":16,"column":34}}],"line":16},"4":{"loc":{"start":{"line":20,"column":30},"end":{"line":20,"column":null}},"type":"binary-expr","locations":[{"start":{"line":20,"column":30},"end":{"line":20,"column":36}},{"start":{"line":20,"column":36},"end":{"line":20,"column":null}}],"line":20},"5":{"loc":{"start":{"line":21,"column":30},"end":{"line":21,"column":null}},"type":"binary-expr","locations":[{"start":{"line":21,"column":30},"end":{"line":21,"column":36}},{"start":{"line":21,"column":36},"end":{"line":21,"column":44}},{"start":{"line":21,"column":44},"end":{"line":21,"column":null}}],"line":21},"6":{"loc":{"start":{"line":32,"column":2},"end":{"line":32,"column":null}},"type":"if","locations":[{"start":{"line":32,"column":2},"end":{"line":32,"column":null}},{"start":{},"end":{}}],"line":32},"7":{"loc":{"start":{"line":35,"column":9},"end":{"line":35,"column":null}},"type":"cond-expr","locations":[{"start":{"line":35,"column":29},"end":{"line":35,"column":36}},{"start":{"line":35,"column":36},"end":{"line":35,"column":null}}],"line":35}},"s":{"0":162,"1":162,"2":162,"3":162,"4":162,"5":119,"6":43,"7":0,"8":43,"9":43,"10":162,"11":162,"12":162,"13":162,"14":162,"15":162,"16":162,"17":172,"18":134,"19":38,"20":38},"f":{"0":162,"1":172},"b":{"0":[162,119],"1":[119,43],"2":[0,43],"3":[43,39],"4":[43,43],"5":[162,43,39],"6":[134,38],"7":[0,38]},"meta":{"lastBranch":8,"lastFunction":2,"lastStatement":21,"seen":{"f:8:16:8:31":0,"s:9:13:9:23":0,"s:10:13:10:Infinity":1,"b:10:13:10:18:10:22:10:Infinity":0,"s:12:15:12:Infinity":2,"s:13:15:13:Infinity":3,"b:15:2:15:Infinity:undefined:undefined:undefined:undefined":1,"s:15:2:15:Infinity":4,"s:15:13:15:Infinity":5,"b:16:2:16:Infinity:undefined:undefined:undefined:undefined":2,"s:16:2:16:Infinity":6,"b:16:6:16:27:16:27:16:34":3,"s:16:34:16:Infinity":7,"s:18:23:18:Infinity":8,"s:20:22:20:Infinity":9,"b:20:30:20:36:20:36:20:Infinity":4,"s:21:22:21:Infinity":10,"b:21:30:21:36:21:36:21:44:21:44:21:Infinity":5,"s:22:25:22:Infinity":11,"s:24:16:24:Infinity":12,"s:25:16:25:Infinity":13,"s:26:21:26:Infinity":14,"s:27:21:27:Infinity":15,"s:28:2:28:Infinity":16,"f:31:9:31:21":1,"b:32:2:32:Infinity:undefined:undefined:undefined:undefined":6,"s:32:2:32:Infinity":17,"s:32:21:32:Infinity":18,"s:34:14:34:Infinity":19,"s:35:2:35:Infinity":20,"b:35:29:35:36:35:36:35:Infinity":7},"fnNames":{}}}
,"/home/david/repos/ad-web-launcher/web-react/src/interaction/input/domQuery.ts": {"path":"/home/david/repos/ad-web-launcher/web-react/src/interaction/input/domQuery.ts","statementMap":{"0":{"start":{"line":8,"column":24},"end":{"line":69,"column":null}},"1":{"start":{"line":16,"column":21},"end":{"line":16,"column":null}},"2":{"start":{"line":17,"column":4},"end":{"line":25,"column":null}},"3":{"start":{"line":18,"column":6},"end":{"line":18,"column":null}},"4":{"start":{"line":18,"column":40},"end":{"line":18,"column":null}},"5":{"start":{"line":20,"column":23},"end":{"line":20,"column":null}},"6":{"start":{"line":21,"column":6},"end":{"line":21,"column":null}},"7":{"start":{"line":21,"column":21},"end":{"line":21,"column":null}},"8":{"start":{"line":23,"column":19},"end":{"line":23,"column":null}},"9":{"start":{"line":24,"column":6},"end":{"line":24,"column":null}},"10":{"start":{"line":24,"column":16},"end":{"line":24,"column":null}},"11":{"start":{"line":26,"column":4},"end":{"line":26,"column":null}},"12":{"start":{"line":32,"column":21},"end":{"line":32,"column":null}},"13":{"start":{"line":33,"column":4},"end":{"line":44,"column":null}},"14":{"start":{"line":34,"column":6},"end":{"line":34,"column":null}},"15":{"start":{"line":34,"column":40},"end":{"line":34,"column":null}},"16":{"start":{"line":36,"column":23},"end":{"line":36,"column":null}},"17":{"start":{"line":37,"column":6},"end":{"line":37,"column":null}},"18":{"start":{"line":37,"column":21},"end":{"line":37,"column":null}},"19":{"start":{"line":39,"column":6},"end":{"line":39,"column":null}},"20":{"start":{"line":39,"column":67},"end":{"line":39,"column":null}},"21":{"start":{"line":41,"column":19},"end":{"line":41,"column":null}},"22":{"start":{"line":43,"column":6},"end":{"line":43,"column":null}},"23":{"start":{"line":43,"column":42},"end":{"line":43,"column":null}},"24":{"start":{"line":45,"column":4},"end":{"line":45,"column":null}},"25":{"start":{"line":54,"column":21},"end":{"line":54,"column":null}},"26":{"start":{"line":56,"column":4},"end":{"line":58,"column":null}},"27":{"start":{"line":57,"column":6},"end":{"line":57,"column":null}},"28":{"start":{"line":60,"column":17},"end":{"line":60,"column":null}},"29":{"start":{"line":61,"column":18},"end":{"line":61,"column":null}},"30":{"start":{"line":62,"column":18},"end":{"line":62,"column":31}},"31":{"start":{"line":63,"column":17},"end":{"line":63,"column":29}},"32":{"start":{"line":64,"column":23},"end":{"line":64,"column":null}},"33":{"start":{"line":65,"column":4},"end":{"line":67,"column":null}}},"fnMap":{"0":{"name":"findTargetInDom","decl":{"start":{"line":14,"column":2},"end":{"line":14,"column":18}},"loc":{"start":{"line":14,"column":57},"end":{"line":27,"column":null}},"line":14},"1":{"name":"findLaneInDom","decl":{"start":{"line":30,"column":2},"end":{"line":30,"column":16}},"loc":{"start":{"line":30,"column":72},"end":{"line":46,"column":null}},"line":30},"2":{"name":"getElSnapshot","decl":{"start":{"line":52,"column":2},"end":{"line":52,"column":16}},"loc":{"start":{"line":52,"column":54},"end":{"line":68,"column":null}},"line":52}},"branchMap":{"0":{"loc":{"start":{"line":18,"column":6},"end":{"line":18,"column":null}},"type":"if","locations":[{"start":{"line":18,"column":6},"end":{"line":18,"column":null}},{"start":{},"end":{}}],"line":18},"1":{"loc":{"start":{"line":21,"column":6},"end":{"line":21,"column":null}},"type":"if","locations":[{"start":{"line":21,"column":6},"end":{"line":21,"column":null}},{"start":{},"end":{}}],"line":21},"2":{"loc":{"start":{"line":24,"column":6},"end":{"line":24,"column":null}},"ty
[...]
,"/home/david/repos/ad-web-launcher/web-react/src/styleTokens/postCss/resolvers/walkProject.ts": {"path":"/home/david/repos/ad-web-launcher/web-react/src/styleTokens/postCss/resolvers/walkProject.ts","statementMap":{"0":{"start":{"line":11,"column":20},"end":{"line":11,"column":null}},"1":{"start":{"line":12,"column":25},"end":{"line":12,"column":null}},"2":{"start":{"line":14,"column":2},"end":{"line":26,"column":null}},"3":{"start":{"line":15,"column":4},"end":{"line":17,"column":null}},"4":{"start":{"line":16,"column":6},"end":{"line":16,"column":null}},"5":{"start":{"line":18,"column":4},"end":{"line":18,"column":null}},"6":{"start":{"line":20,"column":4},"end":{"line":20,"column":null}},"7":{"start":{"line":22,"column":18},"end":{"line":22,"column":null}},"8":{"start":{"line":23,"column":4},"end":{"line":25,"column":null}},"9":{"start":{"line":24,"column":6},"end":{"line":24,"column":null}},"10":{"start":{"line":28,"column":2},"end":{"line":32,"column":null}}},"fnMap":{"0":{"name":"walkProject","decl":{"start":{"line":7,"column":16},"end":{"line":7,"column":null}},"loc":{"start":{"line":9,"column":17},"end":{"line":33,"column":null}},"line":9},"1":{"name":"(anonymous_1)","decl":{"start":{"line":14,"column":17},"end":{"line":14,"column":null}},"loc":{"start":{"line":14,"column":17},"end":{"line":26,"column":null}},"line":14}},"branchMap":{"0":{"loc":{"start":{"line":15,"column":4},"end":{"line":17,"column":null}},"type":"if","locations":[{"start":{"line":15,"column":4},"end":{"line":17,"column":null}},{"start":{},"end":{}}],"line":15},"1":{"loc":{"start":{"line":23,"column":4},"end":{"line":25,"column":null}},"type":"if","locations":[{"start":{"line":23,"column":4},"end":{"line":25,"column":null}},{"start":{},"end":{}}],"line":23}},"s":{"0":8,"1":8,"2":8,"3":15,"4":3,"5":12,"6":12,"7":12,"8":12,"9":2,"10":8},"f":{"0":8,"1":15},"b":{"0":[3,12],"1":[2,10]},"meta":{"lastBranch":2,"lastFunction":2,"lastStatement":11,"seen":{"f:7:16:7:Infinity":0,"s:11:20:11:Infinity":0,"s:12:25:12:Infinity":1,"s:14:2:26:Infinity":2,"f:14:17:14:Infinity":1,"b:15:4:17:Infinity:undefined:undefined:undefined:undefined":0,"s:15:4:17:Infinity":3,"s:16:6:16:Infinity":4,"s:18:4:18:Infinity":5,"s:20:4:20:Infinity":6,"s:22:18:22:Infinity":7,"b:23:4:25:Infinity:undefined:undefined:undefined:undefined":1,"s:23:4:25:Infinity":8,"s:24:6:24:Infinity":9,"s:28:2:32:Infinity":10},"fnNames":{}}}
,"/home/david/repos/ad-web-launcher/web-react/src/styleTokens/utils/assertions.ts": {"path":"/home/david/repos/ad-web-launcher/web-react/src/styleTokens/utils/assertions.ts","statementMap":{"0":{"start":{"line":15,"column":21},"end":{"line":15,"column":null}},"1":{"start":{"line":16,"column":34},"end":{"line":121,"column":null}},"2":{"start":{"line":20,"column":4},"end":{"line":26,"column":null}},"3":{"start":{"line":21,"column":22},"end":{"line":23,"column":null}},"4":{"start":{"line":22,"column":22},"end":{"line":22,"column":null}},"5":{"start":{"line":25,"column":6},"end":{"line":25,"column":null}},"6":{"start":{"line":28,"column":4},"end":{"line":30,"column":null}},"7":{"start":{"line":29,"column":6},"end":{"line":29,"column":null}},"8":{"start":{"line":32,"column":4},"end":{"line":40,"column":null}},"9":{"start":{"line":39,"column":6},"end":{"line":39,"column":null}},"10":{"start":{"line":42,"column":4},"end":{"line":45,"column":null}},"11":{"start":{"line":44,"column":6},"end":{"line":44,"column":null}},"12":{"start":{"line":47,"column":4},"end":{"line":50,"column":null}},"13":{"start":{"line":49,"column":6},"end":{"line":49,"column":null}},"14":{"start":{"line":56,"column":4},"end":{"line":58,"column":null}},"15":{"start":{"line":57,"column":6},"end":{"line":57,"column":null}},"16":{"start":{"line":60,"column":21},"end":{"line":60,"column":null}},"17":{"start":{"line":62,"column":4},"end":{"line":66,"column":null}},"18":{"start":{"line":64,"column":6},"end":{"line":64,"column":null}},"19":{"start":{"line":68,"column":4},"end":{"line":72,"column":null}},"20":{"start":{"line":69,"column":6},"end":{"line":70,"column":null}},"21":{"start":{"line":74,"column":4},"end":{"line":76,"column":null}},"22":{"start":{"line":75,"column":6},"end":{"line":75,"column":null}},"23":{"start":{"line":78,"column":4},"end":{"line":83,"column":null}},"24":{"start":{"line":82,"column":6},"end":{"line":82,"column":null}},"25":{"start":{"line":87,"column":4},"end":{"line":91,"column":null}},"26":{"start":{"line":88,"column":6},"end":{"line":89,"column":null}},"27":{"start":{"line":95,"column":4},"end":{"line":99,"column":null}},"28":{"start":{"line":96,"column":6},"end":{"line":97,"column":null}},"29":{"start":{"line":103,"column":4},"end":{"line":109,"column":null}},"30":{"start":{"line":104,"column":6},"end":{"line":108,"column":null}},"31":{"start":{"line":105,"column":8},"end":{"line":106,"column":null}},"32":{"start":{"line":113,"column":4},"end":{"line":119,"column":null}},"33":{"start":{"line":114,"column":6},"end":{"line":118,"column":null}},"34":{"start":{"line":115,"column":8},"end":{"line":116,"column":null}}},"fnMap":{"0":{"name":"token","decl":{"start":{"line":19,"column":2},"end":{"line":19,"column":8}},"loc":{"start":{"line":19,"column":30},"end":{"line":51,"column":null}},"line":19},"1":{"name":"(anonymous_1)","decl":{"start":{"line":22,"column":13},"end":{"line":22,"column":22}},"loc":{"start":{"line":22,"column":22},"end":{"line":22,"column":null}},"line":22},"2":{"name":"variable","decl":{"start":{"line":54,"column":2},"end":{"line":54,"column":11}},"loc":{"start":{"line":54,"column":29},"end":{"line":84,"column":null}},"line":54},"3":{"name":"cssVariable","decl":{"start":{"line":86,"column":2},"end":{"line":86,"column":14}},"loc":{"start":{"line":86,"column":19},"end":{"line":92,"column":null}},"line":86},"4":{"name":"hasCssPath","decl":{"start":{"line":94,"column":2},"end":{"line":94,"column":13}},"loc":{"start":{"line":94,"column":18},"end":{"line":100,"column":null}},"line":94},"5":{"name":"groupsHaveCssPath","decl":{"start":{"line":102,"column":2},"end":{"line":102,"column":20}},"loc":{"start":{"line":102,"column":26},"end":{"line":110,"column":null}},"line":102},"6":{"name":"groupsHaveCssData","decl":{"start":{"line":112,"column":2},"end":{"line":112,"column":20}},"loc":{"start":{"line":112,"column":26},"end":{"line":120,"column":null}},"line":112}},"branchMap":{"0":{"loc":{"start":{"line":20,"column":4},"end":{"line":26,"column":null}},"type":"if","locations":[{"start":{"line":20,"column":4},"end":{"line":26,"column":null}},{"start":{},"end":{}}],"line":20},"1":{"loc":{"start":{"line":28,"column":4},"end":{"line":30,"column":null}},"type":"if","locations":[{"start":{"line":28,"column":4},"end":{"line":30,"column":null}},{"start":{},"end":{}}],"line":28},"2":{"loc":{"start":{"line":28,"column":8},"end":{"line":28,"column":70}},"type":"binary-expr","locations":[{"start":{"line":28,"column":8},"end":{"line":28,"column":46}},{"start":{"line":28,"column":46},"end":{"line":28,"column":70}}],"line":28},"3":{"loc":{"start":{"line":32,"column":4},"end":{"line":40,"column":null}},"type":"if","locations":[{"start":{"line":32,"column":4},"end":{"line":40,"column":null}},{"start":{},"end":{}}],"line":32},"4":{"loc":{"start":{"line":33,"column":6},"end":{"line":36,"column":null}},"type":"binary-expr","locations":[{"start":{"line":33,"column":6},"end":{"line":33,"column":null}},{"start":{"line":35,"column":8},"end":{"line":35,"column":null}},{"start":{"line":36,"column":8},"end":{"line":36,"column":null}}],"line":33},"5":{"loc":{"start":{"line":42,"column":4},"end":{"line":45,"column":null}},"type":"if","locations":[{"start":{"line":42,"column":4},"end":{"line":45,"column":null}},{"start":{},"end":{}}],"line":42},"6":{"loc":{"start":{"line":42,"column":8},"end":{"line":43,"column":42}},"type":"binary-expr","locations":[{"start":{"line":42,"column":8},"end":{"line":42,"column":null}},{"start":{"line":43,"column":6},"end":{"line":43,"column":42}}],"line":42},"7":{"loc":{"start":{"line":47,"column":4},"end":{"line":50,"column":null}},"type":"if","locations":[{"start":{"line":47,"column":4},"end":{"line":50,"column":null}},{"start":{},"end":{}}],"line":47},"8":{"loc":{"start":{"line":47,"column":8},"end":{"line":48,"column":38}},"type":"binary-expr","locations":[{"start":{"line":47,"column":8},"end":{"line":47,"column":null}},{"start":{"line":48,"column":6},"end":{"line":48,"column":38}}],"line":47},"9":{"loc":{"start":{"line":56,"column":4},"end":{"line":58,"column":null}},"type":"if","locations":[{"start":{"line":56,"column":4},"end":{"line":58,"column":null}},{"start":{},"end":{}}],"line":56},"10":{"loc":{"start":{"line":56,"column":8},"end":{"line":56,"column":71}},"type":"binary-expr","locations":[{"start":{"line":56,"column":8},"end":{"line":56,"column":35}},{"start":{"line":56,"column":35},"end":{"line":56,"column":51}},{"start":{"line":56,"column":51},"end":{"line":56,"column":71}}],"line":56},"11":{"loc":{"start":{"line":62,"column":4},"end":{"line":66,"column":null}},"type":"if","locations":[{"start":{"line":62,"column":4},"end":{"line":66,"column":null}},{"start":{},"end":{}}],"line":62},"12":{"loc":{"start":{"line":62,"column":8},"end":{"line":63,"column":68}},"type":"binary-expr","locations":[{"start":{"line":62,"column":8},"end":{"line":62,"column":null}},{"start":{"line":63,"column":7},"end":{"line":63,"column":44}},{"start":{"line":63,"column":44},"end":{"line":63,"column":64}}],"line":62},"13":{"loc":{"start":{"line":68,"column":4},"end":{"line":72,"column":null}},"type":"if","locations":[{"start":{"line":68,"column":4},"end":{"line":72,"column":null}},{"start":{},"end":{}}],"line":68},"14":{"loc":{"start":{"line":68,"column":8},"end":{"line":68,"column":76}},"type":"binary-expr","locations":[{"start":{"line":68,"column":8},"end":{"line":68,"column":42}},{"start":{"line":68,"column":42},"end":{"line":68,"column":76}}],"line":68},"15":{"loc":{"start":{"line":74,"column":4},"end":{"line":76,"column":null}},"type":"if","locations":[{"start":{"line":74,"column":4},"end":{"line":76,"column":null}},{"start":{},"end":{}}],"line":74},"16":{"loc":{"start":{"line":74,"column":8},"end":{"line":74,"column":76}},"type":"binary-expr","locations":[{"start":{"line":74,"column":8},"end":{"line":74,"column":42}},{"start":{"line":74,"column":42},"end":{"line":74,"column":76}}],"line":74},"17":{"loc":{"start":{"line":78,"column":4},"end":{"line":83,"column":null}},"type":"if","locations":[{"start":{"line":78,"column":4},"end":{"line":83,"column":null}},{"start":{},"end":{}}],"line":78},"18":{"loc":{"start":{"line":78,"column":8},"end":{"line":81,"column":41}},"type":"binary-expr","locations":[{"start":{"line":78,"column":8},"end":{"line":78,"column":null}},{"start":{"line":79,"column":7},"end":{"line":79,"column":null}},{"start":{"line":80,"column":8},"end":{"line":80,"column":null}},{"start":{"line":81,"column":8},"end":{"line":81,"column":41}}],"line":78},"19":{"loc":{"start":{"line":87,"column":4},"end":{"line":91,"column":null}},"type":"if","locations":[{"start":{"line":87,"column":4},"end":{"line":91,"column":null}},{"start":{},"end":{}}],"line":87},"20":{"loc":{"start":{"line":95,"column":4},"end":{"line":99,"column":null}},"type":"if","locations":[{"start":{"line":95,"column":4},"end":{"line":99,"column":null}},{"start":{},"end":{}}],"line":95},"21":{"loc":{"start":{"line":104,"column":6},"end":{"line":108,"column":null}},"type":"if","locations":[{"start":{"line":104,"column":6},"end":{"line":108,"column":null}},{"start":{},"end":{}}],"line":104},"22":{"loc":{"start":{"line":114,"column":6},"end":{"line":118,"column":null}},"type":"if","locations":[{"start":{"line":114,"column":6},"end":{"line":118,"column":null}},{"start":{},"end":{}}],"line":114}},"s":{"0":7,"1":7,"2":12,"3":1,"4":1,"5":1,"6":11,"7":3,"8":8,"9":1,"10":7,"11":1,"12":6,"13":1,"14":10,"15":2,"16":8,"17":8,"18":1,"19":7,"20":1,"21":6,"22":1,"23":5,"24":1,"25":42,"26":6,"27":26,"28":2,"29":3,"30":4,"31":1,"32":8,"33":10,"34":2},"f":{"0":12,"1":1,"2":10,"3":42,"4":26,"5":3,"6":8},"b":{"0":[1,11],"1":[3,8],"2":[11,10],"3":[1,7],"4":[8,6,6],"5":[1,6],"6":[7,2],"7":[1,5],"8":[6,3],"9":[2,8],"10":[10,9,9],"11":[1,7],"12":[8,2,2],"13":[1,6],"14":[7,2],"15":[1,5],"16":[6,2],"17":[1,4],"18":[5,2,2,2],"19":[6,36],"20":[2,24],"21":[1,3],"22":[2,8]},"meta":{"lastBranch":23,"lastFunction":7,"lastStatement":35,"seen":{"s:15:21:15:Infinity":0,"s:16:34:121:Infinity":1,"f:19:2:19:8":0,"b:20:4:26:Infinity:undefined:undefined:undefined:undefined":0,"s:20:4:26:Infinity":2,"s:21:22:23:Infinity":3,"f:22:13:22:22":1,"s:22:22:22:Infinity":4,"s:25:6:25:Infinity":5,"b:28:4:30:Infinity:undefined:undefined:undefined:undefined":1,"s:28:4:30:Infinity":6,"b:28:8:28:46:28:46:28:70":2,"s:29:6:29:Infinity":7,"b:32:4:40:Infinity:undefined:undefined:undefined:undefined":3,"s:32:4:40:Infinity":8,"b:33:6:33:Infinity:35:8:35:Infinity:36:8:36:Infinity":4,"s:39:6:39:Infinity":9,"b:42:4:45:Infinity:undefined:undefined:undefined:undefined":5,"s:42:4:45:Infinity":10,"b:42:8:42:Infinity:43:6:43:42":6,"s:44:6:44:Infinity":11,"b:47:4:50:Infinity:undefined:undefined:undefined:undefined":7,"s:47:4:50:Infinity":12,"b:47:8:47:Infinity:48:6:48:38":8,"s:49:6:49:Infinity":13,"f:54:2:54:11":2,"b:56:4:58:Infinity:undefined:undefined:undefined:undefined":9,"s:56:4:58:Infinity":14,"b:56:8:56:35:56:35:56:51:56:51:56:71":10,"s:57:6:57:Infinity":15,"s:60:21:60:Infinity":16,"b:62:4:66:Infinity:undefined:undefined:undefined:undefined":11,"s:62:4:66:Infinity":17,"b:62:8:62:Infinity:63:7:63:44:63:44:63:64":12,"s:64:6:64:Infinity":18,"b:68:4:72:Infinity:undefined:undefined:undefined:undefined":13,"s:68:4:72:Infinity":19,"b:68:8:68:42:68:42:68:76":14,"s:69:6:70:Infinity":20,"b:74:4:76:Infinity:undefined:undefined:undefined:undefined":15,"s:74:4:76:Infinity":21,"b:74:8:74:42:74:42:74:76":16,"s:75:6:75:Infinity":22,"b:78:4:83:Infinity:undefined:undefined:undefined:undefined":17,"s:78:4:83:Infinity":23,"b:78:8:78:Infinity:79:7:79:Infinity:80:8:80:Infinity:81:8:81:41":18,"s:82:6:82:Infinity":24,"f:86:2:86:14":3,"b:87:4:91:Infinity:undefined:undefined:undefined:undefined":19,"s:87:4:91:Infinity":25,"s:88:6:89:Infinity":26,"f:94:2:94:13":4,"b:95:4:99:Infinity:undefined:undefined:undefined:undefined":20,"s:95:4:99:Infinity":27,"s:96:6:97:Infinity":28,"f:102:2:102:20":5,"s:103:4:109:Infinity":29,"b:104:6:108:Infinity:undefined:undefined:undefined:undefined":21,"s:104:6:108:Infinity":30,"s:105:8:106:Infinity":31,"f:112:2:112:20":6,"s:113:4:119:Infinity":32,"b:114:6:118:Infinity:undefined:undefined:undefined:undefined":22,"s:114:6:118:Infinity":33,"s:115:8:116:Infinity":34},"fnNames":{}}}
,"/home/david/repos/ad-web-launcher/web-react/src/styleTokens/utils/print.ts": {"path":"/home/david/repos/ad-web-launcher/web-react/src/styleTokens/utils/print.ts","statementMap":{"0":{"start":{"line":12,"column":28},"end":{"line":40,"column":null}},"1":{"start":{"line":15,"column":20},"end":{"line":15,"column":130}},"2":{"start":{"line":16,"column":21},"end":{"line":16,"column":121}},"3":{"start":{"line":17,"column":26},"end":{"line":17,"column":127}},"4":{"start":{"line":20,"column":18},"end":{"line":36,"column":null}},"5":{"start":{"line":21,"column":20},"end":{"line":21,"column":43}},"6":{"start":{"line":23,"column":24},"end":{"line":23,"column":57}},"7":{"start":{"line":25,"column":6},"end":{"line":27,"column":null}},"8":{"start":{"line":26,"column":8},"end":{"line":26,"column":null}},"9":{"start":{"line":29,"column":23},"end":{"line":29,"column":57}},"10":{"start":{"line":31,"column":6},"end":{"line":33,"column":null}},"11":{"start":{"line":32,"column":8},"end":{"line":32,"column":null}},"12":{"start":{"line":35,"column":6},"end":{"line":35,"column":null}},"13":{"start":{"line":38,"column":4},"end":{"line":38,"column":null}}},"fnMap":{"0":{"name":"injecting","decl":{"start":{"line":15,"column":2},"end":{"line":15,"column":12}},"loc":{"start":{"line":15,"column":16},"end":{"line":15,"column":null}},"line":15},"1":{"name":"processing","decl":{"start":{"line":16,"column":2},"end":{"line":16,"column":13}},"loc":{"start":{"line":16,"column":17},"end":{"line":16,"column":null}},"line":16},"2":{"name":"buildingChains","decl":{"start":{"line":17,"column":2},"end":{"line":17,"column":17}},"loc":{"start":{"line":17,"column":22},"end":{"line":17,"column":null}},"line":17},"3":{"name":"resultCascade","decl":{"start":{"line":19,"column":2},"end":{"line":19,"column":16}},"loc":{"start":{"line":19,"column":24},"end":{"line":39,"column":null}},"line":19},"4":{"name":"(anonymous_4)","decl":{"start":{"line":20,"column":48},"end":{"line":20,"column":null}},"loc":{"start":{"line":20,"column":48},"end":{"line":36,"column":null}},"line":20}},"branchMap":{"0":{"loc":{"start":{"line":25,"column":6},"end":{"line":27,"column":null}},"type":"if","locations":[{"start":{"line":25,"column":6},"end":{"line":27,"column":null}},{"start":{},"end":{}}],"line":25},"1":{"loc":{"start":{"line":31,"column":6},"end":{"line":33,"column":null}},"type":"if","locations":[{"start":{"line":31,"column":6},"end":{"line":33,"column":null}},{"start":{},"end":{}}],"line":31}},"s":{"0":2,"1":7,"2":8,"3":7,"4":10,"5":14,"6":14,"7":14,"8":2,"9":12,"10":12,"11":0,"12":12,"13":10},"f":{"0":7,"1":8,"2":7,"3":10,"4":14},"b":{"0":[2,12],"1":[0,12]},"meta":{"lastBranch":2,"lastFunction":5,"lastStatement":14,"seen":{"s:12:28:40:Infinity":0,"f:15:2:15:12":0,"s:15:20:15:130":1,"f:16:2:16:13":1,"s:16:21:16:121":2,"f:17:2:17:17":2,"s:17:26:17:127":3,"f:19:2:19:16":3,"s:20:18:36:Infinity":4,"f:20:48:20:Infinity":4,"s:21:20:21:43":5,"s:23:24:23:57":6,"b:25:6:27:Infinity:undefined:undefined:undefined:undefined":0,"s:25:6:27:Infinity":7,"s:26:8:26:Infinity":8,"s:29:23:29:57":9,"b:31:6:33:Infinity:undefined:undefined:undefined:undefined":1,"s:31:6:33:Infinity":10,"s:32:8:32:Infinity":11,"s:35:6:35:Infinity":12,"s:38:4:38:Infinity":13},"fnNames":{}}}
,"/home/david/repos/ad-web-launcher/web-react/src/styleTokens/utils/string.ts": {"path":"/home/david/repos/ad-web-launcher/web-react/src/styleTokens/utils/string.ts","statementMap":{"0":{"start":{"line":3,"column":2},"end":{"line":7,"column":null}},"1":{"start":{"line":10,"column":19},"end":{"line":10,"column":null}},"2":{"start":{"line":28,"column":22},"end":{"line":51,"column":null}},"3":{"start":{"line":54,"column":2},"end":{"line":54,"column":null}}},"fnMap":{"0":{"name":"formatLogPath","decl":{"start":{"line":2,"column":16},"end":{"line":2,"column":30}},"loc":{"start":{"line":2,"column":42},"end":{"line":8,"column":null}},"line":2},"1":{"name":"paint","decl":{"start":{"line":53,"column":16},"end":{"line":53,"column":22}},"loc":{"start":{"line":53,"column":58},"end":{"line":55,"column":null}},"line":53}},"branchMap":{},"s":{"0":13,"1":6,"2":6,"3":59},"f":{"0":13,"1":59},"b":{},"meta":{"lastBranch":0,"lastFunction":2,"lastStatement":4,"seen":{"f:2:16:2:30":0,"s:3:2:7:Infinity":0,"s:10:19:10:Infinity":1,"s:28:22:51:Infinity":2,"f:53:16:53:22":1,"s:54:2:54:Infinity":3},"fnNames":{}}}
}
